
===============Saturation Functions Diagnostics===============

System:  Black-oil system.
Relative permeability input format: Saturation Family I.
Number of saturation regions: 1

Keyword BGSAT is unhandled


================ Starting main simulation loop ===============



---------------    Simulation step number 0    ---------------
      Current time (days)     0
      Current stepsize (days) 10
      Total time (days)       210



Time step    0 at day 0/210, date = 01-Jan-2015

Time step 0, stepsize 1 days.
    Switching control mode for well INJE1 from SURFACE_RATE to BHP
well converged iter: 2
Time step summary: well its =  2, newton its =  3, linearizations =  4 ( 0.505 sec), linear its =  15 ( 0.143 sec)

Time step 1, stepsize 3 days.
well converged iter: 1
    Switching control mode for well PRODU21 from SURFACE_RATE to BHP
    Switching control mode for well PRODU26 from SURFACE_RATE to BHP
Time step summary: well its =  1, newton its =  4, linearizations =  5 ( 0.624 sec), linear its =  24 ( 0.202 sec)

Time step 2, stepsize 6 days.
well converged iter: 1
    Switching control mode for well PRODU23 from SURFACE_RATE to BHP
Time step summary: well its =  1, newton its =  4, linearizations =  5 ( 0.633 sec), linear its =  27 ( 0.199 sec)
                                                  ===================================================
                                                  :                   Field Totals                  :
                                                  :      PAV  =       3778.73  PSIA                 :
                                                  :      PORV =     452912327   RB                  :
                                                  : Pressure is weighted by hydrocarbon pore voulme :
                                                  : Pore volumes are taken at reference conditions  :
                         :--------------- Oil    STB ---------------:-- Wat    STB --:--------------- Gas   MSCF ---------------:
                         :      Liquid        Vapour        Total   :      Total     :      Free        Dissolved       Total   :
:------------------------:------------------------------------------:----------------:------------------------------------------:
:Currently   in place    :     217179284             0     217179284:    212399861   :        288635     301596352     301884987:
:------------------------:------------------------------------------:----------------:------------------------------------------:
:Originally  in place    :    1368324733             0    1368324733:   1335891930   :             0      10678709      10678709:
:========================:==========================================:================:==========================================:

                                                  ===================================================
                                                  :        FIPNUM report region   1                 :
                                                  :      PAV  =       3778.73  PSIA                 :
                                                  :      PORV =     452912327   RB                  :
                         :--------------- Oil    STB ---------------:-- Wat    STB --:--------------- Gas   MSCF ---------------:
                         :      Liquid        Vapour        Total   :      Total     :      Free        Dissolved       Total   :
:------------------------:------------------------------------------:----------------:------------------------------------------:
:Currently   in place    :     217179284             0     217179284:    212399861   :        288635     301596352     301884987:
:------------------------:------------------------------------------:----------------:------------------------------------------:
:Originally  in place    :     217546248             0     217546248:    212389844   :             0     302387364     302387364:
:========================:==========================================:================:==========================================:

Fully implicit solver took: 0.000000 seconds. Total solver time taken: 2.351011 seconds.

Warning: Keyword 'BASIC' is unhandled for output to file.


---------------    Simulation step number 1    ---------------
      Current time (days)     10
      Current stepsize (days) 10
      Total time (days)       210



Time step    1 at day 10/210, date = 11-Jan-2015

Time step 0, stepsize 10 days.
    Switching control mode for well INJE1 from SURFACE_RATE to BHP
    Switching control mode for well PRODU21 from SURFACE_RATE to BHP
    Switching control mode for well PRODU23 from SURFACE_RATE to BHP
    Switching control mode for well PRODU26 from SURFACE_RATE to BHP
well converged iter: 2
Time step summary: well its =  2, newton its =  4, linearizations =  5 ( 0.621 sec), linear its =  26 ( 0.195 sec)
                                                  ===================================================
                                                  :                   Field Totals                  :
                                                  :      PAV  =        3752.6  PSIA                 :
                                                  :      PORV =     452912327   RB                  :
                                                  : Pressure is weighted by hydrocarbon pore voulme :
                                                  : Pore volumes are taken at reference conditions  :
                         :--------------- Oil    STB ---------------:-- Wat    STB --:--------------- Gas   MSCF ---------------:
                         :      Liquid        Vapour        Total   :      Total     :      Free        Dissolved       Total   :
:------------------------:------------------------------------------:----------------:------------------------------------------:
:Currently   in place    :     216821210             0     216821210:    212406926   :        725909     300673275     301399184:
:------------------------:------------------------------------------:----------------:------------------------------------------:
:Originally  in place    :    1368324733             0    1368324733:   1335891930   :             0      10678709      10678709:
:========================:==========================================:================:==========================================:

                                                  ===================================================
                                                  :        FIPNUM report region   1                 :
                                                  :      PAV  =        3752.6  PSIA                 :
                                                  :      PORV =     452912327   RB                  :
                         :--------------- Oil    STB ---------------:-- Wat    STB --:--------------- Gas   MSCF ---------------:
                         :      Liquid        Vapour        Total   :      Total     :      Free        Dissolved       Total   :
:------------------------:------------------------------------------:----------------:------------------------------------------:
:Currently   in place    :     216821210             0     216821210:    212406926   :        725909     300673275     301399184:
:------------------------:------------------------------------------:----------------:------------------------------------------:
:Originally  in place    :     217546248             0     217546248:    212389844   :             0     302387364     302387364:
:========================:==========================================:================:==========================================:

Fully implicit solver took: 0.000000 seconds. Total solver time taken: 3.186941 seconds.

Warning: Keyword 'BASIC' is unhandled for output to file.


---------------    Simulation step number 2    ---------------
      Current time (days)     20
      Current stepsize (days) 10
      Total time (days)       210



Time step    2 at day 20/210, date = 21-Jan-2015

Time step 0, stepsize 10 days.
    Switching control mode for well INJE1 from SURFACE_RATE to BHP
    Switching control mode for well PRODU21 from SURFACE_RATE to BHP
    Switching control mode for well PRODU23 from SURFACE_RATE to BHP
    Switching control mode for well PRODU26 from SURFACE_RATE to BHP
well converged iter: 2
Time step summary: well its =  2, newton its =  3, linearizations =  4 ( 0.504 sec), linear its =  19 ( 0.142 sec)
                                                  ===================================================
                                                  :                   Field Totals                  :
                                                  :      PAV  =       3729.91  PSIA                 :
                                                  :      PORV =     452912327   RB                  :
                                                  : Pressure is weighted by hydrocarbon pore voulme :
                                                  : Pore volumes are taken at reference conditions  :
                         :--------------- Oil    STB ---------------:-- Wat    STB --:--------------- Gas   MSCF ---------------:
                         :      Liquid        Vapour        Total   :      Total     :      Free        Dissolved       Total   :
:------------------------:------------------------------------------:----------------:------------------------------------------:
:Currently   in place    :     216465272             0     216465272:    212413009   :       1187770     299723509     300911279:
:------------------------:------------------------------------------:----------------:------------------------------------------:
:Originally  in place    :    1368324733             0    1368324733:   1335891930   :             0      10678709      10678709:
:========================:==========================================:================:==========================================:

                                                  ===================================================
                                                  :        FIPNUM report region   1                 :
                                                  :      PAV  =       3729.91  PSIA                 :
                                                  :      PORV =     452912327   RB                  :
                         :--------------- Oil    STB ---------------:-- Wat    STB --:--------------- Gas   MSCF ---------------:
                         :      Liquid        Vapour        Total   :      Total     :      Free        Dissolved       Total   :
:------------------------:------------------------------------------:----------------:------------------------------------------:
:Currently   in place    :     216465272             0     216465272:    212413009   :       1187770     299723509     300911279:
:------------------------:------------------------------------------:----------------:------------------------------------------:
:Originally  in place    :     217546248             0     217546248:    212389844   :             0     302387364     302387364:
:========================:==========================================:================:==========================================:

Fully implicit solver took: 0.000000 seconds. Total solver time taken: 3.850921 seconds.

Warning: Keyword 'BASIC' is unhandled for output to file.


---------------    Simulation step number 3    ---------------
      Current time (days)     30
      Current stepsize (days) 10
      Total time (days)       210



Time step    3 at day 30/210, date = 31-Jan-2015

Time step 0, stepsize 10 days.
    Switching control mode for well INJE1 from SURFACE_RATE to BHP
    Switching control mode for well PRODU21 from SURFACE_RATE to BHP
    Switching control mode for well PRODU23 from SURFACE_RATE to BHP
    Switching control mode for well PRODU26 from SURFACE_RATE to BHP
well converged iter: 2
    Switching control mode for well PRODU9 from SURFACE_RATE to BHP
    Switching control mode for well PRODU9 from BHP to SURFACE_RATE
Time step summary: well its =  2, newton its =  4, linearizations =  5 ( 0.621 sec), linear its =  21 ( 0.181 sec)
                                                  ===================================================
                                                  :                   Field Totals                  :
                                                  :      PAV  =       3709.34  PSIA                 :
                                                  :      PORV =     452912327   RB                  :
                                                  : Pressure is weighted by hydrocarbon pore voulme :
                                                  : Pore volumes are taken at reference conditions  :
                         :--------------- Oil    STB ---------------:-- Wat    STB --:--------------- Gas   MSCF ---------------:
                         :      Liquid        Vapour        Total   :      Total     :      Free        Dissolved       Total   :
:------------------------:------------------------------------------:----------------:------------------------------------------:
:Currently   in place    :     216111556             0     216111556:    212418589   :       1660274     298762717     300422992:
:------------------------:------------------------------------------:----------------:------------------------------------------:
:Originally  in place    :    1368324733             0    1368324733:   1335891930   :             0      10678709      10678709:
:========================:==========================================:================:==========================================:

                                                  ===================================================
                                                  :        FIPNUM report region   1                 :
                                                  :      PAV  =       3709.34  PSIA                 :
                                                  :      PORV =     452912327   RB                  :
                         :--------------- Oil    STB ---------------:-- Wat    STB --:--------------- Gas   MSCF ---------------:
                         :      Liquid        Vapour        Total   :      Total     :      Free        Dissolved       Total   :
:------------------------:------------------------------------------:----------------:------------------------------------------:
:Currently   in place    :     216111556             0     216111556:    212418589   :       1660274     298762717     300422992:
:------------------------:------------------------------------------:----------------:------------------------------------------:
:Originally  in place    :     217546248             0     217546248:    212389844   :             0     302387364     302387364:
:========================:==========================================:================:==========================================:

Fully implicit solver took: 0.000000 seconds. Total solver time taken: 4.672341 seconds.

Warning: Keyword 'BASIC' is unhandled for output to file.


---------------    Simulation step number 4    ---------------
      Current time (days)     40
      Current stepsize (days) 10
      Total time (days)       210



Time step    4 at day 40/210, date = 10-Feb-2015

Time step 0, stepsize 10 days.
    Switching control mode for well INJE1 from SURFACE_RATE to BHP
    Switching control mode for well PRODU21 from SURFACE_RATE to BHP
    Switching control mode for well PRODU23 from SURFACE_RATE to BHP
    Switching control mode for well PRODU26 from SURFACE_RATE to BHP
well converged iter: 2
Time step summary: well its =  2, newton its =  3, linearizations =  4 ( 0.501 sec), linear its =  16 ( 0.137 sec)
                                                  ===================================================
                                                  :                   Field Totals                  :
                                                  :      PAV  =       3690.14  PSIA                 :
                                                  :      PORV =     452912327   RB                  :
                                                  : Pressure is weighted by hydrocarbon pore voulme :
                                                  : Pore volumes are taken at reference conditions  :
                         :--------------- Oil    STB ---------------:-- Wat    STB --:--------------- Gas   MSCF ---------------:
                         :      Liquid        Vapour        Total   :      Total     :      Free        Dissolved       Total   :
:------------------------:------------------------------------------:----------------:------------------------------------------:
:Currently   in place    :     215759921             0     215759921:    212423862   :       2138917     297784581     299923498:
:------------------------:------------------------------------------:----------------:------------------------------------------:
:Originally  in place    :    1368324733             0    1368324733:   1335891930   :             0      10678709      10678709:
:========================:==========================================:================:==========================================:

                                                  ===================================================
                                                  :        FIPNUM report region   1                 :
                                                  :      PAV  =       3690.14  PSIA                 :
                                                  :      PORV =     452912327   RB                  :
                         :--------------- Oil    STB ---------------:-- Wat    STB --:--------------- Gas   MSCF ---------------:
                         :      Liquid        Vapour        Total   :      Total     :      Free        Dissolved       Total   :
:------------------------:------------------------------------------:----------------:------------------------------------------:
:Currently   in place    :     215759921             0     215759921:    212423862   :       2138917     297784581     299923498:
:------------------------:------------------------------------------:----------------:------------------------------------------:
:Originally  in place    :     217546248             0     217546248:    212389844   :             0     302387364     302387364:
:========================:==========================================:================:==========================================:

Fully implicit solver took: 0.000000 seconds. Total solver time taken: 5.328657 seconds.

Warning: Keyword 'BASIC' is unhandled for output to file.


---------------    Simulation step number 5    ---------------
      Current time (days)     50
      Current stepsize (days) 10
      Total time (days)       210



Time step    5 at day 50/210, date = 20-Feb-2015

Time step 0, stepsize 10 days.
    Switching control mode for well INJE1 from SURFACE_RATE to BHP
    Switching control mode for well PRODU21 from SURFACE_RATE to BHP
    Switching control mode for well PRODU23 from SURFACE_RATE to BHP
    Switching control mode for well PRODU26 from SURFACE_RATE to BHP
well converged iter: 2
Time step summary: well its =  2, newton its =  3, linearizations =  4 ( 0.498 sec), linear its =  16 ( 0.139 sec)
                                                  ===================================================
                                                  :                   Field Totals                  :
                                                  :      PAV  =       3671.66  PSIA                 :
                                                  :      PORV =     452912327   RB                  :
                                                  : Pressure is weighted by hydrocarbon pore voulme :
                                                  : Pore volumes are taken at reference conditions  :
                         :--------------- Oil    STB ---------------:-- Wat    STB --:--------------- Gas   MSCF ---------------:
                         :      Liquid        Vapour        Total   :      Total     :      Free        Dissolved       Total   :
:------------------------:------------------------------------------:----------------:------------------------------------------:
:Currently   in place    :     215409385             0     215409385:    212428777   :       2621006     296782084     299403090:
:------------------------:------------------------------------------:----------------:------------------------------------------:
:Originally  in place    :    1368324733             0    1368324733:   1335891930   :             0      10678709      10678709:
:========================:==========================================:================:==========================================:

                                                  ===================================================
                                                  :        FIPNUM report region   1                 :
                                                  :      PAV  =       3671.66  PSIA                 :
                                                  :      PORV =     452912327   RB                  :
                         :--------------- Oil    STB ---------------:-- Wat    STB --:--------------- Gas   MSCF ---------------:
                         :      Liquid        Vapour        Total   :      Total     :      Free        Dissolved       Total   :
:------------------------:------------------------------------------:----------------:------------------------------------------:
:Currently   in place    :     215409385             0     215409385:    212428777   :       2621006     296782084     299403090:
:------------------------:------------------------------------------:----------------:------------------------------------------:
:Originally  in place    :     217546248             0     217546248:    212389844   :             0     302387364     302387364:
:========================:==========================================:================:==========================================:

Fully implicit solver took: 0.000000 seconds. Total solver time taken: 5.983112 seconds.

Warning: Keyword 'BASIC' is unhandled for output to file.


---------------    Simulation step number 6    ---------------
      Current time (days)     60
      Current stepsize (days) 10
      Total time (days)       210



Time step    6 at day 60/210, date = 02-Mar-2015

Time step 0, stepsize 10 days.
    Switching control mode for well INJE1 from SURFACE_RATE to BHP
    Switching control mode for well PRODU21 from SURFACE_RATE to BHP
    Switching control mode for well PRODU23 from SURFACE_RATE to BHP
    Switching control mode for well PRODU26 from SURFACE_RATE to BHP
well converged iter: 2
Time step summary: well its =  2, newton its =  3, linearizations =  4 ( 0.499 sec), linear its =  20 ( 0.146 sec)
                                                  ===================================================
                                                  :                   Field Totals                  :
                                                  :      PAV  =       3653.57  PSIA                 :
                                                  :      PORV =     452912327   RB                  :
                                                  : Pressure is weighted by hydrocarbon pore voulme :
                                                  : Pore volumes are taken at reference conditions  :
                         :--------------- Oil    STB ---------------:-- Wat    STB --:--------------- Gas   MSCF ---------------:
                         :      Liquid        Vapour        Total   :      Total     :      Free        Dissolved       Total   :
:------------------------:------------------------------------------:----------------:------------------------------------------:
:Currently   in place    :     215060171             0     215060171:    212433250   :       3104891     295745725     298850617:
:------------------------:------------------------------------------:----------------:------------------------------------------:
:Originally  in place    :    1368324733             0    1368324733:   1335891930   :             0      10678709      10678709:
:========================:==========================================:================:==========================================:

                                                  ===================================================
                                                  :        FIPNUM report region   1                 :
                                                  :      PAV  =       3653.57  PSIA                 :
                                                  :      PORV =     452912327   RB                  :
                         :--------------- Oil    STB ---------------:-- Wat    STB --:--------------- Gas   MSCF ---------------:
                         :      Liquid        Vapour        Total   :      Total     :      Free        Dissolved       Total   :
:------------------------:------------------------------------------:----------------:------------------------------------------:
:Currently   in place    :     215060171             0     215060171:    212433250   :       3104891     295745725     298850617:
:------------------------:------------------------------------------:----------------:------------------------------------------:
:Originally  in place    :     217546248             0     217546248:    212389844   :             0     302387364     302387364:
:========================:==========================================:================:==========================================:

Fully implicit solver took: 0.000000 seconds. Total solver time taken: 6.645691 seconds.

Warning: Keyword 'BASIC' is unhandled for output to file.


---------------    Simulation step number 7    ---------------
      Current time (days)     70
      Current stepsize (days) 10
      Total time (days)       210



Time step    7 at day 70/210, date = 12-Mar-2015

Time step 0, stepsize 10 days.
    Switching control mode for well INJE1 from SURFACE_RATE to BHP
    Switching control mode for well PRODU21 from SURFACE_RATE to BHP
    Switching control mode for well PRODU23 from SURFACE_RATE to BHP
    Switching control mode for well PRODU26 from SURFACE_RATE to BHP
well converged iter: 2
    Switching control mode for well PRODU9 from SURFACE_RATE to BHP
Time step summary: well its =  2, newton its =  3, linearizations =  4 ( 0.503 sec), linear its =  18 ( 0.141 sec)
                                                  ===================================================
                                                  :                   Field Totals                  :
                                                  :      PAV  =       3635.63  PSIA                 :
                                                  :      PORV =     452912327   RB                  :
                                                  : Pressure is weighted by hydrocarbon pore voulme :
                                                  : Pore volumes are taken at reference conditions  :
                         :--------------- Oil    STB ---------------:-- Wat    STB --:--------------- Gas   MSCF ---------------:
                         :      Liquid        Vapour        Total   :      Total     :      Free        Dissolved       Total   :
:------------------------:------------------------------------------:----------------:------------------------------------------:
:Currently   in place    :     214712306             0     214712306:    212437216   :       3589047     294669794     298258840:
:------------------------:------------------------------------------:----------------:------------------------------------------:
:Originally  in place    :    1368324733             0    1368324733:   1335891930   :             0      10678709      10678709:
:========================:==========================================:================:==========================================:

                                                  ===================================================
                                                  :        FIPNUM report region   1                 :
                                                  :      PAV  =       3635.63  PSIA                 :
                                                  :      PORV =     452912327   RB                  :
                         :--------------- Oil    STB ---------------:-- Wat    STB --:--------------- Gas   MSCF ---------------:
                         :      Liquid        Vapour        Total   :      Total     :      Free        Dissolved       Total   :
:------------------------:------------------------------------------:----------------:------------------------------------------:
:Currently   in place    :     214712306             0     214712306:    212437216   :       3589047     294669794     298258840:
:------------------------:------------------------------------------:----------------:------------------------------------------:
:Originally  in place    :     217546248             0     217546248:    212389844   :             0     302387364     302387364:
:========================:==========================================:================:==========================================:

Fully implicit solver took: 0.000000 seconds. Total solver time taken: 7.306873 seconds.

Warning: Keyword 'BASIC' is unhandled for output to file.


---------------    Simulation step number 8    ---------------
      Current time (days)     80
      Current stepsize (days) 10
      Total time (days)       210



Time step    8 at day 80/210, date = 22-Mar-2015

Time step 0, stepsize 10 days.
    Switching control mode for well INJE1 from SURFACE_RATE to BHP
    Switching control mode for well PRODU21 from SURFACE_RATE to BHP
    Switching control mode for well PRODU23 from SURFACE_RATE to BHP
    Switching control mode for well PRODU26 from SURFACE_RATE to BHP
well converged iter: 2
    Switching control mode for well PRODU9 from SURFACE_RATE to BHP
Time step summary: well its =  2, newton its =  3, linearizations =  4 ( 0.498 sec), linear its =  15 ( 0.133 sec)
                                                  ===================================================
                                                  :                   Field Totals                  :
                                                  :      PAV  =       3617.73  PSIA                 :
                                                  :      PORV =     452912327   RB                  :
                                                  : Pressure is weighted by hydrocarbon pore voulme :
                                                  : Pore volumes are taken at reference conditions  :
                         :--------------- Oil    STB ---------------:-- Wat    STB --:--------------- Gas   MSCF ---------------:
                         :      Liquid        Vapour        Total   :      Total     :      Free        Dissolved       Total   :
:------------------------:------------------------------------------:----------------:------------------------------------------:
:Currently   in place    :     214366231             0     214366231:    212440578   :       4072461     293549822     297622283:
:------------------------:------------------------------------------:----------------:------------------------------------------:
:Originally  in place    :    1368324733             0    1368324733:   1335891930   :             0      10678709      10678709:
:========================:==========================================:================:==========================================:

                                                  ===================================================
                                                  :        FIPNUM report region   1                 :
                                                  :      PAV  =       3617.73  PSIA                 :
                                                  :      PORV =     452912327   RB                  :
                         :--------------- Oil    STB ---------------:-- Wat    STB --:--------------- Gas   MSCF ---------------:
                         :      Liquid        Vapour        Total   :      Total     :      Free        Dissolved       Total   :
:------------------------:------------------------------------------:----------------:------------------------------------------:
:Currently   in place    :     214366231             0     214366231:    212440578   :       4072461     293549822     297622283:
:------------------------:------------------------------------------:----------------:------------------------------------------:
:Originally  in place    :     217546248             0     217546248:    212389844   :             0     302387364     302387364:
:========================:==========================================:================:==========================================:

Fully implicit solver took: 0.000000 seconds. Total solver time taken: 7.956162 seconds.

Warning: Keyword 'BASIC' is unhandled for output to file.


---------------    Simulation step number 9    ---------------
      Current time (days)     90
      Current stepsize (days) 10
      Total time (days)       210



Time step    9 at day 90/210, date = 01-Apr-2015

Time step 0, stepsize 10 days.
    Switching control mode for well INJE1 from SURFACE_RATE to BHP
    Switching control mode for well PRODU9 from SURFACE_RATE to BHP
    Switching control mode for well PRODU21 from SURFACE_RATE to BHP
    Switching control mode for well PRODU23 from SURFACE_RATE to BHP
    Switching control mode for well PRODU26 from SURFACE_RATE to BHP
well converged iter: 2
Time step summary: well its =  2, newton its =  3, linearizations =  4 ( 0.497 sec), linear its =  18 ( 0.139 sec)
                                                  ===================================================
                                                  :                   Field Totals                  :
                                                  :      PAV  =       3599.82  PSIA                 :
                                                  :      PORV =     452912327   RB                  :
                                                  : Pressure is weighted by hydrocarbon pore voulme :
                                                  : Pore volumes are taken at reference conditions  :
                         :--------------- Oil    STB ---------------:-- Wat    STB --:--------------- Gas   MSCF ---------------:
                         :      Liquid        Vapour        Total   :      Total     :      Free        Dissolved       Total   :
:------------------------:------------------------------------------:----------------:------------------------------------------:
:Currently   in place    :     214022039             0     214022039:    212443212   :       4554393     292386080     296940473:
:------------------------:------------------------------------------:----------------:------------------------------------------:
:Originally  in place    :    1368324733             0    1368324733:   1335891930   :             0      10678709      10678709:
:========================:==========================================:================:==========================================:

                                                  ===================================================
                                                  :        FIPNUM report region   1                 :
                                                  :      PAV  =       3599.82  PSIA                 :
                                                  :      PORV =     452912327   RB                  :
                         :--------------- Oil    STB ---------------:-- Wat    STB --:--------------- Gas   MSCF ---------------:
                         :      Liquid        Vapour        Total   :      Total     :      Free        Dissolved       Total   :
:------------------------:------------------------------------------:----------------:------------------------------------------:
:Currently   in place    :     214022039             0     214022039:    212443212   :       4554393     292386080     296940473:
:------------------------:------------------------------------------:----------------:------------------------------------------:
:Originally  in place    :     217546248             0     217546248:    212389844   :             0     302387364     302387364:
:========================:==========================================:================:==========================================:

Fully implicit solver took: 0.000000 seconds. Total solver time taken: 8.610465 seconds.

Warning: Keyword 'BASIC' is unhandled for output to file.


---------------    Simulation step number 10    ---------------
      Current time (days)     100
      Current stepsize (days) 10
      Total time (days)       210



Time step   10 at day 100/210, date = 11-Apr-2015

Time step 0, stepsize 10 days.
    Switching control mode for well INJE1 from SURFACE_RATE to BHP
well converged iter: 2
Time step summary: well its =  2, newton its =  5, linearizations =  6 ( 0.751 sec), linear its =  20 ( 0.214 sec)
                                                  ===================================================
                                                  :                   Field Totals                  :
                                                  :      PAV  =       3593.38  PSIA                 :
                                                  :      PORV =     452912327   RB                  :
                                                  : Pressure is weighted by hydrocarbon pore voulme :
                                                  : Pore volumes are taken at reference conditions  :
                         :--------------- Oil    STB ---------------:-- Wat    STB --:--------------- Gas   MSCF ---------------:
                         :      Liquid        Vapour        Total   :      Total     :      Free        Dissolved       Total   :
:------------------------:------------------------------------------:----------------:------------------------------------------:
:Currently   in place    :     213997047             0     213997047:    212451092   :       4567782     292339464     296907247:
:------------------------:------------------------------------------:----------------:------------------------------------------:
:Originally  in place    :    1368324733             0    1368324733:   1335891930   :             0      10678709      10678709:
:========================:==========================================:================:==========================================:

                                                  ===================================================
                                                  :        FIPNUM report region   1                 :
                                                  :      PAV  =       3593.38  PSIA                 :
                                                  :      PORV =     452912327   RB                  :
                         :--------------- Oil    STB ---------------:-- Wat    STB --:--------------- Gas   MSCF ---------------:
                         :      Liquid        Vapour        Total   :      Total     :      Free        Dissolved       Total   :
:------------------------:------------------------------------------:----------------:------------------------------------------:
:Currently   in place    :     213997047             0     213997047:    212451092   :       4567782     292339464     296907247:
:------------------------:------------------------------------------:----------------:------------------------------------------:
:Originally  in place    :     217546248             0     217546248:    212389844   :             0     302387364     302387364:
:========================:==========================================:================:==========================================:

Fully implicit solver took: 0.000000 seconds. Total solver time taken: 9.596809 seconds.

Warning: Keyword 'BASIC' is unhandled for output to file.


---------------    Simulation step number 11    ---------------
      Current time (days)     110
      Current stepsize (days) 10
      Total time (days)       210



Time step   11 at day 110/210, date = 21-Apr-2015

Time step 0, stepsize 10 days.
    Switching control mode for well INJE1 from SURFACE_RATE to BHP
well converged iter: 2
Time step summary: well its =  2, newton its =  3, linearizations =  4 ( 0.523 sec), linear its =  17 ( 0.147 sec)
                                                  ===================================================
                                                  :                   Field Totals                  :
                                                  :      PAV  =       3588.05  PSIA                 :
                                                  :      PORV =     452912327   RB                  :
                                                  : Pressure is weighted by hydrocarbon pore voulme :
                                                  : Pore volumes are taken at reference conditions  :
                         :--------------- Oil    STB ---------------:-- Wat    STB --:--------------- Gas   MSCF ---------------:
                         :      Liquid        Vapour        Total   :      Total     :      Free        Dissolved       Total   :
:------------------------:------------------------------------------:----------------:------------------------------------------:
:Currently   in place    :     213971939             0     213971939:    212459065   :       4572172     292302595     296874766:
:------------------------:------------------------------------------:----------------:------------------------------------------:
:Originally  in place    :    1368324733             0    1368324733:   1335891930   :             0      10678709      10678709:
:========================:==========================================:================:==========================================:

                                                  ===================================================
                                                  :        FIPNUM report region   1                 :
                                                  :      PAV  =       3588.05  PSIA                 :
                                                  :      PORV =     452912327   RB                  :
                         :--------------- Oil    STB ---------------:-- Wat    STB --:--------------- Gas   MSCF ---------------:
                         :      Liquid        Vapour        Total   :      Total     :      Free        Dissolved       Total   :
:------------------------:------------------------------------------:----------------:------------------------------------------:
:Currently   in place    :     213971939             0     213971939:    212459065   :       4572172     292302595     296874766:
:------------------------:------------------------------------------:----------------:------------------------------------------:
:Originally  in place    :     217546248             0     217546248:    212389844   :             0     302387364     302387364:
:========================:==========================================:================:==========================================:

Fully implicit solver took: 0.000000 seconds. Total solver time taken: 10.285922 seconds.

Warning: Keyword 'BASIC' is unhandled for output to file.


---------------    Simulation step number 12    ---------------
      Current time (days)     120
      Current stepsize (days) 10
      Total time (days)       210



Time step   12 at day 120/210, date = 01-May-2015

Time step 0, stepsize 10 days.
    Switching control mode for well INJE1 from SURFACE_RATE to BHP
well converged iter: 2
Time step summary: well its =  2, newton its =  3, linearizations =  4 ( 0.516 sec), linear its =  15 ( 0.138 sec)
                                                  ===================================================
                                                  :                   Field Totals                  :
                                                  :      PAV  =       3583.55  PSIA                 :
                                                  :      PORV =     452912327   RB                  :
                                                  : Pressure is weighted by hydrocarbon pore voulme :
                                                  : Pore volumes are taken at reference conditions  :
                         :--------------- Oil    STB ---------------:-- Wat    STB --:--------------- Gas   MSCF ---------------:
                         :      Liquid        Vapour        Total   :      Total     :      Free        Dissolved       Total   :
:------------------------:------------------------------------------:----------------:------------------------------------------:
:Currently   in place    :     213946974             0     213946974:    212467238   :       4575464     292267257     296842721:
:------------------------:------------------------------------------:----------------:------------------------------------------:
:Originally  in place    :    1368324733             0    1368324733:   1335891930   :             0      10678709      10678709:
:========================:==========================================:================:==========================================:

                                                  ===================================================
                                                  :        FIPNUM report region   1                 :
                                                  :      PAV  =       3583.55  PSIA                 :
                                                  :      PORV =     452912327   RB                  :
                         :--------------- Oil    STB ---------------:-- Wat    STB --:--------------- Gas   MSCF ---------------:
                         :      Liquid        Vapour        Total   :      Total     :      Free        Dissolved       Total   :
:------------------------:------------------------------------------:----------------:------------------------------------------:
:Currently   in place    :     213946974             0     213946974:    212467238   :       4575464     292267257     296842721:
:------------------------:------------------------------------------:----------------:------------------------------------------:
:Originally  in place    :     217546248             0     217546248:    212389844   :             0     302387364     302387364:
:========================:==========================================:================:==========================================:

Fully implicit solver took: 0.000000 seconds. Total solver time taken: 10.958028 seconds.

Warning: Keyword 'BASIC' is unhandled for output to file.


---------------    Simulation step number 13    ---------------
      Current time (days)     130
      Current stepsize (days) 10
      Total time (days)       210



Time step   13 at day 130/210, date = 11-May-2015

Time step 0, stepsize 10 days.
    Switching control mode for well INJE1 from SURFACE_RATE to BHP
well converged iter: 2
Time step summary: well its =  2, newton its =  3, linearizations =  4 ( 0.515 sec), linear its =  12 ( 0.130 sec)
                                                  ===================================================
                                                  :                   Field Totals                  :
                                                  :      PAV  =       3579.62  PSIA                 :
                                                  :      PORV =     452912327   RB                  :
                                                  : Pressure is weighted by hydrocarbon pore voulme :
                                                  : Pore volumes are taken at reference conditions  :
                         :--------------- Oil    STB ---------------:-- Wat    STB --:--------------- Gas   MSCF ---------------:
                         :      Liquid        Vapour        Total   :      Total     :      Free        Dissolved       Total   :
:------------------------:------------------------------------------:----------------:------------------------------------------:
:Currently   in place    :     213921752             0     213921752:    212475556   :       4579886     292230443     296810329:
:------------------------:------------------------------------------:----------------:------------------------------------------:
:Originally  in place    :    1368324733             0    1368324733:   1335891930   :             0      10678709      10678709:
:========================:==========================================:================:==========================================:

                                                  ===================================================
                                                  :        FIPNUM report region   1                 :
                                                  :      PAV  =       3579.62  PSIA                 :
                                                  :      PORV =     452912327   RB                  :
                         :--------------- Oil    STB ---------------:-- Wat    STB --:--------------- Gas   MSCF ---------------:
                         :      Liquid        Vapour        Total   :      Total     :      Free        Dissolved       Total   :
:------------------------:------------------------------------------:----------------:------------------------------------------:
:Currently   in place    :     213921752             0     213921752:    212475556   :       4579886     292230443     296810329:
:------------------------:------------------------------------------:----------------:------------------------------------------:
:Originally  in place    :     217546248             0     217546248:    212389844   :             0     302387364     302387364:
:========================:==========================================:================:==========================================:

Fully implicit solver took: 0.000000 seconds. Total solver time taken: 11.621220 seconds.

Warning: Keyword 'BASIC' is unhandled for output to file.


---------------    Simulation step number 14    ---------------
      Current time (days)     140
      Current stepsize (days) 10
      Total time (days)       210



Time step   14 at day 140/210, date = 21-May-2015

Time step 0, stepsize 10 days.
    Switching control mode for well INJE1 from SURFACE_RATE to BHP
well converged iter: 2
Time step summary: well its =  2, newton its =  3, linearizations =  4 ( 0.517 sec), linear its =  14 ( 0.138 sec)
                                                  ===================================================
                                                  :                   Field Totals                  :
                                                  :      PAV  =        3576.2  PSIA                 :
                                                  :      PORV =     452912327   RB                  :
                                                  : Pressure is weighted by hydrocarbon pore voulme :
                                                  : Pore volumes are taken at reference conditions  :
                         :--------------- Oil    STB ---------------:-- Wat    STB --:--------------- Gas   MSCF ---------------:
                         :      Liquid        Vapour        Total   :      Total     :      Free        Dissolved       Total   :
:------------------------:------------------------------------------:----------------:------------------------------------------:
:Currently   in place    :     213896725             0     213896725:    212483940   :       4585977     292192170     296778147:
:------------------------:------------------------------------------:----------------:------------------------------------------:
:Originally  in place    :    1368324733             0    1368324733:   1335891930   :             0      10678709      10678709:
:========================:==========================================:================:==========================================:

                                                  ===================================================
                                                  :        FIPNUM report region   1                 :
                                                  :      PAV  =        3576.2  PSIA                 :
                                                  :      PORV =     452912327   RB                  :
                         :--------------- Oil    STB ---------------:-- Wat    STB --:--------------- Gas   MSCF ---------------:
                         :      Liquid        Vapour        Total   :      Total     :      Free        Dissolved       Total   :
:------------------------:------------------------------------------:----------------:------------------------------------------:
:Currently   in place    :     213896725             0     213896725:    212483940   :       4585977     292192170     296778147:
:------------------------:------------------------------------------:----------------:------------------------------------------:
:Originally  in place    :     217546248             0     217546248:    212389844   :             0     302387364     302387364:
:========================:==========================================:================:==========================================:

Fully implicit solver took: 0.000000 seconds. Total solver time taken: 12.295910 seconds.

Warning: Keyword 'BASIC' is unhandled for output to file.


---------------    Simulation step number 15    ---------------
      Current time (days)     150
      Current stepsize (days) 10
      Total time (days)       210



Time step   15 at day 150/210, date = 31-May-2015

Time step 0, stepsize 10 days.
    Switching control mode for well INJE1 from SURFACE_RATE to BHP
well converged iter: 2
Time step summary: well its =  2, newton its =  3, linearizations =  4 ( 0.518 sec), linear its =  12 ( 0.133 sec)
                                                  ===================================================
                                                  :                   Field Totals                  :
                                                  :      PAV  =       3573.19  PSIA                 :
                                                  :      PORV =     452912327   RB                  :
                                                  : Pressure is weighted by hydrocarbon pore voulme :
                                                  : Pore volumes are taken at reference conditions  :
                         :--------------- Oil    STB ---------------:-- Wat    STB --:--------------- Gas   MSCF ---------------:
                         :      Liquid        Vapour        Total   :      Total     :      Free        Dissolved       Total   :
:------------------------:------------------------------------------:----------------:------------------------------------------:
:Currently   in place    :     213871576             0     213871576:    212492421   :       4594590     292151160     296745750:
:------------------------:------------------------------------------:----------------:------------------------------------------:
:Originally  in place    :    1368324733             0    1368324733:   1335891930   :             0      10678709      10678709:
:========================:==========================================:================:==========================================:

                                                  ===================================================
                                                  :        FIPNUM report region   1                 :
                                                  :      PAV  =       3573.19  PSIA                 :
                                                  :      PORV =     452912327   RB                  :
                         :--------------- Oil    STB ---------------:-- Wat    STB --:--------------- Gas   MSCF ---------------:
                         :      Liquid        Vapour        Total   :      Total     :      Free        Dissolved       Total   :
:------------------------:------------------------------------------:----------------:------------------------------------------:
:Currently   in place    :     213871576             0     213871576:    212492421   :       4594590     292151160     296745750:
:------------------------:------------------------------------------:----------------:------------------------------------------:
:Originally  in place    :     217546248             0     217546248:    212389844   :             0     302387364     302387364:
:========================:==========================================:================:==========================================:

Fully implicit solver took: 0.000000 seconds. Total solver time taken: 12.964693 seconds.

Warning: Keyword 'BASIC' is unhandled for output to file.


---------------    Simulation step number 16    ---------------
      Current time (days)     160
      Current stepsize (days) 10
      Total time (days)       210



Time step   16 at day 160/210, date = 10-Jun-2015

Time step 0, stepsize 10 days.
    Switching control mode for well INJE1 from SURFACE_RATE to BHP
    Switching control mode for well PRODU23 from SURFACE_RATE to BHP
    Switching control mode for well PRODU26 from SURFACE_RATE to BHP
well converged iter: 2
    Switching control mode for well PRODU21 from SURFACE_RATE to BHP
Time step summary: well its =  2, newton its =  6, linearizations =  7 ( 0.912 sec), linear its =  16 ( 0.256 sec)
                                                  ===================================================
                                                  :                   Field Totals                  :
                                                  :      PAV  =       3561.57  PSIA                 :
                                                  :      PORV =     452912327   RB                  :
                                                  : Pressure is weighted by hydrocarbon pore voulme :
                                                  : Pore volumes are taken at reference conditions  :
                         :--------------- Oil    STB ---------------:-- Wat    STB --:--------------- Gas   MSCF ---------------:
                         :      Liquid        Vapour        Total   :      Total     :      Free        Dissolved       Total   :
:------------------------:------------------------------------------:----------------:------------------------------------------:
:Currently   in place    :     213521427             0     213521427:    212494866   :       5123203     291147376     296270579:
:------------------------:------------------------------------------:----------------:------------------------------------------:
:Originally  in place    :    1368324733             0    1368324733:   1335891930   :             0      10678709      10678709:
:========================:==========================================:================:==========================================:

                                                  ===================================================
                                                  :        FIPNUM report region   1                 :
                                                  :      PAV  =       3561.57  PSIA                 :
                                                  :      PORV =     452912327   RB                  :
                         :--------------- Oil    STB ---------------:-- Wat    STB --:--------------- Gas   MSCF ---------------:
                         :      Liquid        Vapour        Total   :      Total     :      Free        Dissolved       Total   :
:------------------------:------------------------------------------:----------------:------------------------------------------:
:Currently   in place    :     213521427             0     213521427:    212494866   :       5123203     291147376     296270579:
:------------------------:------------------------------------------:----------------:------------------------------------------:
:Originally  in place    :     217546248             0     217546248:    212389844   :             0     302387364     302387364:
:========================:==========================================:================:==========================================:

Fully implicit solver took: 0.000000 seconds. Total solver time taken: 14.159183 seconds.

Warning: Keyword 'BASIC' is unhandled for output to file.


---------------    Simulation step number 17    ---------------
      Current time (days)     170
      Current stepsize (days) 10
      Total time (days)       210



Time step   17 at day 170/210, date = 20-Jun-2015

Time step 0, stepsize 10 days.
    Switching control mode for well INJE1 from SURFACE_RATE to BHP
    Switching control mode for well PRODU21 from SURFACE_RATE to BHP
    Switching control mode for well PRODU23 from SURFACE_RATE to BHP
    Switching control mode for well PRODU26 from SURFACE_RATE to BHP
well converged iter: 2
    Switching control mode for well PRODU9 from SURFACE_RATE to BHP
Time step summary: well its =  2, newton its =  5, linearizations =  6 ( 0.781 sec), linear its =  19 ( 0.221 sec)
                                                  ===================================================
                                                  :                   Field Totals                  :
                                                  :      PAV  =       3549.68  PSIA                 :
                                                  :      PORV =     452912327   RB                  :
                                                  : Pressure is weighted by hydrocarbon pore voulme :
                                                  : Pore volumes are taken at reference conditions  :
                         :--------------- Oil    STB ---------------:-- Wat    STB --:--------------- Gas   MSCF ---------------:
                         :      Liquid        Vapour        Total   :      Total     :      Free        Dissolved       Total   :
:------------------------:------------------------------------------:----------------:------------------------------------------:
:Currently   in place    :     213175285             0     213175285:    212496525   :       5639338     290097673     295737011:
:------------------------:------------------------------------------:----------------:------------------------------------------:
:Originally  in place    :    1368324733             0    1368324733:   1335891930   :             0      10678709      10678709:
:========================:==========================================:================:==========================================:

                                                  ===================================================
                                                  :        FIPNUM report region   1                 :
                                                  :      PAV  =       3549.68  PSIA                 :
                                                  :      PORV =     452912327   RB                  :
                         :--------------- Oil    STB ---------------:-- Wat    STB --:--------------- Gas   MSCF ---------------:
                         :      Liquid        Vapour        Total   :      Total     :      Free        Dissolved       Total   :
:------------------------:------------------------------------------:----------------:------------------------------------------:
:Currently   in place    :     213175285             0     213175285:    212496525   :       5639338     290097673     295737011:
:------------------------:------------------------------------------:----------------:------------------------------------------:
:Originally  in place    :     217546248             0     217546248:    212389844   :             0     302387364     302387364:
:========================:==========================================:================:==========================================:

Fully implicit solver took: 0.000000 seconds. Total solver time taken: 15.185216 seconds.

Warning: Keyword 'BASIC' is unhandled for output to file.


---------------    Simulation step number 18    ---------------
      Current time (days)     180
      Current stepsize (days) 10
      Total time (days)       210



Time step   18 at day 180/210, date = 30-Jun-2015

Time step 0, stepsize 10 days.
    Switching control mode for well INJE1 from SURFACE_RATE to BHP
    Switching control mode for well PRODU9 from SURFACE_RATE to BHP
    Switching control mode for well PRODU21 from SURFACE_RATE to BHP
    Switching control mode for well PRODU23 from SURFACE_RATE to BHP
    Switching control mode for well PRODU26 from SURFACE_RATE to BHP
well converged iter: 2
    Switching control mode for well PRODU22 from SURFACE_RATE to BHP
Time step summary: well its =  2, newton its =  3, linearizations =  4 ( 0.517 sec), linear its =  15 ( 0.140 sec)
                                                  ===================================================
                                                  :                   Field Totals                  :
                                                  :      PAV  =       3536.49  PSIA                 :
                                                  :      PORV =     452912327   RB                  :
                                                  : Pressure is weighted by hydrocarbon pore voulme :
                                                  : Pore volumes are taken at reference conditions  :
                         :--------------- Oil    STB ---------------:-- Wat    STB --:--------------- Gas   MSCF ---------------:
                         :      Liquid        Vapour        Total   :      Total     :      Free        Dissolved       Total   :
:------------------------:------------------------------------------:----------------:------------------------------------------:
:Currently   in place    :     212833167             0     212833167:    212497317   :       6145558     288949513     295095070:
:------------------------:------------------------------------------:----------------:------------------------------------------:
:Originally  in place    :    1368324733             0    1368324733:   1335891930   :             0      10678709      10678709:
:========================:==========================================:================:==========================================:

                                                  ===================================================
                                                  :        FIPNUM report region   1                 :
                                                  :      PAV  =       3536.49  PSIA                 :
                                                  :      PORV =     452912327   RB                  :
                         :--------------- Oil    STB ---------------:-- Wat    STB --:--------------- Gas   MSCF ---------------:
                         :      Liquid        Vapour        Total   :      Total     :      Free        Dissolved       Total   :
:------------------------:------------------------------------------:----------------:------------------------------------------:
:Currently   in place    :     212833167             0     212833167:    212497317   :       6145558     288949513     295095070:
:------------------------:------------------------------------------:----------------:------------------------------------------:
:Originally  in place    :     217546248             0     217546248:    212389844   :             0     302387364     302387364:
:========================:==========================================:================:==========================================:

Fully implicit solver took: 0.000000 seconds. Total solver time taken: 15.860960 seconds.

Warning: Keyword 'BASIC' is unhandled for output to file.


---------------    Simulation step number 19    ---------------
      Current time (days)     190
      Current stepsize (days) 10
      Total time (days)       210



Time step   19 at day 190/210, date = 10-Jul-2015

Time step 0, stepsize 10 days.
    Switching control mode for well INJE1 from SURFACE_RATE to BHP
    Switching control mode for well PRODU9 from SURFACE_RATE to BHP
    Switching control mode for well PRODU21 from SURFACE_RATE to BHP
    Switching control mode for well PRODU22 from SURFACE_RATE to BHP
    Switching control mode for well PRODU23 from SURFACE_RATE to BHP
    Switching control mode for well PRODU26 from SURFACE_RATE to BHP
well converged iter: 2
    Switching control mode for well PRODU16 from SURFACE_RATE to BHP
Time step summary: well its =  2, newton its =  3, linearizations =  4 ( 0.520 sec), linear its =  14 ( 0.136 sec)
                                                  ===================================================
                                                  :                   Field Totals                  :
                                                  :      PAV  =       3522.11  PSIA                 :
                                                  :      PORV =     452912327   RB                  :
                                                  : Pressure is weighted by hydrocarbon pore voulme :
                                                  : Pore volumes are taken at reference conditions  :
                         :--------------- Oil    STB ---------------:-- Wat    STB --:--------------- Gas   MSCF ---------------:
                         :      Liquid        Vapour        Total   :      Total     :      Free        Dissolved       Total   :
:------------------------:------------------------------------------:----------------:------------------------------------------:
:Currently   in place    :     212495164             0     212495164:    212497149   :       6640836     287718031     294358867:
:------------------------:------------------------------------------:----------------:------------------------------------------:
:Originally  in place    :    1368324733             0    1368324733:   1335891930   :             0      10678709      10678709:
:========================:==========================================:================:==========================================:

                                                  ===================================================
                                                  :        FIPNUM report region   1                 :
                                                  :      PAV  =       3522.11  PSIA                 :
                                                  :      PORV =     452912327   RB                  :
                         :--------------- Oil    STB ---------------:-- Wat    STB --:--------------- Gas   MSCF ---------------:
                         :      Liquid        Vapour        Total   :      Total     :      Free        Dissolved       Total   :
:------------------------:------------------------------------------:----------------:------------------------------------------:
:Currently   in place    :     212495164             0     212495164:    212497149   :       6640836     287718031     294358867:
:------------------------:------------------------------------------:----------------:------------------------------------------:
:Originally  in place    :     217546248             0     217546248:    212389844   :             0     302387364     302387364:
:========================:==========================================:================:==========================================:

Fully implicit solver took: 0.000000 seconds. Total solver time taken: 16.536305 seconds.

Warning: Keyword 'BASIC' is unhandled for output to file.


---------------    Simulation step number 20    ---------------
      Current time (days)     200
      Current stepsize (days) 10
      Total time (days)       210



Time step   20 at day 200/210, date = 20-Jul-2015

Time step 0, stepsize 10 days.
    Switching control mode for well INJE1 from SURFACE_RATE to BHP
    Switching control mode for well PRODU9 from SURFACE_RATE to BHP
    Switching control mode for well PRODU16 from SURFACE_RATE to BHP
    Switching control mode for well PRODU21 from SURFACE_RATE to BHP
    Switching control mode for well PRODU22 from SURFACE_RATE to BHP
    Switching control mode for well PRODU23 from SURFACE_RATE to BHP
    Switching control mode for well PRODU26 from SURFACE_RATE to BHP
well converged iter: 2
Time step summary: well its =  2, newton its =  3, linearizations =  4 ( 0.521 sec), linear its =  15 ( 0.139 sec)
                                                  ===================================================
                                                  :                   Field Totals                  :
                                                  :      PAV  =       3506.83  PSIA                 :
                                                  :      PORV =     452912327   RB                  :
                                                  : Pressure is weighted by hydrocarbon pore voulme :
                                                  : Pore volumes are taken at reference conditions  :
                         :--------------- Oil    STB ---------------:-- Wat    STB --:--------------- Gas   MSCF ---------------:
                         :      Liquid        Vapour        Total   :      Total     :      Free        Dissolved       Total   :
:------------------------:------------------------------------------:----------------:------------------------------------------:
:Currently   in place    :     212161303             0     212161303:    212495913   :       7125137     286425915     293551052:
:------------------------:------------------------------------------:----------------:------------------------------------------:
:Originally  in place    :    1368324733             0    1368324733:   1335891930   :             0      10678709      10678709:
:========================:==========================================:================:==========================================:

                                                  ===================================================
                                                  :        FIPNUM report region   1                 :
                                                  :      PAV  =       3506.83  PSIA                 :
                                                  :      PORV =     452912327   RB                  :
                         :--------------- Oil    STB ---------------:-- Wat    STB --:--------------- Gas   MSCF ---------------:
                         :      Liquid        Vapour        Total   :      Total     :      Free        Dissolved       Total   :
:------------------------:------------------------------------------:----------------:------------------------------------------:
:Currently   in place    :     212161303             0     212161303:    212495913   :       7125137     286425915     293551052:
:------------------------:------------------------------------------:----------------:------------------------------------------:
:Originally  in place    :     217546248             0     217546248:    212389844   :             0     302387364     302387364:
:========================:==========================================:================:==========================================:

Fully implicit solver took: 0.000000 seconds. Total solver time taken: 17.215238 seconds.

Warning: Keyword 'BASIC' is unhandled for output to file.


================    End of simulation     ===============

Total time (seconds):         17.4568
Solver time (seconds):        17.2152
 Assembly time (seconds):     13.0938
 Linear solve time (seconds): 3.68961
 Update time (seconds):       0.167604
 Output write time (seconds): 0.0361089
Overall Well Iterations:      44
Overall Linearizations:       103
Overall Newton Iterations:    80
Overall Linear Iterations:    404



Error summary:
Warnings          21
Info              154
Errors            0
Bugs              0
Debug             0
Problems          0

