


 ########  #          ######   #           #
 #         #         #      #   #         # 
 #####     #         #      #    #   #   #  
 #         #         #      #     # # # #   
 #         #######    ######       #   #    

Flow is a simulator for fully implicit three-phase black-oil flow, and is part of OPM.
For more information visit: https://opm-project.org 

Flow Version  =  2018.10-pre
System        =  opm-deb (Number of cores: 12, RAM: 32178.65 MB) 
Architecture  =  Linux x86_64 (Release: 4.9.0-3-amd64, Version: #1 SMP Debian 4.9.30-2+deb9u2 (2017-06-26) )
Simulation started on 20-06-2018 at 13:12:08 hrs


===============Saturation Functions Diagnostics===============

System:  Black-oil system.
Relative permeability input format: Saturation Family I.
Number of saturation regions: 1



================ Starting main simulation loop ===============


Warning: Keyword 'BRS' is unhandled for output to file.

Warning: Keyword 'BRS' is unhandled for output to file.

Warning: Keyword 'BRS' is unhandled for output to file.

Warning: Keyword 'BRS' is unhandled for output to file.

Warning: Keyword 'BRS' is unhandled for output to file.

Warning: Keyword 'BOSAT' is unhandled for output to file.

Warning: Keyword 'BRS' is unhandled for output to file.
                                                  ===================================================
                                                  :                   Field Totals                  :
                                                  :      PAV  =       3534.98  PSIA                 :
                                                  :      PORV =      25812469   RB                  :
                                                  : Pressure is weighted by hydrocarbon pore volume :
                                                  : Pore volumes are taken at reference conditions  :
                         :--------------- Oil    STB ---------------:-- Wat    STB --:--------------- Gas   MSCF ---------------:
                         :      Liquid        Vapour        Total   :      Total     :      Free        Dissolved       Total   :
:------------------------:------------------------------------------:----------------:------------------------------------------:
:Currently   in place    :             0       3797199       3797199:      5640574   :      22730662             0      22730662:
:------------------------:------------------------------------------:----------------:------------------------------------------:
:Originally  in place    :             0       3797199       3797199:      5640574   :      22730662             0      22730662:
:========================:==========================================:================:==========================================:

                                                  ===================================================
                                                  :        FIPNUM report region   1                 :
                                                  :      PAV  =       3534.98  PSIA                 :
                                                  :      PORV =      25812469   RB                  :
                         :--------------- Oil    STB ---------------:-- Wat    STB --:--------------- Gas   MSCF ---------------:
                         :      Liquid        Vapour        Total   :      Total     :      Free        Dissolved       Total   :
:------------------------:------------------------------------------:----------------:------------------------------------------:
:Currently   in place    :             0       3797199       3797199:      5640574   :      22730662             0      22730662:
:------------------------:------------------------------------------:----------------:------------------------------------------:
:Originally  in place    :             0       3797199       3797199:      5640574   :      22730662             0      22730662:
:========================:==========================================:================:==========================================:


Report step  0/175 at day 0/5475, date = 01-Jan-2015

Time step 0, stepsize 1 days.
