


 ########  #          ######   #           #
 #         #         #      #   #         # 
 #####     #         #      #    #   #   #  
 #         #         #      #     # # # #   
 #         #######    ######       #   #    

Flow is a simulator for fully implicit three-phase black-oil flow, and is part of OPM.
For more information visit: https://opm-project.org 

Flow Version  =  2018.10-pre
System        =  opm-deb (Number of cores: 12, RAM: 32178.65 MB) 
Architecture  =  Linux x86_64 (Release: 4.9.0-3-amd64, Version: #1 SMP Debian 4.9.30-2+deb9u2 (2017-06-26) )
Simulation started on 19-06-2018 at 13:28:15 hrs


===============Saturation Functions Diagnostics===============

System:  Black-oil system.
Relative permeability input format: Saturation Family I.
Number of saturation regions: 1



================ Starting main simulation loop ===============

                                                  ===================================================
                                                  :                   Field Totals                  :
                                                  :      PAV  =       3822.01  PSIA                 :
                                                  :      PORV =     453453204   RB                  :
                                                  : Pressure is weighted by hydrocarbon pore volume :
                                                  : Pore volumes are taken at reference conditions  :
                         :--------------- Oil    STB ---------------:-- Wat    STB --:--------------- Gas   MSCF ---------------:
                         :      Liquid        Vapour        Total   :      Total     :      Free        Dissolved       Total   :
:------------------------:------------------------------------------:----------------:------------------------------------------:
:Currently   in place    :     217546248             0     217546248:    212389844   :             0     302387364     302387364:
:------------------------:------------------------------------------:----------------:------------------------------------------:
:Originally  in place    :     217546248             0     217546248:    212389844   :             0     302387364     302387364:
:========================:==========================================:================:==========================================:

                                                  ===================================================
                                                  :        FIPNUM report region   1                 :
                                                  :      PAV  =       3822.01  PSIA                 :
                                                  :      PORV =     453453204   RB                  :
                         :--------------- Oil    STB ---------------:-- Wat    STB --:--------------- Gas   MSCF ---------------:
                         :      Liquid        Vapour        Total   :      Total     :      Free        Dissolved       Total   :
:------------------------:------------------------------------------:----------------:------------------------------------------:
:Currently   in place    :     217546248             0     217546248:    212389844   :             0     302387364     302387364:
:------------------------:------------------------------------------:----------------:------------------------------------------:
:Originally  in place    :     217546248             0     217546248:    212389844   :             0     302387364     302387364:
:========================:==========================================:================:==========================================:


Report step  0/21 at day 0/210, date = 01-Jan-2015

Time step 0, stepsize 1 days.
    Switching control mode for well INJE1 from SURFACE_RATE to BHP
Time step summary: well its =  1, newton its =  3, linearizations =  4 ( 0.275 sec), linear its =  18 ( 0.105 sec)

Time step 1, stepsize 3 days.
    Switching control mode for well PRODU21 from SURFACE_RATE to BHP
    Switching control mode for well PRODU26 from SURFACE_RATE to BHP
Time step summary: well its =  1, newton its =  3, linearizations =  4 ( 0.261 sec), linear its =  23 ( 0.121 sec)

Time step 2, stepsize 6 days.
    Switching control mode for well PRODU23 from SURFACE_RATE to BHP
Time step summary: well its =  1, newton its =  3, linearizations =  4 ( 0.254 sec), linear its =  22 ( 0.114 sec)

                              **************************************************************************
  Balance  at        10  Days *                         SPE 9                                          *
  Report    1    11 Jan 2015  *                                             Flow  version 2018.10-pre  *
                              **************************************************************************


Warning: Keyword 'BASIC' is unhandled for output to file.
                                                  ===================================================
                                                  :                   Field Totals                  :
                                                  :      PAV  =        3778.8  PSIA                 :
                                                  :      PORV =     453391512   RB                  :
                                                  : Pressure is weighted by hydrocarbon pore volume :
                                                  : Pore volumes are taken at reference conditions  :
                         :--------------- Oil    STB ---------------:-- Wat    STB --:--------------- Gas   MSCF ---------------:
                         :      Liquid        Vapour        Total   :      Total     :      Free        Dissolved       Total   :
:------------------------:------------------------------------------:----------------:------------------------------------------:
:Currently   in place    :     217179003             0     217179003:    212399847   :        288865     301596293     301885157:
:------------------------:------------------------------------------:----------------:------------------------------------------:
:Originally  in place    :     217546248             0     217546248:    212389844   :             0     302387364     302387364:
:========================:==========================================:================:==========================================:

                                                  ===================================================
                                                  :        FIPNUM report region   1                 :
                                                  :      PAV  =        3778.8  PSIA                 :
                                                  :      PORV =     453391512   RB                  :
                         :--------------- Oil    STB ---------------:-- Wat    STB --:--------------- Gas   MSCF ---------------:
                         :      Liquid        Vapour        Total   :      Total     :      Free        Dissolved       Total   :
:------------------------:------------------------------------------:----------------:------------------------------------------:
:Currently   in place    :     217179003             0     217179003:    212399847   :        288865     301596293     301885157:
:------------------------:------------------------------------------:----------------:------------------------------------------:
:Originally  in place    :     217546248             0     217546248:    212389844   :             0     302387364     302387364:
:========================:==========================================:================:==========================================:


Report step  1/21 at day 10/210, date = 11-Jan-2015

Time step 0, stepsize 10 days.
    Switching control mode for well INJE1 from SURFACE_RATE to BHP
    Switching control mode for well PRODU21 from SURFACE_RATE to BHP
    Switching control mode for well PRODU23 from SURFACE_RATE to BHP
    Switching control mode for well PRODU26 from SURFACE_RATE to BHP
Time step summary: well its =  2, newton its =  4, linearizations =  5 ( 0.331 sec), linear its =  24 ( 0.138 sec)

                              **************************************************************************
  Balance  at        20  Days *                         SPE 9                                          *
  Report    2    21 Jan 2015  *                                             Flow  version 2018.10-pre  *
                              **************************************************************************


Warning: Keyword 'BASIC' is unhandled for output to file.
                                                  ===================================================
                                                  :                   Field Totals                  :
                                                  :      PAV  =        3752.7  PSIA                 :
                                                  :      PORV =     453347760   RB                  :
                                                  : Pressure is weighted by hydrocarbon pore volume :
                                                  : Pore volumes are taken at reference conditions  :
                         :--------------- Oil    STB ---------------:-- Wat    STB --:--------------- Gas   MSCF ---------------:
                         :      Liquid        Vapour        Total   :      Total     :      Free        Dissolved       Total   :
:------------------------:------------------------------------------:----------------:------------------------------------------:
:Currently   in place    :     216821084             0     216821084:    212406957   :        726059     300673445     301399504:
:------------------------:------------------------------------------:----------------:------------------------------------------:
:Originally  in place    :     217546248             0     217546248:    212389844   :             0     302387364     302387364:
:========================:==========================================:================:==========================================:

                                                  ===================================================
                                                  :        FIPNUM report region   1                 :
                                                  :      PAV  =        3752.7  PSIA                 :
                                                  :      PORV =     453347760   RB                  :
                         :--------------- Oil    STB ---------------:-- Wat    STB --:--------------- Gas   MSCF ---------------:
                         :      Liquid        Vapour        Total   :      Total     :      Free        Dissolved       Total   :
:------------------------:------------------------------------------:----------------:------------------------------------------:
:Currently   in place    :     216821084             0     216821084:    212406957   :        726059     300673445     301399504:
:------------------------:------------------------------------------:----------------:------------------------------------------:
:Originally  in place    :     217546248             0     217546248:    212389844   :             0     302387364     302387364:
:========================:==========================================:================:==========================================:


Report step  2/21 at day 20/210, date = 21-Jan-2015

Time step 0, stepsize 10 days.
    Switching control mode for well INJE1 from SURFACE_RATE to BHP
    Switching control mode for well PRODU21 from SURFACE_RATE to BHP
    Switching control mode for well PRODU23 from SURFACE_RATE to BHP
    Switching control mode for well PRODU26 from SURFACE_RATE to BHP
Time step summary: well its =  2, newton its =  3, linearizations =  4 ( 0.270 sec), linear its =  20 ( 0.115 sec)

                              **************************************************************************
  Balance  at        30  Days *                         SPE 9                                          *
  Report    3    31 Jan 2015  *                                             Flow  version 2018.10-pre  *
                              **************************************************************************


Warning: Keyword 'BASIC' is unhandled for output to file.
                                                  ===================================================
                                                  :                   Field Totals                  :
                                                  :      PAV  =       3730.07  PSIA                 :
                                                  :      PORV =     453308439   RB                  :
                                                  : Pressure is weighted by hydrocarbon pore volume :
                                                  : Pore volumes are taken at reference conditions  :
                         :--------------- Oil    STB ---------------:-- Wat    STB --:--------------- Gas   MSCF ---------------:
                         :      Liquid        Vapour        Total   :      Total     :      Free        Dissolved       Total   :
:------------------------:------------------------------------------:----------------:------------------------------------------:
:Currently   in place    :     216465304             0     216465304:    212413223   :       1187532     299724983     300912515:
:------------------------:------------------------------------------:----------------:------------------------------------------:
:Originally  in place    :     217546248             0     217546248:    212389844   :             0     302387364     302387364:
:========================:==========================================:================:==========================================:

                                                  ===================================================
                                                  :        FIPNUM report region   1                 :
                                                  :      PAV  =       3730.07  PSIA                 :
                                                  :      PORV =     453308439   RB                  :
                         :--------------- Oil    STB ---------------:-- Wat    STB --:--------------- Gas   MSCF ---------------:
                         :      Liquid        Vapour        Total   :      Total     :      Free        Dissolved       Total   :
:------------------------:------------------------------------------:----------------:------------------------------------------:
:Currently   in place    :     216465304             0     216465304:    212413223   :       1187532     299724983     300912515:
:------------------------:------------------------------------------:----------------:------------------------------------------:
:Originally  in place    :     217546248             0     217546248:    212389844   :             0     302387364     302387364:
:========================:==========================================:================:==========================================:


Report step  3/21 at day 30/210, date = 31-Jan-2015

Time step 0, stepsize 10 days.
    Switching control mode for well INJE1 from SURFACE_RATE to BHP
    Switching control mode for well PRODU21 from SURFACE_RATE to BHP
    Switching control mode for well PRODU23 from SURFACE_RATE to BHP
    Switching control mode for well PRODU26 from SURFACE_RATE to BHP
    Switching control mode for well PRODU9 from SURFACE_RATE to BHP
    Switching control mode for well PRODU9 from BHP to SURFACE_RATE
Time step summary: well its =  2, newton its =  4, linearizations =  5 ( 0.357 sec), linear its =  22 ( 0.143 sec)

                              **************************************************************************
  Balance  at        40  Days *                         SPE 9                                          *
  Report    4    10 Feb 2015  *                                             Flow  version 2018.10-pre  *
                              **************************************************************************


Warning: Keyword 'BASIC' is unhandled for output to file.
                                                  ===================================================
                                                  :                   Field Totals                  :
                                                  :      PAV  =       3709.53  PSIA                 :
                                                  :      PORV =     453272203   RB                  :
                                                  : Pressure is weighted by hydrocarbon pore volume :
                                                  : Pore volumes are taken at reference conditions  :
                         :--------------- Oil    STB ---------------:-- Wat    STB --:--------------- Gas   MSCF ---------------:
                         :      Liquid        Vapour        Total   :      Total     :      Free        Dissolved       Total   :
:------------------------:------------------------------------------:----------------:------------------------------------------:
:Currently   in place    :     216111574             0     216111574:    212418880   :       1660254     298763932     300424186:
:------------------------:------------------------------------------:----------------:------------------------------------------:
:Originally  in place    :     217546248             0     217546248:    212389844   :             0     302387364     302387364:
:========================:==========================================:================:==========================================:

                                                  ===================================================
                                                  :        FIPNUM report region   1                 :
                                                  :      PAV  =       3709.53  PSIA                 :
                                                  :      PORV =     453272203   RB                  :
                         :--------------- Oil    STB ---------------:-- Wat    STB --:--------------- Gas   MSCF ---------------:
                         :      Liquid        Vapour        Total   :      Total     :      Free        Dissolved       Total   :
:------------------------:------------------------------------------:----------------:------------------------------------------:
:Currently   in place    :     216111574             0     216111574:    212418880   :       1660254     298763932     300424186:
:------------------------:------------------------------------------:----------------:------------------------------------------:
:Originally  in place    :     217546248             0     217546248:    212389844   :             0     302387364     302387364:
:========================:==========================================:================:==========================================:


Report step  4/21 at day 40/210, date = 10-Feb-2015

Time step 0, stepsize 10 days.
    Switching control mode for well INJE1 from SURFACE_RATE to BHP
    Switching control mode for well PRODU21 from SURFACE_RATE to BHP
    Switching control mode for well PRODU23 from SURFACE_RATE to BHP
    Switching control mode for well PRODU26 from SURFACE_RATE to BHP
Time step summary: well its =  2, newton its =  3, linearizations =  4 ( 0.271 sec), linear its =  16 ( 0.101 sec)

                              **************************************************************************
  Balance  at        50  Days *                         SPE 9                                          *
  Report    5    20 Feb 2015  *                                             Flow  version 2018.10-pre  *
                              **************************************************************************


Warning: Keyword 'BASIC' is unhandled for output to file.
                                                  ===================================================
                                                  :                   Field Totals                  :
                                                  :      PAV  =       3690.26  PSIA                 :
                                                  :      PORV =     453238060   RB                  :
                                                  : Pressure is weighted by hydrocarbon pore volume :
                                                  : Pore volumes are taken at reference conditions  :
                         :--------------- Oil    STB ---------------:-- Wat    STB --:--------------- Gas   MSCF ---------------:
                         :      Liquid        Vapour        Total   :      Total     :      Free        Dissolved       Total   :
:------------------------:------------------------------------------:----------------:------------------------------------------:
:Currently   in place    :     215759214             0     215759214:    212424150   :       2139548     297784271     299923819:
:------------------------:------------------------------------------:----------------:------------------------------------------:
:Originally  in place    :     217546248             0     217546248:    212389844   :             0     302387364     302387364:
:========================:==========================================:================:==========================================:

                                                  ===================================================
                                                  :        FIPNUM report region   1                 :
                                                  :      PAV  =       3690.26  PSIA                 :
                                                  :      PORV =     453238060   RB                  :
                         :--------------- Oil    STB ---------------:-- Wat    STB --:--------------- Gas   MSCF ---------------:
                         :      Liquid        Vapour        Total   :      Total     :      Free        Dissolved       Total   :
:------------------------:------------------------------------------:----------------:------------------------------------------:
:Currently   in place    :     215759214             0     215759214:    212424150   :       2139548     297784271     299923819:
:------------------------:------------------------------------------:----------------:------------------------------------------:
:Originally  in place    :     217546248             0     217546248:    212389844   :             0     302387364     302387364:
:========================:==========================================:================:==========================================:


Report step  5/21 at day 50/210, date = 20-Feb-2015

Time step 0, stepsize 10 days.
    Switching control mode for well INJE1 from SURFACE_RATE to BHP
    Switching control mode for well PRODU21 from SURFACE_RATE to BHP
    Switching control mode for well PRODU23 from SURFACE_RATE to BHP
    Switching control mode for well PRODU26 from SURFACE_RATE to BHP
Time step summary: well its =  2, newton its =  3, linearizations =  4 ( 0.272 sec), linear its =  15 ( 0.095 sec)

                              **************************************************************************
  Balance  at        60  Days *                         SPE 9                                          *
  Report    6    02 Mar 2015  *                                             Flow  version 2018.10-pre  *
                              **************************************************************************


Warning: Keyword 'BASIC' is unhandled for output to file.
                                                  ===================================================
                                                  :                   Field Totals                  :
                                                  :      PAV  =       3671.87  PSIA                 :
                                                  :      PORV =     453205577   RB                  :
                                                  : Pressure is weighted by hydrocarbon pore volume :
                                                  : Pore volumes are taken at reference conditions  :
                         :--------------- Oil    STB ---------------:-- Wat    STB --:--------------- Gas   MSCF ---------------:
                         :      Liquid        Vapour        Total   :      Total     :      Free        Dissolved       Total   :
:------------------------:------------------------------------------:----------------:------------------------------------------:
:Currently   in place    :     215409304             0     215409304:    212429189   :       2620917     296783428     299404344:
:------------------------:------------------------------------------:----------------:------------------------------------------:
:Originally  in place    :     217546248             0     217546248:    212389844   :             0     302387364     302387364:
:========================:==========================================:================:==========================================:

                                                  ===================================================
                                                  :        FIPNUM report region   1                 :
                                                  :      PAV  =       3671.87  PSIA                 :
                                                  :      PORV =     453205577   RB                  :
                         :--------------- Oil    STB ---------------:-- Wat    STB --:--------------- Gas   MSCF ---------------:
                         :      Liquid        Vapour        Total   :      Total     :      Free        Dissolved       Total   :
:------------------------:------------------------------------------:----------------:------------------------------------------:
:Currently   in place    :     215409304             0     215409304:    212429189   :       2620917     296783428     299404344:
:------------------------:------------------------------------------:----------------:------------------------------------------:
:Originally  in place    :     217546248             0     217546248:    212389844   :             0     302387364     302387364:
:========================:==========================================:================:==========================================:


Report step  6/21 at day 60/210, date = 02-Mar-2015

Time step 0, stepsize 10 days.
    Switching control mode for well INJE1 from SURFACE_RATE to BHP
    Switching control mode for well PRODU21 from SURFACE_RATE to BHP
    Switching control mode for well PRODU23 from SURFACE_RATE to BHP
    Switching control mode for well PRODU26 from SURFACE_RATE to BHP
Time step summary: well its =  2, newton its =  3, linearizations =  4 ( 0.270 sec), linear its =  16 ( 0.104 sec)

                              **************************************************************************
  Balance  at        70  Days *                         SPE 9                                          *
  Report    7    12 Mar 2015  *                                             Flow  version 2018.10-pre  *
                              **************************************************************************


Warning: Keyword 'BASIC' is unhandled for output to file.
                                                  ===================================================
                                                  :                   Field Totals                  :
                                                  :      PAV  =       3653.82  PSIA                 :
                                                  :      PORV =     453173956   RB                  :
                                                  : Pressure is weighted by hydrocarbon pore volume :
                                                  : Pore volumes are taken at reference conditions  :
                         :--------------- Oil    STB ---------------:-- Wat    STB --:--------------- Gas   MSCF ---------------:
                         :      Liquid        Vapour        Total   :      Total     :      Free        Dissolved       Total   :
:------------------------:------------------------------------------:----------------:------------------------------------------:
:Currently   in place    :     215060408             0     215060408:    212433813   :       3104274     295748134     298852408:
:------------------------:------------------------------------------:----------------:------------------------------------------:
:Originally  in place    :     217546248             0     217546248:    212389844   :             0     302387364     302387364:
:========================:==========================================:================:==========================================:

                                                  ===================================================
                                                  :        FIPNUM report region   1                 :
                                                  :      PAV  =       3653.82  PSIA                 :
                                                  :      PORV =     453173956   RB                  :
                         :--------------- Oil    STB ---------------:-- Wat    STB --:--------------- Gas   MSCF ---------------:
                         :      Liquid        Vapour        Total   :      Total     :      Free        Dissolved       Total   :
:------------------------:------------------------------------------:----------------:------------------------------------------:
:Currently   in place    :     215060408             0     215060408:    212433813   :       3104274     295748134     298852408:
:------------------------:------------------------------------------:----------------:------------------------------------------:
:Originally  in place    :     217546248             0     217546248:    212389844   :             0     302387364     302387364:
:========================:==========================================:================:==========================================:


Report step  7/21 at day 70/210, date = 12-Mar-2015

Time step 0, stepsize 10 days.
    Switching control mode for well INJE1 from SURFACE_RATE to BHP
    Switching control mode for well PRODU21 from SURFACE_RATE to BHP
    Switching control mode for well PRODU23 from SURFACE_RATE to BHP
    Switching control mode for well PRODU26 from SURFACE_RATE to BHP
    Switching control mode for well PRODU9 from SURFACE_RATE to BHP
Time step summary: well its =  2, newton its =  2, linearizations =  3 ( 0.193 sec), linear its =  11 ( 0.069 sec)

                              **************************************************************************
  Balance  at        80  Days *                         SPE 9                                          *
  Report    8    22 Mar 2015  *                                             Flow  version 2018.10-pre  *
                              **************************************************************************


Warning: Keyword 'BASIC' is unhandled for output to file.
                                                  ===================================================
                                                  :                   Field Totals                  :
                                                  :      PAV  =       3635.87  PSIA                 :
                                                  :      PORV =     453142854   RB                  :
                                                  : Pressure is weighted by hydrocarbon pore volume :
                                                  : Pore volumes are taken at reference conditions  :
                         :--------------- Oil    STB ---------------:-- Wat    STB --:--------------- Gas   MSCF ---------------:
                         :      Liquid        Vapour        Total   :      Total     :      Free        Dissolved       Total   :
:------------------------:------------------------------------------:----------------:------------------------------------------:
:Currently   in place    :     214712266             0     214712266:    212437936   :       3588486     294672274     298260759:
:------------------------:------------------------------------------:----------------:------------------------------------------:
:Originally  in place    :     217546248             0     217546248:    212389844   :             0     302387364     302387364:
:========================:==========================================:================:==========================================:

                                                  ===================================================
                                                  :        FIPNUM report region   1                 :
                                                  :      PAV  =       3635.87  PSIA                 :
                                                  :      PORV =     453142854   RB                  :
                         :--------------- Oil    STB ---------------:-- Wat    STB --:--------------- Gas   MSCF ---------------:
                         :      Liquid        Vapour        Total   :      Total     :      Free        Dissolved       Total   :
:------------------------:------------------------------------------:----------------:------------------------------------------:
:Currently   in place    :     214712266             0     214712266:    212437936   :       3588486     294672274     298260759:
:------------------------:------------------------------------------:----------------:------------------------------------------:
:Originally  in place    :     217546248             0     217546248:    212389844   :             0     302387364     302387364:
:========================:==========================================:================:==========================================:


Report step  8/21 at day 80/210, date = 22-Mar-2015

Time step 0, stepsize 10 days.
    Switching control mode for well INJE1 from SURFACE_RATE to BHP
    Switching control mode for well PRODU21 from SURFACE_RATE to BHP
    Switching control mode for well PRODU23 from SURFACE_RATE to BHP
    Switching control mode for well PRODU26 from SURFACE_RATE to BHP
    Switching control mode for well PRODU9 from SURFACE_RATE to BHP
Time step summary: well its =  2, newton its =  3, linearizations =  4 ( 0.269 sec), linear its =  15 ( 0.098 sec)

                              **************************************************************************
  Balance  at        90  Days *                         SPE 9                                          *
  Report    9    01 Apr 2015  *                                             Flow  version 2018.10-pre  *
                              **************************************************************************


Warning: Keyword 'BASIC' is unhandled for output to file.
                                                  ===================================================
                                                  :                   Field Totals                  :
                                                  :      PAV  =          3618  PSIA                 :
                                                  :      PORV =     453112181   RB                  :
                                                  : Pressure is weighted by hydrocarbon pore volume :
                                                  : Pore volumes are taken at reference conditions  :
                         :--------------- Oil    STB ---------------:-- Wat    STB --:--------------- Gas   MSCF ---------------:
                         :      Liquid        Vapour        Total   :      Total     :      Free        Dissolved       Total   :
:------------------------:------------------------------------------:----------------:------------------------------------------:
:Currently   in place    :     214366297             0     214366297:    212441257   :       4071770     293552752     297624522:
:------------------------:------------------------------------------:----------------:------------------------------------------:
:Originally  in place    :     217546248             0     217546248:    212389844   :             0     302387364     302387364:
:========================:==========================================:================:==========================================:

                                                  ===================================================
                                                  :        FIPNUM report region   1                 :
                                                  :      PAV  =          3618  PSIA                 :
                                                  :      PORV =     453112181   RB                  :
                         :--------------- Oil    STB ---------------:-- Wat    STB --:--------------- Gas   MSCF ---------------:
                         :      Liquid        Vapour        Total   :      Total     :      Free        Dissolved       Total   :
:------------------------:------------------------------------------:----------------:------------------------------------------:
:Currently   in place    :     214366297             0     214366297:    212441257   :       4071770     293552752     297624522:
:------------------------:------------------------------------------:----------------:------------------------------------------:
:Originally  in place    :     217546248             0     217546248:    212389844   :             0     302387364     302387364:
:========================:==========================================:================:==========================================:


Report step  9/21 at day 90/210, date = 01-Apr-2015

Time step 0, stepsize 10 days.
    Switching control mode for well INJE1 from SURFACE_RATE to BHP
    Switching control mode for well PRODU9 from SURFACE_RATE to BHP
    Switching control mode for well PRODU21 from SURFACE_RATE to BHP
    Switching control mode for well PRODU23 from SURFACE_RATE to BHP
    Switching control mode for well PRODU26 from SURFACE_RATE to BHP
Time step summary: well its =  2, newton its =  3, linearizations =  4 ( 0.267 sec), linear its =  17 ( 0.108 sec)

                              **************************************************************************
  Balance  at       100  Days *                         SPE 9                                          *
  Report   10    11 Apr 2015  *                                             Flow  version 2018.10-pre  *
                              **************************************************************************


Warning: Keyword 'BASIC' is unhandled for output to file.
                                                  ===================================================
                                                  :                   Field Totals                  :
                                                  :      PAV  =        3600.1  PSIA                 :
                                                  :      PORV =     453081762   RB                  :
                                                  : Pressure is weighted by hydrocarbon pore volume :
                                                  : Pore volumes are taken at reference conditions  :
                         :--------------- Oil    STB ---------------:-- Wat    STB --:--------------- Gas   MSCF ---------------:
                         :      Liquid        Vapour        Total   :      Total     :      Free        Dissolved       Total   :
:------------------------:------------------------------------------:----------------:------------------------------------------:
:Currently   in place    :     214022103             0     214022103:    212443900   :       4553668     292389144     296942813:
:------------------------:------------------------------------------:----------------:------------------------------------------:
:Originally  in place    :     217546248             0     217546248:    212389844   :             0     302387364     302387364:
:========================:==========================================:================:==========================================:

                                                  ===================================================
                                                  :        FIPNUM report region   1                 :
                                                  :      PAV  =        3600.1  PSIA                 :
                                                  :      PORV =     453081762   RB                  :
                         :--------------- Oil    STB ---------------:-- Wat    STB --:--------------- Gas   MSCF ---------------:
                         :      Liquid        Vapour        Total   :      Total     :      Free        Dissolved       Total   :
:------------------------:------------------------------------------:----------------:------------------------------------------:
:Currently   in place    :     214022103             0     214022103:    212443900   :       4553668     292389144     296942813:
:------------------------:------------------------------------------:----------------:------------------------------------------:
:Originally  in place    :     217546248             0     217546248:    212389844   :             0     302387364     302387364:
:========================:==========================================:================:==========================================:


Report step 10/21 at day 100/210, date = 11-Apr-2015

Time step 0, stepsize 10 days.
    Switching control mode for well INJE1 from SURFACE_RATE to BHP
Time step summary: well its =  2, newton its =  4, linearizations =  5 ( 0.347 sec), linear its =  18 ( 0.123 sec)

                              **************************************************************************
  Balance  at       110  Days *                         SPE 9                                          *
  Report   11    21 Apr 2015  *                                             Flow  version 2018.10-pre  *
                              **************************************************************************


Warning: Keyword 'BASIC' is unhandled for output to file.
                                                  ===================================================
                                                  :                   Field Totals                  :
                                                  :      PAV  =       3593.64  PSIA                 :
                                                  :      PORV =     453066930   RB                  :
                                                  : Pressure is weighted by hydrocarbon pore volume :
                                                  : Pore volumes are taken at reference conditions  :
                         :--------------- Oil    STB ---------------:-- Wat    STB --:--------------- Gas   MSCF ---------------:
                         :      Liquid        Vapour        Total   :      Total     :      Free        Dissolved       Total   :
:------------------------:------------------------------------------:----------------:------------------------------------------:
:Currently   in place    :     213997090             0     213997090:    212451743   :       4567070     292342504     296909573:
:------------------------:------------------------------------------:----------------:------------------------------------------:
:Originally  in place    :     217546248             0     217546248:    212389844   :             0     302387364     302387364:
:========================:==========================================:================:==========================================:

                                                  ===================================================
                                                  :        FIPNUM report region   1                 :
                                                  :      PAV  =       3593.64  PSIA                 :
                                                  :      PORV =     453066930   RB                  :
                         :--------------- Oil    STB ---------------:-- Wat    STB --:--------------- Gas   MSCF ---------------:
                         :      Liquid        Vapour        Total   :      Total     :      Free        Dissolved       Total   :
:------------------------:------------------------------------------:----------------:------------------------------------------:
:Currently   in place    :     213997090             0     213997090:    212451743   :       4567070     292342504     296909573:
:------------------------:------------------------------------------:----------------:------------------------------------------:
:Originally  in place    :     217546248             0     217546248:    212389844   :             0     302387364     302387364:
:========================:==========================================:================:==========================================:


Report step 11/21 at day 110/210, date = 21-Apr-2015

Time step 0, stepsize 10 days.
    Switching control mode for well INJE1 from SURFACE_RATE to BHP
Time step summary: well its =  2, newton its =  3, linearizations =  4 ( 0.268 sec), linear its =  16 ( 0.104 sec)

                              **************************************************************************
  Balance  at       120  Days *                         SPE 9                                          *
  Report   12    01 May 2015  *                                             Flow  version 2018.10-pre  *
                              **************************************************************************


Warning: Keyword 'BASIC' is unhandled for output to file.
                                                  ===================================================
                                                  :                   Field Totals                  :
                                                  :      PAV  =        3588.3  PSIA                 :
                                                  :      PORV =     453054482   RB                  :
                                                  : Pressure is weighted by hydrocarbon pore volume :
                                                  : Pore volumes are taken at reference conditions  :
                         :--------------- Oil    STB ---------------:-- Wat    STB --:--------------- Gas   MSCF ---------------:
                         :      Liquid        Vapour        Total   :      Total     :      Free        Dissolved       Total   :
:------------------------:------------------------------------------:----------------:------------------------------------------:
:Currently   in place    :     213972080             0     213972080:    212459749   :       4571280     292305950     296877230:
:------------------------:------------------------------------------:----------------:------------------------------------------:
:Originally  in place    :     217546248             0     217546248:    212389844   :             0     302387364     302387364:
:========================:==========================================:================:==========================================:

                                                  ===================================================
                                                  :        FIPNUM report region   1                 :
                                                  :      PAV  =        3588.3  PSIA                 :
                                                  :      PORV =     453054482   RB                  :
                         :--------------- Oil    STB ---------------:-- Wat    STB --:--------------- Gas   MSCF ---------------:
                         :      Liquid        Vapour        Total   :      Total     :      Free        Dissolved       Total   :
:------------------------:------------------------------------------:----------------:------------------------------------------:
:Currently   in place    :     213972080             0     213972080:    212459749   :       4571280     292305950     296877230:
:------------------------:------------------------------------------:----------------:------------------------------------------:
:Originally  in place    :     217546248             0     217546248:    212389844   :             0     302387364     302387364:
:========================:==========================================:================:==========================================:


Report step 12/21 at day 120/210, date = 01-May-2015

Time step 0, stepsize 10 days.
    Switching control mode for well INJE1 from SURFACE_RATE to BHP
Time step summary: well its =  2, newton its =  3, linearizations =  4 ( 0.274 sec), linear its =  15 ( 0.091 sec)

                              **************************************************************************
  Balance  at       130  Days *                         SPE 9                                          *
  Report   13    11 May 2015  *                                             Flow  version 2018.10-pre  *
                              **************************************************************************


Warning: Keyword 'BASIC' is unhandled for output to file.
                                                  ===================================================
                                                  :                   Field Totals                  :
                                                  :      PAV  =       3583.79  PSIA                 :
                                                  :      PORV =     453043886   RB                  :
                                                  : Pressure is weighted by hydrocarbon pore volume :
                                                  : Pore volumes are taken at reference conditions  :
                         :--------------- Oil    STB ---------------:-- Wat    STB --:--------------- Gas   MSCF ---------------:
                         :      Liquid        Vapour        Total   :      Total     :      Free        Dissolved       Total   :
:------------------------:------------------------------------------:----------------:------------------------------------------:
:Currently   in place    :     213947138             0     213947138:    212467915   :       4574488     292270768     296845256:
:------------------------:------------------------------------------:----------------:------------------------------------------:
:Originally  in place    :     217546248             0     217546248:    212389844   :             0     302387364     302387364:
:========================:==========================================:================:==========================================:

                                                  ===================================================
                                                  :        FIPNUM report region   1                 :
                                                  :      PAV  =       3583.79  PSIA                 :
                                                  :      PORV =     453043886   RB                  :
                         :--------------- Oil    STB ---------------:-- Wat    STB --:--------------- Gas   MSCF ---------------:
                         :      Liquid        Vapour        Total   :      Total     :      Free        Dissolved       Total   :
:------------------------:------------------------------------------:----------------:------------------------------------------:
:Currently   in place    :     213947138             0     213947138:    212467915   :       4574488     292270768     296845256:
:------------------------:------------------------------------------:----------------:------------------------------------------:
:Originally  in place    :     217546248             0     217546248:    212389844   :             0     302387364     302387364:
:========================:==========================================:================:==========================================:


Report step 13/21 at day 130/210, date = 11-May-2015

Time step 0, stepsize 10 days.
    Switching control mode for well INJE1 from SURFACE_RATE to BHP
Time step summary: well its =  2, newton its =  3, linearizations =  4 ( 0.268 sec), linear its =  15 ( 0.094 sec)

                              **************************************************************************
  Balance  at       140  Days *                         SPE 9                                          *
  Report   14    21 May 2015  *                                             Flow  version 2018.10-pre  *
                              **************************************************************************


Warning: Keyword 'BASIC' is unhandled for output to file.
                                                  ===================================================
                                                  :                   Field Totals                  :
                                                  :      PAV  =       3579.87  PSIA                 :
                                                  :      PORV =     453034747   RB                  :
                                                  : Pressure is weighted by hydrocarbon pore volume :
                                                  : Pore volumes are taken at reference conditions  :
                         :--------------- Oil    STB ---------------:-- Wat    STB --:--------------- Gas   MSCF ---------------:
                         :      Liquid        Vapour        Total   :      Total     :      Free        Dissolved       Total   :
:------------------------:------------------------------------------:----------------:------------------------------------------:
:Currently   in place    :     213922233             0     213922233:    212476186   :       4578508     292234797     296813305:
:------------------------:------------------------------------------:----------------:------------------------------------------:
:Originally  in place    :     217546248             0     217546248:    212389844   :             0     302387364     302387364:
:========================:==========================================:================:==========================================:

                                                  ===================================================
                                                  :        FIPNUM report region   1                 :
                                                  :      PAV  =       3579.87  PSIA                 :
                                                  :      PORV =     453034747   RB                  :
                         :--------------- Oil    STB ---------------:-- Wat    STB --:--------------- Gas   MSCF ---------------:
                         :      Liquid        Vapour        Total   :      Total     :      Free        Dissolved       Total   :
:------------------------:------------------------------------------:----------------:------------------------------------------:
:Currently   in place    :     213922233             0     213922233:    212476186   :       4578508     292234797     296813305:
:------------------------:------------------------------------------:----------------:------------------------------------------:
:Originally  in place    :     217546248             0     217546248:    212389844   :             0     302387364     302387364:
:========================:==========================================:================:==========================================:


Report step 14/21 at day 140/210, date = 21-May-2015

Time step 0, stepsize 10 days.
    Switching control mode for well INJE1 from SURFACE_RATE to BHP
Time step summary: well its =  2, newton its =  3, linearizations =  4 ( 0.274 sec), linear its =  15 ( 0.097 sec)

                              **************************************************************************
  Balance  at       150  Days *                         SPE 9                                          *
  Report   15    31 May 2015  *                                             Flow  version 2018.10-pre  *
                              **************************************************************************


Warning: Keyword 'BASIC' is unhandled for output to file.
                                                  ===================================================
                                                  :                   Field Totals                  :
                                                  :      PAV  =       3576.44  PSIA                 :
                                                  :      PORV =     453026828   RB                  :
                                                  : Pressure is weighted by hydrocarbon pore volume :
                                                  : Pore volumes are taken at reference conditions  :
                         :--------------- Oil    STB ---------------:-- Wat    STB --:--------------- Gas   MSCF ---------------:
                         :      Liquid        Vapour        Total   :      Total     :      Free        Dissolved       Total   :
:------------------------:------------------------------------------:----------------:------------------------------------------:
:Currently   in place    :     213897258             0     213897258:    212484555   :       4584501     292196699     296781200:
:------------------------:------------------------------------------:----------------:------------------------------------------:
:Originally  in place    :     217546248             0     217546248:    212389844   :             0     302387364     302387364:
:========================:==========================================:================:==========================================:

                                                  ===================================================
                                                  :        FIPNUM report region   1                 :
                                                  :      PAV  =       3576.44  PSIA                 :
                                                  :      PORV =     453026828   RB                  :
                         :--------------- Oil    STB ---------------:-- Wat    STB --:--------------- Gas   MSCF ---------------:
                         :      Liquid        Vapour        Total   :      Total     :      Free        Dissolved       Total   :
:------------------------:------------------------------------------:----------------:------------------------------------------:
:Currently   in place    :     213897258             0     213897258:    212484555   :       4584501     292196699     296781200:
:------------------------:------------------------------------------:----------------:------------------------------------------:
:Originally  in place    :     217546248             0     217546248:    212389844   :             0     302387364     302387364:
:========================:==========================================:================:==========================================:


Report step 15/21 at day 150/210, date = 31-May-2015

Time step 0, stepsize 10 days.
    Switching control mode for well INJE1 from SURFACE_RATE to BHP
Time step summary: well its =  2, newton its =  3, linearizations =  4 ( 0.268 sec), linear its =  15 ( 0.093 sec)

                              **************************************************************************
  Balance  at       160  Days *                         SPE 9                                          *
  Report   16    10 Jun 2015  *                                             Flow  version 2018.10-pre  *
                              **************************************************************************


Warning: Keyword 'BASIC' is unhandled for output to file.
                                                  ===================================================
                                                  :                   Field Totals                  :
                                                  :      PAV  =       3573.43  PSIA                 :
                                                  :      PORV =     453019966   RB                  :
                                                  : Pressure is weighted by hydrocarbon pore volume :
                                                  : Pore volumes are taken at reference conditions  :
                         :--------------- Oil    STB ---------------:-- Wat    STB --:--------------- Gas   MSCF ---------------:
                         :      Liquid        Vapour        Total   :      Total     :      Free        Dissolved       Total   :
:------------------------:------------------------------------------:----------------:------------------------------------------:
:Currently   in place    :     213872273             0     213872273:    212493015   :       4592891     292156134     296749025:
:------------------------:------------------------------------------:----------------:------------------------------------------:
:Originally  in place    :     217546248             0     217546248:    212389844   :             0     302387364     302387364:
:========================:==========================================:================:==========================================:

                                                  ===================================================
                                                  :        FIPNUM report region   1                 :
                                                  :      PAV  =       3573.43  PSIA                 :
                                                  :      PORV =     453019966   RB                  :
                         :--------------- Oil    STB ---------------:-- Wat    STB --:--------------- Gas   MSCF ---------------:
                         :      Liquid        Vapour        Total   :      Total     :      Free        Dissolved       Total   :
:------------------------:------------------------------------------:----------------:------------------------------------------:
:Currently   in place    :     213872273             0     213872273:    212493015   :       4592891     292156134     296749025:
:------------------------:------------------------------------------:----------------:------------------------------------------:
:Originally  in place    :     217546248             0     217546248:    212389844   :             0     302387364     302387364:
:========================:==========================================:================:==========================================:


Report step 16/21 at day 160/210, date = 10-Jun-2015

Time step 0, stepsize 10 days.
    Switching control mode for well INJE1 from SURFACE_RATE to BHP
    Switching control mode for well PRODU23 from SURFACE_RATE to BHP
    Switching control mode for well PRODU26 from SURFACE_RATE to BHP
    Switching control mode for well PRODU21 from SURFACE_RATE to BHP
Time step summary: well its =  2, newton its =  5, linearizations =  6 ( 0.404 sec), linear its =  18 ( 0.135 sec)

                              **************************************************************************
  Balance  at       170  Days *                         SPE 9                                          *
  Report   17    20 Jun 2015  *                                             Flow  version 2018.10-pre  *
                              **************************************************************************


Warning: Keyword 'BASIC' is unhandled for output to file.
                                                  ===================================================
                                                  :                   Field Totals                  :
                                                  :      PAV  =       3561.83  PSIA                 :
                                                  :      PORV =     453001811   RB                  :
                                                  : Pressure is weighted by hydrocarbon pore volume :
                                                  : Pore volumes are taken at reference conditions  :
                         :--------------- Oil    STB ---------------:-- Wat    STB --:--------------- Gas   MSCF ---------------:
                         :      Liquid        Vapour        Total   :      Total     :      Free        Dissolved       Total   :
:------------------------:------------------------------------------:----------------:------------------------------------------:
:Currently   in place    :     213522710             0     213522710:    212495451   :       5120575     291154157     296274732:
:------------------------:------------------------------------------:----------------:------------------------------------------:
:Originally  in place    :     217546248             0     217546248:    212389844   :             0     302387364     302387364:
:========================:==========================================:================:==========================================:

                                                  ===================================================
                                                  :        FIPNUM report region   1                 :
                                                  :      PAV  =       3561.83  PSIA                 :
                                                  :      PORV =     453001811   RB                  :
                         :--------------- Oil    STB ---------------:-- Wat    STB --:--------------- Gas   MSCF ---------------:
                         :      Liquid        Vapour        Total   :      Total     :      Free        Dissolved       Total   :
:------------------------:------------------------------------------:----------------:------------------------------------------:
:Currently   in place    :     213522710             0     213522710:    212495451   :       5120575     291154157     296274732:
:------------------------:------------------------------------------:----------------:------------------------------------------:
:Originally  in place    :     217546248             0     217546248:    212389844   :             0     302387364     302387364:
:========================:==========================================:================:==========================================:


Report step 17/21 at day 170/210, date = 20-Jun-2015

Time step 0, stepsize 10 days.
    Switching control mode for well INJE1 from SURFACE_RATE to BHP
    Switching control mode for well PRODU21 from SURFACE_RATE to BHP
    Switching control mode for well PRODU23 from SURFACE_RATE to BHP
    Switching control mode for well PRODU26 from SURFACE_RATE to BHP
    Switching control mode for well PRODU9 from SURFACE_RATE to BHP
Time step summary: well its =  2, newton its =  5, linearizations =  6 ( 0.399 sec), linear its =  21 ( 0.136 sec)

                              **************************************************************************
  Balance  at       180  Days *                         SPE 9                                          *
  Report   18    30 Jun 2015  *                                             Flow  version 2018.10-pre  *
                              **************************************************************************


Warning: Keyword 'BASIC' is unhandled for output to file.
                                                  ===================================================
                                                  :                   Field Totals                  :
                                                  :      PAV  =       3549.95  PSIA                 :
                                                  :      PORV =     452983126   RB                  :
                                                  : Pressure is weighted by hydrocarbon pore volume :
                                                  : Pore volumes are taken at reference conditions  :
                         :--------------- Oil    STB ---------------:-- Wat    STB --:--------------- Gas   MSCF ---------------:
                         :      Liquid        Vapour        Total   :      Total     :      Free        Dissolved       Total   :
:------------------------:------------------------------------------:----------------:------------------------------------------:
:Currently   in place    :     213176499             0     213176499:    212497055   :       5636864     290104439     295741303:
:------------------------:------------------------------------------:----------------:------------------------------------------:
:Originally  in place    :     217546248             0     217546248:    212389844   :             0     302387364     302387364:
:========================:==========================================:================:==========================================:

                                                  ===================================================
                                                  :        FIPNUM report region   1                 :
                                                  :      PAV  =       3549.95  PSIA                 :
                                                  :      PORV =     452983126   RB                  :
                         :--------------- Oil    STB ---------------:-- Wat    STB --:--------------- Gas   MSCF ---------------:
                         :      Liquid        Vapour        Total   :      Total     :      Free        Dissolved       Total   :
:------------------------:------------------------------------------:----------------:------------------------------------------:
:Currently   in place    :     213176499             0     213176499:    212497055   :       5636864     290104439     295741303:
:------------------------:------------------------------------------:----------------:------------------------------------------:
:Originally  in place    :     217546248             0     217546248:    212389844   :             0     302387364     302387364:
:========================:==========================================:================:==========================================:


Report step 18/21 at day 180/210, date = 30-Jun-2015

Time step 0, stepsize 10 days.
    Switching control mode for well INJE1 from SURFACE_RATE to BHP
    Switching control mode for well PRODU9 from SURFACE_RATE to BHP
    Switching control mode for well PRODU21 from SURFACE_RATE to BHP
    Switching control mode for well PRODU23 from SURFACE_RATE to BHP
    Switching control mode for well PRODU26 from SURFACE_RATE to BHP
    Switching control mode for well PRODU22 from SURFACE_RATE to BHP
Time step summary: well its =  2, newton its =  3, linearizations =  4 ( 0.252 sec), linear its =  18 ( 0.099 sec)

                              **************************************************************************
  Balance  at       190  Days *                         SPE 9                                          *
  Report   19    10 Jul 2015  *                                             Flow  version 2018.10-pre  *
                              **************************************************************************


Warning: Keyword 'BASIC' is unhandled for output to file.
                                                  ===================================================
                                                  :                   Field Totals                  :
                                                  :      PAV  =       3536.78  PSIA                 :
                                                  :      PORV =     452962505   RB                  :
                                                  : Pressure is weighted by hydrocarbon pore volume :
                                                  : Pore volumes are taken at reference conditions  :
                         :--------------- Oil    STB ---------------:-- Wat    STB --:--------------- Gas   MSCF ---------------:
                         :      Liquid        Vapour        Total   :      Total     :      Free        Dissolved       Total   :
:------------------------:------------------------------------------:----------------:------------------------------------------:
:Currently   in place    :     212834299             0     212834299:    212497787   :       6143255     288956208     295099463:
:------------------------:------------------------------------------:----------------:------------------------------------------:
:Originally  in place    :     217546248             0     217546248:    212389844   :             0     302387364     302387364:
:========================:==========================================:================:==========================================:

                                                  ===================================================
                                                  :        FIPNUM report region   1                 :
                                                  :      PAV  =       3536.78  PSIA                 :
                                                  :      PORV =     452962505   RB                  :
                         :--------------- Oil    STB ---------------:-- Wat    STB --:--------------- Gas   MSCF ---------------:
                         :      Liquid        Vapour        Total   :      Total     :      Free        Dissolved       Total   :
:------------------------:------------------------------------------:----------------:------------------------------------------:
:Currently   in place    :     212834299             0     212834299:    212497787   :       6143255     288956208     295099463:
:------------------------:------------------------------------------:----------------:------------------------------------------:
:Originally  in place    :     217546248             0     217546248:    212389844   :             0     302387364     302387364:
:========================:==========================================:================:==========================================:


Report step 19/21 at day 190/210, date = 10-Jul-2015

Time step 0, stepsize 10 days.
    Switching control mode for well INJE1 from SURFACE_RATE to BHP
    Switching control mode for well PRODU9 from SURFACE_RATE to BHP
    Switching control mode for well PRODU21 from SURFACE_RATE to BHP
    Switching control mode for well PRODU22 from SURFACE_RATE to BHP
    Switching control mode for well PRODU23 from SURFACE_RATE to BHP
    Switching control mode for well PRODU26 from SURFACE_RATE to BHP
    Switching control mode for well PRODU16 from SURFACE_RATE to BHP
Time step summary: well its =  2, newton its =  3, linearizations =  4 ( 0.266 sec), linear its =  17 ( 0.105 sec)

                              **************************************************************************
  Balance  at       200  Days *                         SPE 9                                          *
  Report   20    20 Jul 2015  *                                             Flow  version 2018.10-pre  *
                              **************************************************************************


Warning: Keyword 'BASIC' is unhandled for output to file.
                                                  ===================================================
                                                  :                   Field Totals                  :
                                                  :      PAV  =       3522.41  PSIA                 :
                                                  :      PORV =     452940046   RB                  :
                                                  : Pressure is weighted by hydrocarbon pore volume :
                                                  : Pore volumes are taken at reference conditions  :
                         :--------------- Oil    STB ---------------:-- Wat    STB --:--------------- Gas   MSCF ---------------:
                         :      Liquid        Vapour        Total   :      Total     :      Free        Dissolved       Total   :
:------------------------:------------------------------------------:----------------:------------------------------------------:
:Currently   in place    :     212496268             0     212496268:    212497554   :       6638653     287724768     294363421:
:------------------------:------------------------------------------:----------------:------------------------------------------:
:Originally  in place    :     217546248             0     217546248:    212389844   :             0     302387364     302387364:
:========================:==========================================:================:==========================================:

                                                  ===================================================
                                                  :        FIPNUM report region   1                 :
                                                  :      PAV  =       3522.41  PSIA                 :
                                                  :      PORV =     452940046   RB                  :
                         :--------------- Oil    STB ---------------:-- Wat    STB --:--------------- Gas   MSCF ---------------:
                         :      Liquid        Vapour        Total   :      Total     :      Free        Dissolved       Total   :
:------------------------:------------------------------------------:----------------:------------------------------------------:
:Currently   in place    :     212496268             0     212496268:    212497554   :       6638653     287724768     294363421:
:------------------------:------------------------------------------:----------------:------------------------------------------:
:Originally  in place    :     217546248             0     217546248:    212389844   :             0     302387364     302387364:
:========================:==========================================:================:==========================================:


Report step 20/21 at day 200/210, date = 20-Jul-2015

Time step 0, stepsize 10 days.
    Switching control mode for well INJE1 from SURFACE_RATE to BHP
    Switching control mode for well PRODU9 from SURFACE_RATE to BHP
    Switching control mode for well PRODU16 from SURFACE_RATE to BHP
    Switching control mode for well PRODU21 from SURFACE_RATE to BHP
    Switching control mode for well PRODU22 from SURFACE_RATE to BHP
    Switching control mode for well PRODU23 from SURFACE_RATE to BHP
    Switching control mode for well PRODU26 from SURFACE_RATE to BHP
Time step summary: well its =  2, newton its =  3, linearizations =  4 ( 0.262 sec), linear its =  16 ( 0.094 sec)

                              **************************************************************************
  Balance  at       210  Days *                         SPE 9                                          *
  Report   21    30 Jul 2015  *                                             Flow  version 2018.10-pre  *
                              **************************************************************************


Warning: Keyword 'BASIC' is unhandled for output to file.
                                                  ===================================================
                                                  :                   Field Totals                  :
                                                  :      PAV  =       3507.16  PSIA                 :
                                                  :      PORV =     452916224   RB                  :
                                                  : Pressure is weighted by hydrocarbon pore volume :
                                                  : Pore volumes are taken at reference conditions  :
                         :--------------- Oil    STB ---------------:-- Wat    STB --:--------------- Gas   MSCF ---------------:
                         :      Liquid        Vapour        Total   :      Total     :      Free        Dissolved       Total   :
:------------------------:------------------------------------------:----------------:------------------------------------------:
:Currently   in place    :     212162395             0     212162395:    212496346   :       7122989     286432743     293555732:
:------------------------:------------------------------------------:----------------:------------------------------------------:
:Originally  in place    :     217546248             0     217546248:    212389844   :             0     302387364     302387364:
:========================:==========================================:================:==========================================:

                                                  ===================================================
                                                  :        FIPNUM report region   1                 :
                                                  :      PAV  =       3507.16  PSIA                 :
                                                  :      PORV =     452916224   RB                  :
                         :--------------- Oil    STB ---------------:-- Wat    STB --:--------------- Gas   MSCF ---------------:
                         :      Liquid        Vapour        Total   :      Total     :      Free        Dissolved       Total   :
:------------------------:------------------------------------------:----------------:------------------------------------------:
:Currently   in place    :     212162395             0     212162395:    212496346   :       7122989     286432743     293555732:
:------------------------:------------------------------------------:----------------:------------------------------------------:
:Originally  in place    :     217546248             0     217546248:    212389844   :             0     302387364     302387364:
:========================:==========================================:================:==========================================:



================    End of simulation     ===============

Total time (seconds):         9.63578
Solver time (seconds):        9.54013
 Assembly time (seconds):     6.57232 (Failed: 0; 0%)
 Linear solve time (seconds): 2.4833 (Failed: 0; 0%)
 Update time (seconds):       0.306962 (Failed: 0; 0%)
 Output write time (seconds): 0.101094
Overall Well Iterations:      43 (Failed: 0; 0%)
Overall Linearizations:       98 (Failed: 0; 0%)
Overall Newton Iterations:    75 (Failed: 0; 0%)
Overall Linear Iterations:    403 (Failed: 0; 0%)



Error summary:
Warnings          21
Info              153
Errors            0
Bugs              0
Debug             0
Problems          0

