


 $$$$$   $$$   $      $$$  $$$$    $$$   $$$$$     $    $$$    $$$ 
 $      $   $  $       $   $   $  $   $  $        $$   $   $  $   $
 $      $      $       $   $   $  $      $         $   $   $  $   $
 $$$$   $      $       $   $$$$    $$$   $$$$      $   $   $  $   $
 $      $      $       $   $          $  $         $   $   $  $   $
 $      $   $  $       $   $      $   $  $         $   $   $  $   $
 $$$$$   $$$   $$$$$  $$$  $       $$$   $$$$$    $$$   $$$    $$$ 



                       $$$$$   $$$   $      $$$  $$$$    $$$   $$$$$     $    $$$    $$$ 
                       $      $   $  $       $   $   $  $   $  $        $$   $   $  $   $
                       $      $      $       $   $   $  $      $         $   $   $  $   $
                       $$$$   $      $       $   $$$$    $$$   $$$$      $   $   $  $   $
                       $      $      $       $   $          $  $         $   $   $  $   $
                       $      $   $  $       $   $      $   $  $         $   $   $  $   $
                       $$$$$   $$$   $$$$$  $$$  $       $$$   $$$$$    $$$   $$$    $$$ 



                                             $$$$$   $$$   $      $$$  $$$$    $$$   $$$$$     $    $$$    $$$ 
                                             $      $   $  $       $   $   $  $   $  $        $$   $   $  $   $
                                             $      $      $       $   $   $  $      $         $   $   $  $   $
                                             $$$$   $      $       $   $$$$    $$$   $$$$      $   $   $  $   $
                                             $      $      $       $   $          $  $         $   $   $  $   $
                                             $      $   $  $       $   $      $   $  $         $   $   $  $   $
                                             $$$$$   $$$   $$$$$  $$$  $       $$$   $$$$$    $$$   $$$    $$$ 



                                                                   $$$$$   $$$   $      $$$  $$$$    $$$   $$$$$     $    $$$    $$$ 
                                                                   $      $   $  $       $   $   $  $   $  $        $$   $   $  $   $
                                                                   $      $      $       $   $   $  $      $         $   $   $  $   $
                                                                   $$$$   $      $       $   $$$$    $$$   $$$$      $   $   $  $   $
                                                                   $      $      $       $   $          $  $         $   $   $  $   $
                                                                   $      $   $  $       $   $      $   $  $         $   $   $  $   $
                                                                   $$$$$   $$$   $$$$$  $$$  $       $$$   $$$$$    $$$   $$$    $$$ 

Proprietary Notice
This application contains the confidential and proprietary trade secrets of Schlumberger and may not be copied or stored in an
information retrieval system, transferred, used, distributed, translated, or retransmitted in any form or by any means, electronic
or mechanical, in whole or in part, without the express written permission of the copyright owner.

ECLIPSE is a mark of Schlumberger. Copyright (c) 1981-2019 Schlumberger. All rights reserved.

Version =  2019.1  
Arch    =  PC WINDOWS (64 bit, PC_IL17VS140_OPT)

Annex    | Modification date    | Update date          | baseline             
=====    | =================    | ===========          | ========             
ECLIPSE  | 26-JUN-2019 01:00:48 | 21-MAY-2019 13:00:36 | 2019.1_630089
petlast  | 26-JUN-2019 01:00:48 | 22-JUL-2016 12:14:11 | 2019.1_630089
system   | 26-JUN-2019 01:00:48 | 29-MAY-2019 16:38:19 | 2019.1_630089
tpb      | 26-JUN-2019 01:00:48 | 22-JUL-2016 12:14:11 | 2019.1_630089
utility  | 26-JUN-2019 01:00:48 | 15-SEP-2017 13:01:56 | 2019.1_630089
 

1

 ******** ECHO OF INPUT DATA FOR RUN AQUNUM-01-ECL

 0: -- This reservoir simulation deck is made available under the Open Database
 0: -- License: http://opendatacommons.org/licenses/odbl/1.0/. Any rights in
 0: -- individual contents of the database are licensed under the Database Contents
 0: -- License: http://opendatacommons.org/licenses/dbcl/1.0/
 0: 
 0: -- Copyright (C) 2020 Equinor
 0: 
 0: -- Testing Numeric aquifer functionality. One aquifer set up with multiple cells
 0: -- For details see keyword AQUNUM and AQUCON in GRID section.
 0: -- The grid is a sector from the NORNE_ATW2013 model which includes
 0: -- cells with iregular geometries, especially on the edge.
 0: 
 0: ------------------------------------------------------------------------------------------------
 0: RUNSPEC
 0: ------------------------------------------------------------------------------------------------
 0: 
 0: DIMENS
 0:  8 15 3 /
 0: 
 0: OIL
 0: WATER
 0: GAS
 0: DISGAS
 0: VAPOIL
 0: 
 0: METRIC
 0: 
 0: START
 0:  01  'NOV' 2018 /
 0: 
 0: --
 0: GRIDOPTS
 0:  'YES'	      0 /
 0: 
 0: EQLDIMS
 0:  1  100  25 /
 0: 
 0: 
 0: REGDIMS
 0: -- max. ntfip  nmfipr  max. nrfreg   max. ntfreg
 0:      1          1       1*            0    /
 0: 
 0: --
 0: WELLDIMS
 0: --max.well  max.con/well  max.grup  max.w/grup
 0:   2	    15 	          3	     10   /
 0: 
 0: --
 0: TABDIMS
 0: --ntsfun     ntpvt  max.nssfun  max.nppvt  max.ntfip  max.nrpvt
 0:     1          1      50          60         2         60 /
 0: 
 0: 
 0: UNIFIN
 0: UNIFOUT
 0: 
 0: 
 0: -- Dimensions for aquifers
 0: -- mxnaqn: max lines of numerical aquifer data in AQUNUM
 0: -- mxnaqc: max lines of connection data for numerical aquifers in AQUCON
 0: -- niftbl: max influence tables for Carter-Tracy aquifers in AQUTAB
 0: -- nriftb: max rows in Carter-Tracy aquifer table
 0: -- nanaqu: max analytic aquifers
 0: -- ncamax: max grid blocks connected to a single analytic aquifer
 0: -- mxnali: max aquifer lists
 0: -- mxaaql: max analytic aquifers in any aquifer list
 0: AQUDIMS
 0: -- mxnaqn  mxnaqc  niftbl  nriftb  nanaqu  ncamax  mxnali  mxaaql
 0:     3      2      1*       1*     1*       50      1*      1*  /
 0: 
 0: ------------------------------------------------------------------------------------------------
 0: GRID
 0: ------------------------------------------------------------------------------------------------
 0: 
 0: --
 0: NEWTRAN
 0: 
 0: --
 0: GRIDFILE
 0: 0  1/
 0: 
 0: --
 0: GRIDUNIT
 0: METRES  /
 0: 
 0: --
 0: INIT
 0: 
 0: 
 0: INCLUDE

 ******** START OF INCLUDED FILE ..\include\AQUNUM-GRID-01.inc                                                                                                       

 1: -- This reservoir simulation deck is made available under the Open Database
 1: -- License: http://opendatacommons.org/licenses/odbl/1.0/. Any rights in
 1: -- individual contents of the database are licensed under the Database Contents
 1: -- License: http://opendatacommons.org/licenses/dbcl/1.0/
 1: 
 1: -- Copyright (C) 2020 Equinor
 1: 
 1: NOECHO
 1: ECHO

 ******** END OF INCLUDED FILE 

 0: 
 0: EQUALS
 0:  'PORO'  0.25 /
 0:  'PERMX' 1000.0 /
 0:  'PERMY' 1000.0 /
 0:  'PERMZ'  200.0 /
 0: /
 0: 
 0: EQUALS
 0:  'PORO' 0.0 2 3 2 2 2 2 /
 0: /
 0: 
 0: 
 0: AQUNUM
 0: --AQnr.  I  J  K     Area      Length PHI      K     Depth  Initial.Pr	PVTNUM   SATNUM
 0:    1     1  1  1   1000000.0   10000   0.25   400    2585.00   285.00	 1   1  /
 0:    1     3  1  1   1500000.0   20000   0.24   600    2585.00   285.00	 1   1  /
 0:    1     4  1  1   2000000.0   30000   0.23   700    2585.00   285.00	 1   1  /
 0: /
 0: 
 0: 
 0: AQUCON
 0: --  Connect numerical aquifer to the reservoir
 0: --  Id.nr  I1	I2     J1  J2	 K1  K2    Face    Trans.mult.  Trans.opt.
 0:      1     1	8      3    3	  3   3   'J-'      1.00      1  /
 0: /
 0: 
 0: ------------------------------------------------------------------------------------------------
 0: EDIT
 0: ------------------------------------------------------------------------------------------------
 0: 
 0: 
 0: 
 0: ------------------------------------------------------------------------------------------------
 0: PROPS
 0: ------------------------------------------------------------------------------------------------
 0: 
 0: NOECHO

 ******** START OF INCLUDED FILE ..\include\AQUNUM-PVT.inc                                                                                                           


 ******** END OF INCLUDED FILE 


 ******** START OF INCLUDED FILE ..\include\AQUNUM-SGOF.inc                                                                                                          


 ******** END OF INCLUDED FILE 


 ******** START OF INCLUDED FILE ..\include\AQUNUM-SWOF.inc                                                                                                          


 ******** END OF INCLUDED FILE 


 ******** END OF INPUT DATA FOR RUN AQUNUM-01-ECL
     1 READING RUNSPEC 
     2 READING DIMENS  
     3 READING OIL     
     4 READING WATER   
     5 READING GAS     
     6 READING DISGAS  
     7 READING VAPOIL  
     8 READING METRIC  
     9 READING START   
    10 READING GRIDOPTS
    11 READING EQLDIMS 
    12 READING REGDIMS 
    13 READING WELLDIMS
    14 READING TABDIMS 
    15 READING UNIFIN  
    16 READING UNIFOUT 
    17 READING AQUDIMS 
    18 READING GRID    

 @--MESSAGE  AT TIME        0.0   DAYS    ( 1-NOV-2018):
 @           CHECKING FOR LICENSES                                           

 @--MESSAGE  AT TIME        0.0   DAYS    ( 1-NOV-2018):
 @           CHECKING FOR LICENSES                                           

 @--MESSAGE  AT TIME        0.0   DAYS    ( 1-NOV-2018):
 @           THE MEMORY REQUIRED TO PROCESS THE GRID SECTION IS              
 @               324180 BYTES                                                
    19 READING NEWTRAN 
    20 READING GRIDFILE
    21 READING GRIDUNIT
    22 READING INIT    
    23 READING INCLUDE ..\include\AQUNUM-GRID-01.inc                                                                                                       
    24 READING NOECHO  
    25 READING MAPUNITS
    26 READING MAPAXES 
    27 READING GRIDUNIT
    28 READING SPECGRID
    29 READING COORD   
    30 READING ZCORN   
    31 READING ACTNUM  
    32 READING ECHO    
               END OF INCLUDE FILE 
    33 READING EQUALS  
    34 READING EQUALS  
    35 READING AQUNUM  
    36 READING AQUCON  
    37 READING EDIT    
    38 READING PROPS   

 @--MESSAGE  AT TIME        0.0   DAYS    ( 1-NOV-2018):
 @           32 NON-NEIGHBOUR CONNECTIONS PRESENT                            

 @--MESSAGE  AT TIME        0.0   DAYS    ( 1-NOV-2018):
 @           NUMBER OF ACTIVE CELLS IS 315                                   

 @--MESSAGE  AT TIME        0.0   DAYS    ( 1-NOV-2018):
 @           THE MEMORY REQUIRED TO PROCESS THE SOLUTION SECTION IS          
 @                 1285 KBYTES                                               

 @--MESSAGE  AT TIME        0.0   DAYS    ( 1-NOV-2018):
 @              62195 CHARACTER VARIABLES USED                               
    39 READING NOECHO  
    40 READING INCLUDE ..\include\AQUNUM-PVT.inc                                                                                                           
    41 READING PVTO    
    42 READING PVTG    
    43 READING PVTW    
    44 READING DENSITY 
               END OF INCLUDE FILE 
    45 READING ROCK    
    46 READING INCLUDE ..\include\AQUNUM-SGOF.inc                                                                                                          
    47 READING SGOF    
               END OF INCLUDE FILE 
    48 READING INCLUDE ..\include\AQUNUM-SWOF.inc                                                                                                          
    49 READING SWOF    
               END OF INCLUDE FILE 
    50 READING REGIONS 
    51 READING EQUALS  
    52 READING SOLUTION
    53 READING RPTRST  
    54 READING EQUIL   
    55 READING RSVD    
    56 READING RVVD    
    57 READING SUMMARY 
    58 READING TCPU    
    59 READING FOPR    
    60 READING WOPR    
    61 READING WBHP    
    62 READING WWCT    
    63 READING WGOR    
    64 READING FPR     
    65 READING ANQR    
    66 READING ANQT    
    67 READING ANQP    
    68 READING SCHEDULE
    69 READING TUNING  
    70 READING RPTRST  
    71 READING WELSPECS
    72 READING COMPDAT 
    73 READING WCONPROD

 @--MESSAGE  AT TIME        0.0   DAYS    ( 1-NOV-2018):
 @           OPENING WELL PROD1    AT TIME      0.00   DAYS                  
 @           CONTROLLED BY OIL RATE                                          
    74 READING DATES   

 @--MESSAGE  AT TIME        0.0   DAYS    ( 1-NOV-2018):
 @           RESTART FILE WRITTEN   REPORT     0                             
 @           RESTART INCLUDES FLUIDS IN PLACE                                
 @                            BUBBLE AND DEW POINT PRESSURES                 
1                             **********************************************************************   1
  SIMULATE AT      0.00  DAYS *                                                                        * ECLIPSE  VERSION 2019.1     
  REPORT   0     1 NOV 2018   *  RUN                                                                   * RUN AT 17:25 ON 04 NOV 2022 
                              **************************************************************************

 STEP    1 TIME=     12.00 HOURS (   +12.0 HOURS INIT  2 ITS) (1-NOV-2018)       
  PAV=   282.6  BARSA  WCT=0.000 GOR=   122.30  SM3/SM3 WGR=   0.0000  SM3/SM3   

 STEP    2 TIME=      1.50  DAYS (    +1.0  DAYS MAXS  1 ITS) (2-NOV-2018)       
  PAV=   281.2  BARSA  WCT=0.000 GOR=   122.30  SM3/SM3 WGR=   0.0000  SM3/SM3   

 STEP    3 TIME=      2.50  DAYS (    +1.0  DAYS MAXS  1 ITS) (3-NOV-2018)       
  PAV=   279.8  BARSA  WCT=0.000 GOR=   122.30  SM3/SM3 WGR=   0.0000  SM3/SM3   

 STEP    4 TIME=      3.50  DAYS (    +1.0  DAYS MAXS  1 ITS) (4-NOV-2018)       
  PAV=   278.5  BARSA  WCT=0.000 GOR=   122.30  SM3/SM3 WGR=   0.0000  SM3/SM3   

 STEP    5 TIME=      4.50  DAYS (    +1.0  DAYS MAXS  1 ITS) (5-NOV-2018)       
  PAV=   277.2  BARSA  WCT=0.000 GOR=   122.30  SM3/SM3 WGR=   0.0000  SM3/SM3   

 STEP    6 TIME=      5.50  DAYS (    +1.0  DAYS MAXS  1 ITS) (6-NOV-2018)       
  PAV=   275.9  BARSA  WCT=0.000 GOR=   122.30  SM3/SM3 WGR=   0.0000  SM3/SM3   

 STEP    7 TIME=      6.50  DAYS (    +1.0  DAYS MAXS  1 ITS) (7-NOV-2018)       
  PAV=   274.6  BARSA  WCT=0.000 GOR=   122.30  SM3/SM3 WGR=   0.0000  SM3/SM3   

 STEP    8 TIME=      7.50  DAYS (    +1.0  DAYS MAXS  1 ITS) (8-NOV-2018)       
  PAV=   273.4  BARSA  WCT=0.000 GOR=   122.30  SM3/SM3 WGR=   0.0000  SM3/SM3   

 STEP    9 TIME=      8.50  DAYS (    +1.0  DAYS MAXS  1 ITS) (9-NOV-2018)       
  PAV=   272.1  BARSA  WCT=0.000 GOR=   122.30  SM3/SM3 WGR=   0.0000  SM3/SM3   

 STEP   10 TIME=      9.50  DAYS (    +1.0  DAYS MAXS  2 ITS) (10-NOV-2018)      
  PAV=   270.9  BARSA  WCT=0.000 GOR=   122.28  SM3/SM3 WGR=   0.0000  SM3/SM3   

 STEP   11 TIME=     10.50  DAYS (    +1.0  DAYS MAXS  2 ITS) (11-NOV-2018)      
  PAV=   269.8  BARSA  WCT=0.000 GOR=   122.21  SM3/SM3 WGR=   0.0000  SM3/SM3   

 STEP   12 TIME=     11.50  DAYS (    +1.0  DAYS MAXS  2 ITS) (12-NOV-2018)      
  PAV=   269.1  BARSA  WCT=0.000 GOR=   122.15  SM3/SM3 WGR=   0.0000  SM3/SM3   

 STEP   13 TIME=     12.50  DAYS (    +1.0  DAYS MAXS  2 ITS) (13-NOV-2018)      
  PAV=   268.6  BARSA  WCT=0.000 GOR=   122.11  SM3/SM3 WGR=   0.0000  SM3/SM3   

 STEP   14 TIME=     13.50  DAYS (    +1.0  DAYS MAXS  1 ITS) (14-NOV-2018)      
  PAV=   268.1  BARSA  WCT=0.000 GOR=   122.09  SM3/SM3 WGR=   0.0000  SM3/SM3   

 STEP   15 TIME=     14.50  DAYS (    +1.0  DAYS MAXS  1 ITS) (15-NOV-2018)      
  PAV=   267.7  BARSA  WCT=0.000 GOR=   122.08  SM3/SM3 WGR=   0.0000  SM3/SM3   

 STEP   16 TIME=     15.50  DAYS (    +1.0  DAYS MAXS  1 ITS) (16-NOV-2018)      
  PAV=   267.4  BARSA  WCT=0.000 GOR=   122.07  SM3/SM3 WGR=   0.0000  SM3/SM3   

 STEP   17 TIME=     16.50  DAYS (    +1.0  DAYS MAXS  1 ITS) (17-NOV-2018)      
  PAV=   267.1  BARSA  WCT=0.000 GOR=   122.06  SM3/SM3 WGR=   0.0000  SM3/SM3   

 STEP   18 TIME=     17.50  DAYS (    +1.0  DAYS MAXS  1 ITS) (18-NOV-2018)      
  PAV=   266.8  BARSA  WCT=0.000 GOR=   122.06  SM3/SM3 WGR=   0.0000  SM3/SM3   

 STEP   19 TIME=     18.50  DAYS (    +1.0  DAYS MAXS  1 ITS) (19-NOV-2018)      
  PAV=   266.5  BARSA  WCT=0.000 GOR=   122.06  SM3/SM3 WGR=   0.0000  SM3/SM3   

 STEP   20 TIME=     19.50  DAYS (    +1.0  DAYS MAXS  1 ITS) (20-NOV-2018)      
  PAV=   266.2  BARSA  WCT=0.000 GOR=   122.06  SM3/SM3 WGR=   0.0000  SM3/SM3   

 STEP   21 TIME=     20.50  DAYS (    +1.0  DAYS MAXS  1 ITS) (21-NOV-2018)      
  PAV=   265.9  BARSA  WCT=0.000 GOR=   122.07  SM3/SM3 WGR=   0.0000  SM3/SM3   

 STEP   22 TIME=     21.50  DAYS (    +1.0  DAYS MAXS  1 ITS) (22-NOV-2018)      
  PAV=   265.7  BARSA  WCT=0.000 GOR=   122.07  SM3/SM3 WGR=   0.0000  SM3/SM3   

 STEP   23 TIME=     22.50  DAYS (    +1.0  DAYS MAXS  1 ITS) (23-NOV-2018)      
  PAV=   265.4  BARSA  WCT=0.000 GOR=   122.08  SM3/SM3 WGR=   0.0000  SM3/SM3   

 STEP   24 TIME=     23.50  DAYS (    +1.0  DAYS MAXS  1 ITS) (24-NOV-2018)      
  PAV=   265.1  BARSA  WCT=0.000 GOR=   122.09  SM3/SM3 WGR=   0.0000  SM3/SM3   

 STEP   25 TIME=     24.50  DAYS (    +1.0  DAYS MAXS  1 ITS) (25-NOV-2018)      
  PAV=   264.9  BARSA  WCT=0.000 GOR=   122.11  SM3/SM3 WGR=   0.0000  SM3/SM3   

 STEP   26 TIME=     25.50  DAYS (    +1.0  DAYS MAXS  1 ITS) (26-NOV-2018)      
  PAV=   264.6  BARSA  WCT=0.000 GOR=   122.19  SM3/SM3 WGR=   0.0000  SM3/SM3   

 STEP   27 TIME=     26.50  DAYS (    +1.0  DAYS MAXS  1 ITS) (27-NOV-2018)      
  PAV=   264.3  BARSA  WCT=0.000 GOR=   122.32  SM3/SM3 WGR=   0.0000  SM3/SM3   

 STEP   28 TIME=     27.50  DAYS (    +1.0  DAYS MAXS  1 ITS) (28-NOV-2018)      
  PAV=   264.1  BARSA  WCT=0.000 GOR=   122.44  SM3/SM3 WGR=   0.0000  SM3/SM3   

 STEP   29 TIME=     28.50  DAYS (    +1.0  DAYS MAXS  1 ITS) (29-NOV-2018)      
  PAV=   263.8  BARSA  WCT=0.000 GOR=   122.57  SM3/SM3 WGR=   0.0000  SM3/SM3   

 STEP   30 TIME=     29.25  DAYS (   +18.0 HOURS HALF  1 ITS) (30-NOV-2018)      
  PAV=   263.6  BARSA  WCT=0.000 GOR=   122.66  SM3/SM3 WGR=   0.0000  SM3/SM3   

 STEP   31 TIME=     30.00  DAYS (   +18.0 HOURS REPT  1 ITS) (1-DEC-2018)       
  PAV=   263.4  BARSA  WCT=0.000 GOR=   122.76  SM3/SM3 WGR=   0.0000  SM3/SM3   

 @--MESSAGE  AT TIME       30.0   DAYS    ( 1-DEC-2018):
 @           RESTART FILE WRITTEN   REPORT     1                             
 @           RESTART INCLUDES FLUIDS IN PLACE                                
 @                            BUBBLE AND DEW POINT PRESSURES                 
1                             **********************************************************************   2
  SIMULATE AT     30.00  DAYS *                                                                        * ECLIPSE  VERSION 2019.1     
  REPORT   1     1 DEC 2018   *  RUN                                                                   * RUN AT 17:25 ON 04 NOV 2022 
                              **************************************************************************

 STEP   32 TIME=     31.00  DAYS (    +1.0  DAYS MAXS  1 ITS) (2-DEC-2018)       
  PAV=   263.2  BARSA  WCT=0.000 GOR=   122.89  SM3/SM3 WGR=   0.0000  SM3/SM3   

 STEP   33 TIME=     32.00  DAYS (    +1.0  DAYS MAXS  1 ITS) (3-DEC-2018)       
  PAV=   262.9  BARSA  WCT=0.000 GOR=   123.02  SM3/SM3 WGR=   0.0000  SM3/SM3   

 STEP   34 TIME=     33.00  DAYS (    +1.0  DAYS MAXS  1 ITS) (4-DEC-2018)       
  PAV=   262.7  BARSA  WCT=0.000 GOR=   123.16  SM3/SM3 WGR=   0.0000  SM3/SM3   

 STEP   35 TIME=     34.00  DAYS (    +1.0  DAYS MAXS  1 ITS) (5-DEC-2018)       
  PAV=   262.4  BARSA  WCT=0.000 GOR=   123.29  SM3/SM3 WGR=   0.0000  SM3/SM3   

 STEP   36 TIME=     35.00  DAYS (    +1.0  DAYS MAXS  1 ITS) (6-DEC-2018)       
  PAV=   262.2  BARSA  WCT=0.000 GOR=   123.43  SM3/SM3 WGR=   0.0000  SM3/SM3   

 STEP   37 TIME=     36.00  DAYS (    +1.0  DAYS MAXS  1 ITS) (7-DEC-2018)       
  PAV=   261.9  BARSA  WCT=0.000 GOR=   123.58  SM3/SM3 WGR=   0.0000  SM3/SM3   

 STEP   38 TIME=     37.00  DAYS (    +1.0  DAYS MAXS  1 ITS) (8-DEC-2018)       
  PAV=   261.7  BARSA  WCT=0.000 GOR=   123.72  SM3/SM3 WGR=   0.0000  SM3/SM3   

 STEP   39 TIME=     38.00  DAYS (    +1.0  DAYS MAXS  1 ITS) (9-DEC-2018)       
  PAV=   261.4  BARSA  WCT=0.000 GOR=   123.87  SM3/SM3 WGR=   0.0000  SM3/SM3   

 STEP   40 TIME=     39.00  DAYS (    +1.0  DAYS MAXS  1 ITS) (10-DEC-2018)      
  PAV=   261.2  BARSA  WCT=0.000 GOR=   124.02  SM3/SM3 WGR=   0.0000  SM3/SM3   

 STEP   41 TIME=     40.00  DAYS (    +1.0  DAYS MAXS  1 ITS) (11-DEC-2018)      
  PAV=   260.9  BARSA  WCT=0.000 GOR=   124.18  SM3/SM3 WGR=   0.0000  SM3/SM3   

 STEP   42 TIME=     41.00  DAYS (    +1.0  DAYS MAXS  1 ITS) (12-DEC-2018)      
  PAV=   260.7  BARSA  WCT=0.000 GOR=   124.33  SM3/SM3 WGR=   0.0000  SM3/SM3   

 STEP   43 TIME=     42.00  DAYS (    +1.0  DAYS MAXS  1 ITS) (13-DEC-2018)      
  PAV=   260.4  BARSA  WCT=0.000 GOR=   124.50  SM3/SM3 WGR=   0.0000  SM3/SM3   

 STEP   44 TIME=     43.00  DAYS (    +1.0  DAYS MAXS  1 ITS) (14-DEC-2018)      
  PAV=   260.2  BARSA  WCT=0.000 GOR=   124.68  SM3/SM3 WGR=   0.0000  SM3/SM3   

 STEP   45 TIME=     44.00  DAYS (    +1.0  DAYS MAXS  1 ITS) (15-DEC-2018)      
  PAV=   259.9  BARSA  WCT=0.000 GOR=   125.00  SM3/SM3 WGR=   0.0000  SM3/SM3   

 STEP   46 TIME=     45.00  DAYS (    +1.0  DAYS MAXS  1 ITS) (16-DEC-2018)      
  PAV=   259.7  BARSA  WCT=0.000 GOR=   125.30  SM3/SM3 WGR=   0.0000  SM3/SM3   

 STEP   47 TIME=     46.00  DAYS (    +1.0  DAYS MAXS  1 ITS) (17-DEC-2018)      
  PAV=   259.4  BARSA  WCT=0.000 GOR=   125.61  SM3/SM3 WGR=   0.0000  SM3/SM3   

 STEP   48 TIME=     47.00  DAYS (    +1.0  DAYS MAXS  1 ITS) (18-DEC-2018)      
  PAV=   259.2  BARSA  WCT=0.000 GOR=   125.92  SM3/SM3 WGR=   0.0000  SM3/SM3   

 STEP   49 TIME=     48.00  DAYS (    +1.0  DAYS MAXS  1 ITS) (19-DEC-2018)      
  PAV=   259.0  BARSA  WCT=0.000 GOR=   126.23  SM3/SM3 WGR=   0.0000  SM3/SM3   

 STEP   50 TIME=     49.00  DAYS (    +1.0  DAYS MAXS  1 ITS) (20-DEC-2018)      
  PAV=   258.7  BARSA  WCT=0.000 GOR=   126.54  SM3/SM3 WGR=   0.0000  SM3/SM3   

 STEP   51 TIME=     50.00  DAYS (    +1.0  DAYS MAXS  1 ITS) (21-DEC-2018)      
  PAV=   258.5  BARSA  WCT=0.000 GOR=   126.86  SM3/SM3 WGR=   0.0000  SM3/SM3   

 STEP   52 TIME=     51.00  DAYS (    +1.0  DAYS MAXS  1 ITS) (22-DEC-2018)      
  PAV=   258.2  BARSA  WCT=0.000 GOR=   127.21  SM3/SM3 WGR=   0.0000  SM3/SM3   

 STEP   53 TIME=     52.00  DAYS (    +1.0  DAYS MAXS  1 ITS) (23-DEC-2018)      
  PAV=   258.0  BARSA  WCT=0.000 GOR=   127.56  SM3/SM3 WGR=   0.0000  SM3/SM3   

 STEP   54 TIME=     53.00  DAYS (    +1.0  DAYS MAXS  1 ITS) (24-DEC-2018)      
  PAV=   257.8  BARSA  WCT=0.000 GOR=   127.92  SM3/SM3 WGR=   0.0000  SM3/SM3   

 STEP   55 TIME=     54.00  DAYS (    +1.0  DAYS MAXS  1 ITS) (25-DEC-2018)      
  PAV=   257.5  BARSA  WCT=0.000 GOR=   128.28  SM3/SM3 WGR=   0.0000  SM3/SM3   

 STEP   56 TIME=     55.00  DAYS (    +1.0  DAYS MAXS  1 ITS) (26-DEC-2018)      
  PAV=   257.3  BARSA  WCT=0.000 GOR=   128.67  SM3/SM3 WGR=   0.0000  SM3/SM3   

 STEP   57 TIME=     56.00  DAYS (    +1.0  DAYS MAXS  1 ITS) (27-DEC-2018)      
  PAV=   257.0  BARSA  WCT=0.000 GOR=   129.08  SM3/SM3 WGR=   0.0000  SM3/SM3   

 STEP   58 TIME=     57.00  DAYS (    +1.0  DAYS MAXS  1 ITS) (28-DEC-2018)      
  PAV=   256.8  BARSA  WCT=0.000 GOR=   129.49  SM3/SM3 WGR=   0.0000  SM3/SM3   

 STEP   59 TIME=     58.00  DAYS (    +1.0  DAYS MAXS  1 ITS) (29-DEC-2018)      
  PAV=   256.6  BARSA  WCT=0.000 GOR=   129.92  SM3/SM3 WGR=   0.0000  SM3/SM3   

 STEP   60 TIME=     59.00  DAYS (    +1.0  DAYS MAXS  1 ITS) (30-DEC-2018)      
  PAV=   256.3  BARSA  WCT=0.000 GOR=   130.45  SM3/SM3 WGR=   0.0000  SM3/SM3   

 STEP   61 TIME=     60.00  DAYS (    +1.0  DAYS MAXS  1 ITS) (31-DEC-2018)      
  PAV=   256.1  BARSA  WCT=0.000 GOR=   131.03  SM3/SM3 WGR=   0.0000  SM3/SM3   

 STEP   62 TIME=     61.00  DAYS (    +1.0  DAYS REPT  1 ITS) (1-JAN-2019)       
  PAV=   255.9  BARSA  WCT=0.000 GOR=   131.60  SM3/SM3 WGR=   0.0000  SM3/SM3   

 @--MESSAGE  AT TIME       61.0   DAYS    ( 1-JAN-2019):
 @           RESTART FILE WRITTEN   REPORT     2                             
 @           RESTART INCLUDES FLUIDS IN PLACE                                
 @                            BUBBLE AND DEW POINT PRESSURES                 
    75 READING DATES   
1                             **********************************************************************   3
  SIMULATE AT     61.00  DAYS *                                                                        * ECLIPSE  VERSION 2019.1     
  REPORT   2     1 JAN 2019   *  RUN                                                                   * RUN AT 17:25 ON 04 NOV 2022 
                              **************************************************************************

 STEP   63 TIME=     62.00  DAYS (    +1.0  DAYS MAXS  1 ITS) (2-JAN-2019)       
  PAV=   255.6  BARSA  WCT=0.000 GOR=   132.17  SM3/SM3 WGR=   0.0000  SM3/SM3   

 STEP   64 TIME=     63.00  DAYS (    +1.0  DAYS MAXS  1 ITS) (3-JAN-2019)       
  PAV=   255.4  BARSA  WCT=0.000 GOR=   132.73  SM3/SM3 WGR=   0.0000  SM3/SM3   

 STEP   65 TIME=     64.00  DAYS (    +1.0  DAYS MAXS  1 ITS) (4-JAN-2019)       
  PAV=   255.2  BARSA  WCT=0.000 GOR=   133.30  SM3/SM3 WGR=   0.0000  SM3/SM3   

 STEP   66 TIME=     65.00  DAYS (    +1.0  DAYS MAXS  1 ITS) (5-JAN-2019)       
  PAV=   255.0  BARSA  WCT=0.000 GOR=   133.90  SM3/SM3 WGR=   0.0000  SM3/SM3   

 STEP   67 TIME=     66.00  DAYS (    +1.0  DAYS MAXS  1 ITS) (6-JAN-2019)       
  PAV=   254.7  BARSA  WCT=0.000 GOR=   134.54  SM3/SM3 WGR=   0.0000  SM3/SM3   

 STEP   68 TIME=     67.00  DAYS (    +1.0  DAYS MAXS  1 ITS) (7-JAN-2019)       
  PAV=   254.5  BARSA  WCT=0.000 GOR=   135.19  SM3/SM3 WGR=   0.0000  SM3/SM3   

 STEP   69 TIME=     68.00  DAYS (    +1.0  DAYS MAXS  1 ITS) (8-JAN-2019)       
  PAV=   254.3  BARSA  WCT=0.000 GOR=   135.87  SM3/SM3 WGR=   0.0000  SM3/SM3   

 STEP   70 TIME=     69.00  DAYS (    +1.0  DAYS MAXS  1 ITS) (9-JAN-2019)       
  PAV=   254.0  BARSA  WCT=0.000 GOR=   136.52  SM3/SM3 WGR=   0.0000  SM3/SM3   

 STEP   71 TIME=     70.00  DAYS (    +1.0  DAYS MAXS  1 ITS) (10-JAN-2019)      
  PAV=   253.8  BARSA  WCT=0.000 GOR=   137.20  SM3/SM3 WGR=   0.0000  SM3/SM3   

 STEP   72 TIME=     71.00  DAYS (    +1.0  DAYS MAXS  1 ITS) (11-JAN-2019)      
  PAV=   253.6  BARSA  WCT=0.000 GOR=   137.92  SM3/SM3 WGR=   0.0000  SM3/SM3   

 STEP   73 TIME=     72.00  DAYS (    +1.0  DAYS MAXS  1 ITS) (12-JAN-2019)      
  PAV=   253.3  BARSA  WCT=0.000 GOR=   138.73  SM3/SM3 WGR=   0.0000  SM3/SM3   

 STEP   74 TIME=     73.00  DAYS (    +1.0  DAYS MAXS  1 ITS) (13-JAN-2019)      
  PAV=   253.1  BARSA  WCT=0.000 GOR=   139.66  SM3/SM3 WGR=   0.0000  SM3/SM3   

 STEP   75 TIME=     74.00  DAYS (    +1.0  DAYS MAXS  1 ITS) (14-JAN-2019)      
  PAV=   252.9  BARSA  WCT=0.000 GOR=   140.60  SM3/SM3 WGR=   0.0000  SM3/SM3   

 STEP   76 TIME=     75.00  DAYS (    +1.0  DAYS MAXS  1 ITS) (15-JAN-2019)      
  PAV=   252.6  BARSA  WCT=0.000 GOR=   141.56  SM3/SM3 WGR=   0.0000  SM3/SM3   

 STEP   77 TIME=     76.00  DAYS (    +1.0  DAYS MAXS  1 ITS) (16-JAN-2019)      
  PAV=   252.4  BARSA  WCT=0.000 GOR=   142.58  SM3/SM3 WGR=   0.0000  SM3/SM3   

 STEP   78 TIME=     77.00  DAYS (    +1.0  DAYS MAXS  1 ITS) (17-JAN-2019)      
  PAV=   252.2  BARSA  WCT=0.000 GOR=   143.61  SM3/SM3 WGR=   0.0000  SM3/SM3   

 STEP   79 TIME=     78.00  DAYS (    +1.0  DAYS MAXS  1 ITS) (18-JAN-2019)      
  PAV=   251.9  BARSA  WCT=0.000 GOR=   144.68  SM3/SM3 WGR=   0.0000  SM3/SM3   

 STEP   80 TIME=     79.00  DAYS (    +1.0  DAYS MAXS  1 ITS) (19-JAN-2019)      
  PAV=   251.7  BARSA  WCT=0.000 GOR=   145.77  SM3/SM3 WGR=   0.0000  SM3/SM3   

 STEP   81 TIME=     80.00  DAYS (    +1.0  DAYS MAXS  1 ITS) (20-JAN-2019)      
  PAV=   251.4  BARSA  WCT=0.000 GOR=   146.89  SM3/SM3 WGR=   0.0000  SM3/SM3   

 STEP   82 TIME=     81.00  DAYS (    +1.0  DAYS MAXS  1 ITS) (21-JAN-2019)      
  PAV=   251.2  BARSA  WCT=0.000 GOR=   148.02  SM3/SM3 WGR=   0.0000  SM3/SM3   

 STEP   83 TIME=     82.00  DAYS (    +1.0  DAYS MAXS  1 ITS) (22-JAN-2019)      
  PAV=   250.9  BARSA  WCT=0.000 GOR=   149.21  SM3/SM3 WGR=   0.0000  SM3/SM3   

 STEP   84 TIME=     83.00  DAYS (    +1.0  DAYS MAXS  1 ITS) (23-JAN-2019)      
  PAV=   250.6  BARSA  WCT=0.000 GOR=   150.44  SM3/SM3 WGR=   0.0000  SM3/SM3   

 STEP   85 TIME=     84.00  DAYS (    +1.0  DAYS MAXS  1 ITS) (24-JAN-2019)      
  PAV=   250.3  BARSA  WCT=0.000 GOR=   152.11  SM3/SM3 WGR=   0.0000  SM3/SM3   

 STEP   86 TIME=     85.00  DAYS (    +1.0  DAYS MAXS  1 ITS) (25-JAN-2019)      
  PAV=   250.0  BARSA  WCT=0.000 GOR=   153.67  SM3/SM3 WGR=   0.0000  SM3/SM3   

 STEP   87 TIME=     86.00  DAYS (    +1.0  DAYS MAXS  1 ITS) (26-JAN-2019)      
  PAV=   249.8  BARSA  WCT=0.000 GOR=   155.18  SM3/SM3 WGR=   0.0000  SM3/SM3   

 STEP   88 TIME=     87.00  DAYS (    +1.0  DAYS MAXS  1 ITS) (27-JAN-2019)      
  PAV=   249.5  BARSA  WCT=0.000 GOR=   156.64  SM3/SM3 WGR=   0.0000  SM3/SM3   

 STEP   89 TIME=     88.00  DAYS (    +1.0  DAYS MAXS  1 ITS) (28-JAN-2019)      
  PAV=   249.2  BARSA  WCT=0.000 GOR=   158.09  SM3/SM3 WGR=   0.0000  SM3/SM3   

 STEP   90 TIME=     89.00  DAYS (    +1.0  DAYS MAXS  1 ITS) (29-JAN-2019)      
  PAV=   248.9  BARSA  WCT=0.000 GOR=   159.53  SM3/SM3 WGR=   0.0000  SM3/SM3   

 STEP   91 TIME=     90.00  DAYS (    +1.0  DAYS MAXS  1 ITS) (30-JAN-2019)      
  PAV=   248.6  BARSA  WCT=0.000 GOR=   160.97  SM3/SM3 WGR=   0.0000  SM3/SM3   

 STEP   92 TIME=     91.00  DAYS (    +1.0  DAYS MAXS  1 ITS) (31-JAN-2019)      
  PAV=   248.3  BARSA  WCT=0.000 GOR=   162.44  SM3/SM3 WGR=   0.0000  SM3/SM3   

 STEP   93 TIME=     92.00  DAYS (    +1.0  DAYS MAXS  1 ITS) (1-FEB-2019)       
  PAV=   248.0  BARSA  WCT=0.000 GOR=   163.93  SM3/SM3 WGR=   0.0000  SM3/SM3   

 STEP   94 TIME=     93.00  DAYS (    +1.0  DAYS MAXS  1 ITS) (2-FEB-2019)       
  PAV=   247.6  BARSA  WCT=0.000 GOR=   165.44  SM3/SM3 WGR=   0.0000  SM3/SM3   

 STEP   95 TIME=     94.00  DAYS (    +1.0  DAYS MAXS  1 ITS) (3-FEB-2019)       
  PAV=   247.3  BARSA  WCT=0.000 GOR=   166.98  SM3/SM3 WGR=   0.0000  SM3/SM3   

 STEP   96 TIME=     95.00  DAYS (    +1.0  DAYS MAXS  1 ITS) (4-FEB-2019)       
  PAV=   247.0  BARSA  WCT=0.000 GOR=   168.55  SM3/SM3 WGR=   0.0000  SM3/SM3   

 STEP   97 TIME=     96.00  DAYS (    +1.0  DAYS MAXS  1 ITS) (5-FEB-2019)       
  PAV=   246.7  BARSA  WCT=0.000 GOR=   170.14  SM3/SM3 WGR=   0.0000  SM3/SM3   

 STEP   98 TIME=     97.00  DAYS (    +1.0  DAYS MAXS  1 ITS) (6-FEB-2019)       
  PAV=   246.4  BARSA  WCT=0.000 GOR=   171.80  SM3/SM3 WGR=   0.0000  SM3/SM3   

 STEP   99 TIME=     98.00  DAYS (    +1.0  DAYS MAXS  1 ITS) (7-FEB-2019)       
  PAV=   246.1  BARSA  WCT=0.000 GOR=   173.48  SM3/SM3 WGR=   0.0000  SM3/SM3   

 STEP  100 TIME=     99.00  DAYS (    +1.0  DAYS MAXS  1 ITS) (8-FEB-2019)       
  PAV=   245.8  BARSA  WCT=0.000 GOR=   175.22  SM3/SM3 WGR=   0.0000  SM3/SM3   

 STEP  101 TIME=    100.00  DAYS (    +1.0  DAYS MAXS  1 ITS) (9-FEB-2019)       
  PAV=   245.5  BARSA  WCT=0.000 GOR=   176.98  SM3/SM3 WGR=   0.0000  SM3/SM3   

 STEP  102 TIME=    101.00  DAYS (    +1.0  DAYS MAXS  1 ITS) (10-FEB-2019)      
  PAV=   245.1  BARSA  WCT=0.000 GOR=   178.77  SM3/SM3 WGR=   0.0000  SM3/SM3   

 STEP  103 TIME=    102.00  DAYS (    +1.0  DAYS MAXS  1 ITS) (11-FEB-2019)      
  PAV=   244.8  BARSA  WCT=0.000 GOR=   180.60  SM3/SM3 WGR=   0.0000  SM3/SM3   

 STEP  104 TIME=    103.00  DAYS (    +1.0  DAYS MAXS  1 ITS) (12-FEB-2019)      
  PAV=   244.5  BARSA  WCT=0.000 GOR=   182.46  SM3/SM3 WGR=   0.0000  SM3/SM3   

 STEP  105 TIME=    104.00  DAYS (    +1.0  DAYS MAXS  1 ITS) (13-FEB-2019)      
  PAV=   244.2  BARSA  WCT=0.000 GOR=   184.36  SM3/SM3 WGR=   0.0000  SM3/SM3   

 STEP  106 TIME=    105.00  DAYS (    +1.0  DAYS MAXS  1 ITS) (14-FEB-2019)      
  PAV=   243.9  BARSA  WCT=0.000 GOR=   186.29  SM3/SM3 WGR=   0.0000  SM3/SM3   

 STEP  107 TIME=    106.00  DAYS (    +1.0  DAYS MAXS  1 ITS) (15-FEB-2019)      
  PAV=   243.6  BARSA  WCT=0.000 GOR=   188.27  SM3/SM3 WGR=   0.0000  SM3/SM3   

 STEP  108 TIME=    107.00  DAYS (    +1.0  DAYS MAXS  1 ITS) (16-FEB-2019)      
  PAV=   243.2  BARSA  WCT=0.000 GOR=   190.31  SM3/SM3 WGR=   0.0000  SM3/SM3   

 STEP  109 TIME=    108.00  DAYS (    +1.0  DAYS MAXS  1 ITS) (17-FEB-2019)      
  PAV=   242.9  BARSA  WCT=0.000 GOR=   192.62  SM3/SM3 WGR=   0.0000  SM3/SM3   

 STEP  110 TIME=    109.00  DAYS (    +1.0  DAYS MAXS  1 ITS) (18-FEB-2019)      
  PAV=   242.6  BARSA  WCT=0.000 GOR=   194.88  SM3/SM3 WGR=   0.0000  SM3/SM3   

 STEP  111 TIME=    110.00  DAYS (    +1.0  DAYS MAXS  1 ITS) (19-FEB-2019)      
  PAV=   242.3  BARSA  WCT=0.000 GOR=   197.12  SM3/SM3 WGR=   0.0000  SM3/SM3   

 STEP  112 TIME=    111.00  DAYS (    +1.0  DAYS MAXS  1 ITS) (20-FEB-2019)      
  PAV=   242.0  BARSA  WCT=0.000 GOR=   199.37  SM3/SM3 WGR=   0.0000  SM3/SM3   

 STEP  113 TIME=    112.00  DAYS (    +1.0  DAYS MAXS  1 ITS) (21-FEB-2019)      
  PAV=   241.6  BARSA  WCT=0.000 GOR=   201.63  SM3/SM3 WGR=   0.0000  SM3/SM3   

 STEP  114 TIME=    113.00  DAYS (    +1.0  DAYS MAXS  1 ITS) (22-FEB-2019)      
  PAV=   241.3  BARSA  WCT=0.000 GOR=   203.96  SM3/SM3 WGR=   0.0000  SM3/SM3   

 STEP  115 TIME=    114.00  DAYS (    +1.0  DAYS MAXS  1 ITS) (23-FEB-2019)      
  PAV=   241.0  BARSA  WCT=0.000 GOR=   206.31  SM3/SM3 WGR=   0.0000  SM3/SM3   

 STEP  116 TIME=    115.00  DAYS (    +1.0  DAYS MAXS  1 ITS) (24-FEB-2019)      
  PAV=   240.6  BARSA  WCT=0.000 GOR=   208.70  SM3/SM3 WGR=   0.0000  SM3/SM3   

 STEP  117 TIME=    116.00  DAYS (    +1.0  DAYS MAXS  1 ITS) (25-FEB-2019)      
  PAV=   240.3  BARSA  WCT=0.000 GOR=   211.10  SM3/SM3 WGR=   0.0000  SM3/SM3   

 STEP  118 TIME=    117.00  DAYS (    +1.0  DAYS MAXS  1 ITS) (26-FEB-2019)      
  PAV=   240.0  BARSA  WCT=0.000 GOR=   213.56  SM3/SM3 WGR=   0.0000  SM3/SM3   

 STEP  119 TIME=    118.00  DAYS (    +1.0  DAYS MAXS  1 ITS) (27-FEB-2019)      
  PAV=   239.7  BARSA  WCT=0.000 GOR=   216.04  SM3/SM3 WGR=   0.0000  SM3/SM3   

 STEP  120 TIME=    119.00  DAYS (    +1.0  DAYS MAXS  1 ITS) (28-FEB-2019)      
  PAV=   239.3  BARSA  WCT=0.000 GOR=   218.86  SM3/SM3 WGR=   0.0000  SM3/SM3   

 STEP  121 TIME=    120.00  DAYS (    +1.0  DAYS REPT  1 ITS) (1-MAR-2019)       
  PAV=   239.0  BARSA  WCT=0.000 GOR=   221.54  SM3/SM3 WGR=   0.0000  SM3/SM3   

 @--MESSAGE  AT TIME      120.0   DAYS    ( 1-MAR-2019):
 @           RESTART FILE WRITTEN   REPORT     3                             
 @           RESTART INCLUDES FLUIDS IN PLACE                                
 @                            BUBBLE AND DEW POINT PRESSURES                 
1                             **********************************************************************   4
  SIMULATE AT    120.00  DAYS *                                                                        * ECLIPSE  VERSION 2019.1     
  REPORT   3     1 MAR 2019   *  RUN                                                                   * RUN AT 17:25 ON 04 NOV 2022 
                              **************************************************************************

 STEP  122 TIME=    121.00  DAYS (    +1.0  DAYS MAXS  1 ITS) (2-MAR-2019)       
  PAV=   238.6  BARSA  WCT=0.000 GOR=   224.26  SM3/SM3 WGR=   0.0000  SM3/SM3   

 STEP  123 TIME=    122.00  DAYS (    +1.0  DAYS MAXS  1 ITS) (3-MAR-2019)       
  PAV=   238.3  BARSA  WCT=0.000 GOR=   226.98  SM3/SM3 WGR=   0.0000  SM3/SM3   

 STEP  124 TIME=    123.00  DAYS (    +1.0  DAYS MAXS  1 ITS) (4-MAR-2019)       
  PAV=   238.0  BARSA  WCT=0.000 GOR=   229.74  SM3/SM3 WGR=   0.0000  SM3/SM3   

 STEP  125 TIME=    124.00  DAYS (    +1.0  DAYS MAXS  1 ITS) (5-MAR-2019)       
  PAV=   237.6  BARSA  WCT=0.000 GOR=   232.51  SM3/SM3 WGR=   0.0000  SM3/SM3   

 STEP  126 TIME=    125.00  DAYS (    +1.0  DAYS MAXS  1 ITS) (6-MAR-2019)       
  PAV=   237.3  BARSA  WCT=0.000 GOR=   235.30  SM3/SM3 WGR=   0.0000  SM3/SM3   

 STEP  127 TIME=    126.00  DAYS (    +1.0  DAYS MAXS  1 ITS) (7-MAR-2019)       
  PAV=   236.9  BARSA  WCT=0.000 GOR=   238.11  SM3/SM3 WGR=   0.0000  SM3/SM3   

 STEP  128 TIME=    127.00  DAYS (    +1.0  DAYS MAXS  1 ITS) (8-MAR-2019)       
  PAV=   236.6  BARSA  WCT=0.000 GOR=   240.96  SM3/SM3 WGR=   0.0000  SM3/SM3   

 STEP  129 TIME=    128.00  DAYS (    +1.0  DAYS MAXS  1 ITS) (9-MAR-2019)       
  PAV=   236.2  BARSA  WCT=0.000 GOR=   243.87  SM3/SM3 WGR=   0.0000  SM3/SM3   

 STEP  130 TIME=    129.00  DAYS (    +1.0  DAYS MAXS  1 ITS) (10-MAR-2019)      
  PAV=   235.9  BARSA  WCT=0.000 GOR=   246.86  SM3/SM3 WGR=   0.0000  SM3/SM3   

 STEP  131 TIME=    130.00  DAYS (    +1.0  DAYS MAXS  1 ITS) (11-MAR-2019)      
  PAV=   235.5  BARSA  WCT=0.000 GOR=   250.09  SM3/SM3 WGR=   0.0000  SM3/SM3   

 STEP  132 TIME=    131.00  DAYS (    +1.0  DAYS MAXS  1 ITS) (12-MAR-2019)      
  PAV=   235.2  BARSA  WCT=0.000 GOR=   253.28  SM3/SM3 WGR=   0.0000  SM3/SM3   

 STEP  133 TIME=    132.00  DAYS (    +1.0  DAYS MAXS  1 ITS) (13-MAR-2019)      
  PAV=   234.8  BARSA  WCT=0.000 GOR=   256.45  SM3/SM3 WGR=   0.0000  SM3/SM3   

 STEP  134 TIME=    133.00  DAYS (    +1.0  DAYS MAXS  1 ITS) (14-MAR-2019)      
  PAV=   234.5  BARSA  WCT=0.000 GOR=   259.62  SM3/SM3 WGR=   0.0000  SM3/SM3   

 STEP  135 TIME=    134.00  DAYS (    +1.0  DAYS MAXS  1 ITS) (15-MAR-2019)      
  PAV=   234.1  BARSA  WCT=0.000 GOR=   262.79  SM3/SM3 WGR=   0.0000  SM3/SM3   

 STEP  136 TIME=    135.00  DAYS (    +1.0  DAYS MAXS  1 ITS) (16-MAR-2019)      
  PAV=   233.7  BARSA  WCT=0.000 GOR=   265.97  SM3/SM3 WGR=   0.0000  SM3/SM3   

 STEP  137 TIME=    136.00  DAYS (    +1.0  DAYS MAXS  1 ITS) (17-MAR-2019)      
  PAV=   233.4  BARSA  WCT=0.000 GOR=   269.20  SM3/SM3 WGR=   0.0000  SM3/SM3   

 STEP  138 TIME=    137.00  DAYS (    +1.0  DAYS MAXS  1 ITS) (18-MAR-2019)      
  PAV=   233.0  BARSA  WCT=0.000 GOR=   272.49  SM3/SM3 WGR=   0.0000  SM3/SM3   

 STEP  139 TIME=    138.00  DAYS (    +1.0  DAYS MAXS  1 ITS) (19-MAR-2019)      
  PAV=   232.6  BARSA  WCT=0.000 GOR=   275.82  SM3/SM3 WGR=   0.0000  SM3/SM3   

 STEP  140 TIME=    139.00  DAYS (    +1.0  DAYS MAXS  1 ITS) (20-MAR-2019)      
  PAV=   232.2  BARSA  WCT=0.000 GOR=   279.18  SM3/SM3 WGR=   0.0000  SM3/SM3   

 STEP  141 TIME=    140.00  DAYS (    +1.0  DAYS MAXS  1 ITS) (21-MAR-2019)      
  PAV=   231.9  BARSA  WCT=0.000 GOR=   282.58  SM3/SM3 WGR=   0.0000  SM3/SM3   

 STEP  142 TIME=    141.00  DAYS (    +1.0  DAYS MAXS  1 ITS) (22-MAR-2019)      
  PAV=   231.5  BARSA  WCT=0.000 GOR=   286.23  SM3/SM3 WGR=   0.0000  SM3/SM3   

 STEP  143 TIME=    142.00  DAYS (    +1.0  DAYS MAXS  1 ITS) (23-MAR-2019)      
  PAV=   231.1  BARSA  WCT=0.000 GOR=   289.83  SM3/SM3 WGR=   0.0000  SM3/SM3   

 STEP  144 TIME=    143.00  DAYS (    +1.0  DAYS MAXS  1 ITS) (24-MAR-2019)      
  PAV=   230.7  BARSA  WCT=0.000 GOR=   293.42  SM3/SM3 WGR=   0.0000  SM3/SM3   

 STEP  145 TIME=    144.00  DAYS (    +1.0  DAYS MAXS  1 ITS) (25-MAR-2019)      
  PAV=   230.3  BARSA  WCT=0.000 GOR=   297.00  SM3/SM3 WGR=   0.0000  SM3/SM3   

 STEP  146 TIME=    145.00  DAYS (    +1.0  DAYS MAXS  1 ITS) (26-MAR-2019)      
  PAV=   229.9  BARSA  WCT=0.000 GOR=   300.61  SM3/SM3 WGR=   0.0000  SM3/SM3   

 STEP  147 TIME=    146.00  DAYS (    +1.0  DAYS MAXS  1 ITS) (27-MAR-2019)      
  PAV=   229.6  BARSA  WCT=0.000 GOR=   304.23  SM3/SM3 WGR=   0.0000  SM3/SM3   

 STEP  148 TIME=    147.00  DAYS (    +1.0  DAYS MAXS  1 ITS) (28-MAR-2019)      
  PAV=   229.2  BARSA  WCT=0.000 GOR=   307.84  SM3/SM3 WGR=   0.0000  SM3/SM3   

 STEP  149 TIME=    148.00  DAYS (    +1.0  DAYS MAXS  1 ITS) (29-MAR-2019)      
  PAV=   228.8  BARSA  WCT=0.000 GOR=   311.58  SM3/SM3 WGR=   0.0000  SM3/SM3   

 STEP  150 TIME=    149.00  DAYS (    +1.0  DAYS MAXS  1 ITS) (30-MAR-2019)      
  PAV=   228.4  BARSA  WCT=0.000 GOR=   315.30  SM3/SM3 WGR=   0.0000  SM3/SM3   

 STEP  151 TIME=    150.00  DAYS (    +1.0  DAYS MAXS  1 ITS) (31-MAR-2019)      
  PAV=   228.0  BARSA  WCT=0.000 GOR=   319.06  SM3/SM3 WGR=   0.0000  SM3/SM3   

 STEP  152 TIME=    151.00  DAYS (    +1.0  DAYS REPT  1 ITS) (1-APR-2019)       
  PAV=   227.6  BARSA  WCT=0.000 GOR=   322.87  SM3/SM3 WGR=   0.0000  SM3/SM3   

 @--MESSAGE  AT TIME      151.0   DAYS    ( 1-APR-2019):
 @           RESTART FILE WRITTEN   REPORT     4                             
 @           RESTART INCLUDES FLUIDS IN PLACE                                
 @                            BUBBLE AND DEW POINT PRESSURES                 
1                             **********************************************************************   5
  SIMULATE AT    151.00  DAYS *                                                                        * ECLIPSE  VERSION 2019.1     
  REPORT   4     1 APR 2019   *  RUN                                                                   * RUN AT 17:25 ON 04 NOV 2022 
                              **************************************************************************

 STEP  153 TIME=    152.00  DAYS (    +1.0  DAYS MAXS  1 ITS) (2-APR-2019)       
  PAV=   227.2  BARSA  WCT=0.000 GOR=   326.97  SM3/SM3 WGR=   0.0000  SM3/SM3   

 STEP  154 TIME=    153.00  DAYS (    +1.0  DAYS MAXS  1 ITS) (3-APR-2019)       
  PAV=   226.7  BARSA  WCT=0.000 GOR=   331.06  SM3/SM3 WGR=   0.0000  SM3/SM3   

 STEP  155 TIME=    154.00  DAYS (    +1.0  DAYS MAXS  1 ITS) (4-APR-2019)       
  PAV=   226.3  BARSA  WCT=0.000 GOR=   335.12  SM3/SM3 WGR=   0.0000  SM3/SM3   

 STEP  156 TIME=    155.00  DAYS (    +1.0  DAYS MAXS  1 ITS) (5-APR-2019)       
  PAV=   225.9  BARSA  WCT=0.000 GOR=   339.16  SM3/SM3 WGR=   0.0000  SM3/SM3   

 STEP  157 TIME=    156.00  DAYS (    +1.0  DAYS MAXS  1 ITS) (6-APR-2019)       
  PAV=   225.5  BARSA  WCT=0.000 GOR=   343.23  SM3/SM3 WGR=   0.0000  SM3/SM3   

 STEP  158 TIME=    157.00  DAYS (    +1.0  DAYS MAXS  1 ITS) (7-APR-2019)       
  PAV=   225.1  BARSA  WCT=0.000 GOR=   347.37  SM3/SM3 WGR=   0.0000  SM3/SM3   

 STEP  159 TIME=    158.00  DAYS (    +1.0  DAYS MAXS  1 ITS) (8-APR-2019)       
  PAV=   224.6  BARSA  WCT=0.000 GOR=   351.56  SM3/SM3 WGR=   0.0000  SM3/SM3   

 STEP  160 TIME=    159.00  DAYS (    +1.0  DAYS MAXS  1 ITS) (9-APR-2019)       
  PAV=   224.2  BARSA  WCT=0.000 GOR=   355.82  SM3/SM3 WGR=   0.0000  SM3/SM3   

 STEP  161 TIME=    160.00  DAYS (    +1.0  DAYS MAXS  1 ITS) (10-APR-2019)      
  PAV=   223.7  BARSA  WCT=0.000 GOR=   360.06  SM3/SM3 WGR=   0.0000  SM3/SM3   

 STEP  162 TIME=    161.00  DAYS (    +1.0  DAYS MAXS  1 ITS) (11-APR-2019)      
  PAV=   223.3  BARSA  WCT=0.000 GOR=   364.34  SM3/SM3 WGR=   0.0000  SM3/SM3   

 STEP  163 TIME=    162.00  DAYS (    +1.0  DAYS MAXS  1 ITS) (12-APR-2019)      
  PAV=   222.8  BARSA  WCT=0.000 GOR=   368.71  SM3/SM3 WGR=   0.0000  SM3/SM3   

 STEP  164 TIME=    163.00  DAYS (    +1.0  DAYS MAXS  1 ITS) (13-APR-2019)      
  PAV=   222.4  BARSA  WCT=0.000 GOR=   373.11  SM3/SM3 WGR=   0.0000  SM3/SM3   

 STEP  165 TIME=    164.00  DAYS (    +1.0  DAYS MAXS  1 ITS) (14-APR-2019)      
  PAV=   221.9  BARSA  WCT=0.000 GOR=   377.95  SM3/SM3 WGR=   0.0000  SM3/SM3   

 STEP  166 TIME=    165.00  DAYS (    +1.0  DAYS MAXS  1 ITS) (15-APR-2019)      
  PAV=   221.5  BARSA  WCT=0.000 GOR=   382.54  SM3/SM3 WGR=   0.0000  SM3/SM3   

 STEP  167 TIME=    166.00  DAYS (    +1.0  DAYS MAXS  1 ITS) (16-APR-2019)      
  PAV=   221.0  BARSA  WCT=0.000 GOR=   387.13  SM3/SM3 WGR=   0.0000  SM3/SM3   

 STEP  168 TIME=    167.00  DAYS (    +1.0  DAYS MAXS  1 ITS) (17-APR-2019)      
  PAV=   220.5  BARSA  WCT=0.000 GOR=   391.73  SM3/SM3 WGR=   0.0000  SM3/SM3   

 STEP  169 TIME=    168.00  DAYS (    +1.0  DAYS MAXS  1 ITS) (18-APR-2019)      
  PAV=   220.0  BARSA  WCT=0.000 GOR=   396.41  SM3/SM3 WGR=   0.0000  SM3/SM3   

 STEP  170 TIME=    169.00  DAYS (    +1.0  DAYS MAXS  1 ITS) (19-APR-2019)      
  PAV=   219.6  BARSA  WCT=0.000 GOR=   401.07  SM3/SM3 WGR=   0.0000  SM3/SM3   

 STEP  171 TIME=    170.00  DAYS (    +1.0  DAYS MAXS  1 ITS) (20-APR-2019)      
  PAV=   219.1  BARSA  WCT=0.000 GOR=   405.78  SM3/SM3 WGR=   0.0000  SM3/SM3   

 STEP  172 TIME=    171.00  DAYS (    +1.0  DAYS MAXS  1 ITS) (21-APR-2019)      
  PAV=   218.6  BARSA  WCT=0.000 GOR=   410.59  SM3/SM3 WGR=   0.0000  SM3/SM3   

 STEP  173 TIME=    172.00  DAYS (    +1.0  DAYS MAXS  1 ITS) (22-APR-2019)      
  PAV=   218.1  BARSA  WCT=0.000 GOR=   415.39  SM3/SM3 WGR=   0.0000  SM3/SM3   

 STEP  174 TIME=    173.00  DAYS (    +1.0  DAYS MAXS  1 ITS) (23-APR-2019)      
  PAV=   217.6  BARSA  WCT=0.000 GOR=   420.25  SM3/SM3 WGR=   0.0000  SM3/SM3   

 STEP  175 TIME=    174.00  DAYS (    +1.0  DAYS MAXS  1 ITS) (24-APR-2019)      
  PAV=   217.1  BARSA  WCT=0.000 GOR=   425.16  SM3/SM3 WGR=   0.0000  SM3/SM3   

 STEP  176 TIME=    175.00  DAYS (    +1.0  DAYS MAXS  1 ITS) (25-APR-2019)      
  PAV=   216.6  BARSA  WCT=0.000 GOR=   430.06  SM3/SM3 WGR=   0.0000  SM3/SM3   

 STEP  177 TIME=    176.00  DAYS (    +1.0  DAYS MAXS  1 ITS) (26-APR-2019)      
  PAV=   216.1  BARSA  WCT=0.000 GOR=   435.34  SM3/SM3 WGR=   0.0000  SM3/SM3   

 STEP  178 TIME=    177.00  DAYS (    +1.0  DAYS MAXS  1 ITS) (27-APR-2019)      
  PAV=   215.6  BARSA  WCT=0.000 GOR=   440.47  SM3/SM3 WGR=   0.0000  SM3/SM3   

 STEP  179 TIME=    178.00  DAYS (    +1.0  DAYS MAXS  1 ITS) (28-APR-2019)      
  PAV=   215.1  BARSA  WCT=0.000 GOR=   445.65  SM3/SM3 WGR=   0.0000  SM3/SM3   

 STEP  180 TIME=    179.00  DAYS (    +1.0  DAYS MAXS  1 ITS) (29-APR-2019)      
  PAV=   214.6  BARSA  WCT=0.000 GOR=   450.80  SM3/SM3 WGR=   0.0000  SM3/SM3   

 STEP  181 TIME=    180.00  DAYS (    +1.0  DAYS MAXS  1 ITS) (30-APR-2019)      
  PAV=   214.0  BARSA  WCT=0.000 GOR=   455.97  SM3/SM3 WGR=   0.0000  SM3/SM3   

 STEP  182 TIME=    181.00  DAYS (    +1.0  DAYS MAXS  1 ITS) (1-MAY-2019)       
  PAV=   213.5  BARSA  WCT=0.000 GOR=   461.17  SM3/SM3 WGR=   0.0000  SM3/SM3   

 STEP  183 TIME=    182.00  DAYS (    +1.0  DAYS MAXS  1 ITS) (2-MAY-2019)       
  PAV=   213.0  BARSA  WCT=0.000 GOR=   466.45  SM3/SM3 WGR=   0.0000  SM3/SM3   

 STEP  184 TIME=    183.00  DAYS (    +1.0  DAYS MAXS  1 ITS) (3-MAY-2019)       
  PAV=   212.5  BARSA  WCT=0.000 GOR=   471.73  SM3/SM3 WGR=   0.0000  SM3/SM3   

 STEP  185 TIME=    184.00  DAYS (    +1.0  DAYS MAXS  1 ITS) (4-MAY-2019)       
  PAV=   211.9  BARSA  WCT=0.000 GOR=   477.06  SM3/SM3 WGR=   0.0000  SM3/SM3   

 STEP  186 TIME=    185.00  DAYS (    +1.0  DAYS MAXS  1 ITS) (5-MAY-2019)       
  PAV=   211.4  BARSA  WCT=0.000 GOR=   482.38  SM3/SM3 WGR=   0.0000  SM3/SM3   

 STEP  187 TIME=    186.00  DAYS (    +1.0  DAYS MAXS  1 ITS) (6-MAY-2019)       
  PAV=   210.8  BARSA  WCT=0.000 GOR=   487.74  SM3/SM3 WGR=   0.0000  SM3/SM3   

 STEP  188 TIME=    187.00  DAYS (    +1.0  DAYS MAXS  1 ITS) (7-MAY-2019)       
  PAV=   210.3  BARSA  WCT=0.000 GOR=   493.10  SM3/SM3 WGR=   0.0000  SM3/SM3   

 STEP  189 TIME=    188.00  DAYS (    +1.0  DAYS MAXS  1 ITS) (8-MAY-2019)       
  PAV=   209.7  BARSA  WCT=0.000 GOR=   498.55  SM3/SM3 WGR=   0.0000  SM3/SM3   

 STEP  190 TIME=    189.00  DAYS (    +1.0  DAYS MAXS  1 ITS) (9-MAY-2019)       
  PAV=   209.2  BARSA  WCT=0.000 GOR=   504.29  SM3/SM3 WGR=   0.0000  SM3/SM3   

 STEP  191 TIME=    190.00  DAYS (    +1.0  DAYS MAXS  1 ITS) (10-MAY-2019)      
  PAV=   208.6  BARSA  WCT=0.000 GOR=   509.98  SM3/SM3 WGR=   0.0000  SM3/SM3   

 STEP  192 TIME=    191.00  DAYS (    +1.0  DAYS MAXS  1 ITS) (11-MAY-2019)      
  PAV=   208.1  BARSA  WCT=0.000 GOR=   515.64  SM3/SM3 WGR=   0.0000  SM3/SM3   

 STEP  193 TIME=    192.00  DAYS (    +1.0  DAYS MAXS  1 ITS) (12-MAY-2019)      
  PAV=   207.5  BARSA  WCT=0.000 GOR=   521.27  SM3/SM3 WGR=   0.0000  SM3/SM3   

 STEP  194 TIME=    193.00  DAYS (    +1.0  DAYS MAXS  1 ITS) (13-MAY-2019)      
  PAV=   206.9  BARSA  WCT=0.000 GOR=   526.94  SM3/SM3 WGR=   0.0000  SM3/SM3   

 @--MESSAGE  AT TIME      193.0   DAYS    (13-MAY-2019):
 @           ******************************************                      
 @           * WELL PROD1    HAS CHANGED TO           *                      
 @           * CONTROL BY BOTTOM HOLE PRESSURE        *                      
 @           * FROM TIME    193.00   DAYS  .          *                      
 @           ******************************************                      

 STEP  195 TIME=    194.00  DAYS (    +1.0  DAYS MAXS  2 ITS) (14-MAY-2019)      
  PAV=   206.4  BARSA  WCT=0.000 GOR=   532.77  SM3/SM3 WGR=   0.0000  SM3/SM3   

 STEP  196 TIME=    195.00  DAYS (    +1.0  DAYS MAXS  1 ITS) (15-MAY-2019)      
  PAV=   205.8  BARSA  WCT=0.000 GOR=   538.73  SM3/SM3 WGR=   0.0000  SM3/SM3   

 STEP  197 TIME=    196.00  DAYS (    +1.0  DAYS MAXS  1 ITS) (16-MAY-2019)      
  PAV=   205.2  BARSA  WCT=0.000 GOR=   544.78  SM3/SM3 WGR=   0.0000  SM3/SM3   

 STEP  198 TIME=    197.00  DAYS (    +1.0  DAYS MAXS  1 ITS) (17-MAY-2019)      
  PAV=   204.7  BARSA  WCT=0.000 GOR=   550.88  SM3/SM3 WGR=   0.0000  SM3/SM3   

 STEP  199 TIME=    198.00  DAYS (    +1.0  DAYS MAXS  1 ITS) (18-MAY-2019)      
  PAV=   204.1  BARSA  WCT=0.000 GOR=   557.01  SM3/SM3 WGR=   0.0000  SM3/SM3   

 STEP  200 TIME=    199.00  DAYS (    +1.0  DAYS MAXS  1 ITS) (19-MAY-2019)      
  PAV=   203.6  BARSA  WCT=0.000 GOR=   562.99  SM3/SM3 WGR=   0.0000  SM3/SM3   

 STEP  201 TIME=    200.00  DAYS (    +1.0  DAYS MAXS  1 ITS) (20-MAY-2019)      
  PAV=   203.0  BARSA  WCT=0.000 GOR=   569.15  SM3/SM3 WGR=   0.0000  SM3/SM3   

 STEP  202 TIME=    201.00  DAYS (    +1.0  DAYS MAXS  1 ITS) (21-MAY-2019)      
  PAV=   202.5  BARSA  WCT=0.000 GOR=   575.67  SM3/SM3 WGR=   0.0000  SM3/SM3   

 STEP  203 TIME=    202.00  DAYS (    +1.0  DAYS MAXS  1 ITS) (22-MAY-2019)      
  PAV=   201.9  BARSA  WCT=0.000 GOR=   582.22  SM3/SM3 WGR=   0.0000  SM3/SM3   

 STEP  204 TIME=    203.00  DAYS (    +1.0  DAYS MAXS  1 ITS) (23-MAY-2019)      
  PAV=   201.4  BARSA  WCT=0.000 GOR=   588.71  SM3/SM3 WGR=   0.0000  SM3/SM3   

 STEP  205 TIME=    204.00  DAYS (    +1.0  DAYS MAXS  1 ITS) (24-MAY-2019)      
  PAV=   200.9  BARSA  WCT=0.000 GOR=   595.14  SM3/SM3 WGR=   0.0000  SM3/SM3   

 STEP  206 TIME=    205.00  DAYS (    +1.0  DAYS MAXS  1 ITS) (25-MAY-2019)      
  PAV=   200.3  BARSA  WCT=0.000 GOR=   601.56  SM3/SM3 WGR=   0.0000  SM3/SM3   

 STEP  207 TIME=    206.00  DAYS (    +1.0  DAYS MAXS  1 ITS) (26-MAY-2019)      
  PAV=   199.8  BARSA  WCT=0.000 GOR=   607.99  SM3/SM3 WGR=   0.0000  SM3/SM3   

 STEP  208 TIME=    207.00  DAYS (    +1.0  DAYS MAXS  1 ITS) (27-MAY-2019)      
  PAV=   199.2  BARSA  WCT=0.000 GOR=   614.40  SM3/SM3 WGR=   0.0000  SM3/SM3   

 STEP  209 TIME=    208.00  DAYS (    +1.0  DAYS MAXS  1 ITS) (28-MAY-2019)      
  PAV=   198.7  BARSA  WCT=0.000 GOR=   620.79  SM3/SM3 WGR=   0.0000  SM3/SM3   

 STEP  210 TIME=    209.00  DAYS (    +1.0  DAYS MAXS  1 ITS) (29-MAY-2019)      
  PAV=   198.2  BARSA  WCT=0.000 GOR=   627.18  SM3/SM3 WGR=   0.0000  SM3/SM3   

 STEP  211 TIME=    210.00  DAYS (    +1.0  DAYS MAXS  1 ITS) (30-MAY-2019)      
  PAV=   197.6  BARSA  WCT=0.000 GOR=   633.55  SM3/SM3 WGR=   0.0000  SM3/SM3   

 STEP  212 TIME=    211.00  DAYS (    +1.0  DAYS MAXS  1 ITS) (31-MAY-2019)      
  PAV=   197.1  BARSA  WCT=0.000 GOR=   639.95  SM3/SM3 WGR=   0.0000  SM3/SM3   

 STEP  213 TIME=    212.00  DAYS (    +1.0  DAYS MAXS  1 ITS) (1-JUN-2019)       
  PAV=   196.6  BARSA  WCT=0.000 GOR=   646.36  SM3/SM3 WGR=   0.0000  SM3/SM3   

 STEP  214 TIME=    213.00  DAYS (    +1.0  DAYS MAXS  1 ITS) (2-JUN-2019)       
  PAV=   196.0  BARSA  WCT=0.000 GOR=   653.05  SM3/SM3 WGR=   0.0000  SM3/SM3   

 STEP  215 TIME=    214.00  DAYS (    +1.0  DAYS MAXS  1 ITS) (3-JUN-2019)       
  PAV=   195.5  BARSA  WCT=0.000 GOR=   659.75  SM3/SM3 WGR=   0.0000  SM3/SM3   

 STEP  216 TIME=    215.00  DAYS (    +1.0  DAYS MAXS  1 ITS) (4-JUN-2019)       
  PAV=   195.0  BARSA  WCT=0.000 GOR=   666.38  SM3/SM3 WGR=   0.0000  SM3/SM3   

 STEP  217 TIME=    216.00  DAYS (    +1.0  DAYS MAXS  1 ITS) (5-JUN-2019)       
  PAV=   194.5  BARSA  WCT=0.000 GOR=   672.91  SM3/SM3 WGR=   0.0000  SM3/SM3   

 STEP  218 TIME=    217.00  DAYS (    +1.0  DAYS MAXS  1 ITS) (6-JUN-2019)       
  PAV=   193.9  BARSA  WCT=0.000 GOR=   679.40  SM3/SM3 WGR=   0.0000  SM3/SM3   

 STEP  219 TIME=    218.00  DAYS (    +1.0  DAYS MAXS  1 ITS) (7-JUN-2019)       
  PAV=   193.4  BARSA  WCT=0.000 GOR=   685.87  SM3/SM3 WGR=   0.0000  SM3/SM3   

 STEP  220 TIME=    219.00  DAYS (    +1.0  DAYS MAXS  1 ITS) (8-JUN-2019)       
  PAV=   192.9  BARSA  WCT=0.000 GOR=   692.34  SM3/SM3 WGR=   0.0000  SM3/SM3   

 STEP  221 TIME=    220.00  DAYS (    +1.0  DAYS MAXS  1 ITS) (9-JUN-2019)       
  PAV=   192.4  BARSA  WCT=0.000 GOR=   698.81  SM3/SM3 WGR=   0.0000  SM3/SM3   

 STEP  222 TIME=    221.00  DAYS (    +1.0  DAYS MAXS  1 ITS) (10-JUN-2019)      
  PAV=   191.9  BARSA  WCT=0.000 GOR=   705.27  SM3/SM3 WGR=   0.0000  SM3/SM3   

 STEP  223 TIME=    222.00  DAYS (    +1.0  DAYS MAXS  1 ITS) (11-JUN-2019)      
  PAV=   191.4  BARSA  WCT=0.000 GOR=   711.70  SM3/SM3 WGR=   0.0000  SM3/SM3   

 STEP  224 TIME=    223.00  DAYS (    +1.0  DAYS MAXS  1 ITS) (12-JUN-2019)      
  PAV=   190.9  BARSA  WCT=0.000 GOR=   718.15  SM3/SM3 WGR=   0.0000  SM3/SM3   

 STEP  225 TIME=    224.00  DAYS (    +1.0  DAYS MAXS  1 ITS) (13-JUN-2019)      
  PAV=   190.4  BARSA  WCT=0.000 GOR=   724.58  SM3/SM3 WGR=   0.0000  SM3/SM3   

 STEP  226 TIME=    225.00  DAYS (    +1.0  DAYS MAXS  1 ITS) (14-JUN-2019)      
  PAV=   189.9  BARSA  WCT=0.000 GOR=   731.00  SM3/SM3 WGR=   0.0000  SM3/SM3   

 STEP  227 TIME=    226.00  DAYS (    +1.0  DAYS MAXS  1 ITS) (15-JUN-2019)      
  PAV=   189.4  BARSA  WCT=0.000 GOR=   737.73  SM3/SM3 WGR=   0.0000  SM3/SM3   

 STEP  228 TIME=    227.00  DAYS (    +1.0  DAYS MAXS  1 ITS) (16-JUN-2019)      
  PAV=   188.9  BARSA  WCT=0.000 GOR=   744.34  SM3/SM3 WGR=   0.0000  SM3/SM3   

 STEP  229 TIME=    228.00  DAYS (    +1.0  DAYS MAXS  1 ITS) (17-JUN-2019)      
  PAV=   188.4  BARSA  WCT=0.000 GOR=   750.87  SM3/SM3 WGR=   0.0000  SM3/SM3   

 STEP  230 TIME=    229.00  DAYS (    +1.0  DAYS MAXS  1 ITS) (18-JUN-2019)      
  PAV=   188.0  BARSA  WCT=0.000 GOR=   757.28  SM3/SM3 WGR=   0.0000  SM3/SM3   

 STEP  231 TIME=    230.00  DAYS (    +1.0  DAYS MAXS  1 ITS) (19-JUN-2019)      
  PAV=   187.5  BARSA  WCT=0.000 GOR=   763.65  SM3/SM3 WGR=   0.0000  SM3/SM3   

 STEP  232 TIME=    231.00  DAYS (    +1.0  DAYS MAXS  1 ITS) (20-JUN-2019)      
  PAV=   187.0  BARSA  WCT=0.000 GOR=   769.97  SM3/SM3 WGR=   0.0000  SM3/SM3   

 STEP  233 TIME=    232.00  DAYS (    +1.0  DAYS MAXS  1 ITS) (21-JUN-2019)      
  PAV=   186.5  BARSA  WCT=0.000 GOR=   776.24  SM3/SM3 WGR=   0.0000  SM3/SM3   

 STEP  234 TIME=    233.00  DAYS (    +1.0  DAYS MAXS  1 ITS) (22-JUN-2019)      
  PAV=   186.1  BARSA  WCT=0.000 GOR=   782.48  SM3/SM3 WGR=   0.0000  SM3/SM3   

 STEP  235 TIME=    234.00  DAYS (    +1.0  DAYS MAXS  1 ITS) (23-JUN-2019)      
  PAV=   185.6  BARSA  WCT=0.000 GOR=   788.68  SM3/SM3 WGR=   0.0000  SM3/SM3   

 STEP  236 TIME=    235.00  DAYS (    +1.0  DAYS MAXS  1 ITS) (24-JUN-2019)      
  PAV=   185.1  BARSA  WCT=0.000 GOR=   794.87  SM3/SM3 WGR=   0.0000  SM3/SM3   

 STEP  237 TIME=    236.00  DAYS (    +1.0  DAYS MAXS  1 ITS) (25-JUN-2019)      
  PAV=   184.7  BARSA  WCT=0.000 GOR=   801.03  SM3/SM3 WGR=   0.0000  SM3/SM3   

 STEP  238 TIME=    237.00  DAYS (    +1.0  DAYS MAXS  1 ITS) (26-JUN-2019)      
  PAV=   184.2  BARSA  WCT=0.000 GOR=   807.18  SM3/SM3 WGR=   0.0000  SM3/SM3   

 STEP  239 TIME=    238.00  DAYS (    +1.0  DAYS MAXS  1 ITS) (27-JUN-2019)      
  PAV=   183.8  BARSA  WCT=0.000 GOR=   813.32  SM3/SM3 WGR=   0.0000  SM3/SM3   

 STEP  240 TIME=    239.00  DAYS (    +1.0  DAYS MAXS  1 ITS) (28-JUN-2019)      
  PAV=   183.3  BARSA  WCT=0.000 GOR=   819.41  SM3/SM3 WGR=   0.0000  SM3/SM3   

 STEP  241 TIME=    240.00  DAYS (    +1.0  DAYS MAXS  1 ITS) (29-JUN-2019)      
  PAV=   182.9  BARSA  WCT=0.000 GOR=   825.78  SM3/SM3 WGR=   0.0000  SM3/SM3   

 STEP  242 TIME=    241.00  DAYS (    +1.0  DAYS MAXS  1 ITS) (30-JUN-2019)      
  PAV=   182.4  BARSA  WCT=0.000 GOR=   832.02  SM3/SM3 WGR=   0.0000  SM3/SM3   

 STEP  243 TIME=    242.00  DAYS (    +1.0  DAYS REPT  1 ITS) (1-JLY-2019)       
  PAV=   182.0  BARSA  WCT=0.000 GOR=   838.17  SM3/SM3 WGR=   0.0000  SM3/SM3   

 @--MESSAGE  AT TIME      242.0   DAYS    ( 1-JLY-2019):
 @           RESTART FILE WRITTEN   REPORT     5                             
 @           RESTART INCLUDES FLUIDS IN PLACE                                
 @                            BUBBLE AND DEW POINT PRESSURES                 
1                             **********************************************************************   6
  SIMULATE AT    242.00  DAYS *                                                                        * ECLIPSE  VERSION 2019.1     
  REPORT   5     1 JLY 2019   *  RUN                                                                   * RUN AT 17:25 ON 04 NOV 2022 
                              **************************************************************************

 STEP  244 TIME=    243.00  DAYS (    +1.0  DAYS MAXS  1 ITS) (2-JLY-2019)       
  PAV=   181.5  BARSA  WCT=0.000 GOR=   844.21  SM3/SM3 WGR=   0.0000  SM3/SM3   

 STEP  245 TIME=    244.00  DAYS (    +1.0  DAYS MAXS  1 ITS) (3-JLY-2019)       
  PAV=   181.1  BARSA  WCT=0.000 GOR=   850.17  SM3/SM3 WGR=   0.0000  SM3/SM3   

 STEP  246 TIME=    245.00  DAYS (    +1.0  DAYS MAXS  1 ITS) (4-JLY-2019)       
  PAV=   180.7  BARSA  WCT=0.000 GOR=   856.09  SM3/SM3 WGR=   0.0000  SM3/SM3   

 STEP  247 TIME=    246.00  DAYS (    +1.0  DAYS MAXS  1 ITS) (5-JLY-2019)       
  PAV=   180.2  BARSA  WCT=0.000 GOR=   861.95  SM3/SM3 WGR=   0.0000  SM3/SM3   

 STEP  248 TIME=    247.00  DAYS (    +1.0  DAYS MAXS  1 ITS) (6-JLY-2019)       
  PAV=   179.8  BARSA  WCT=0.000 GOR=   867.76  SM3/SM3 WGR=   0.0000  SM3/SM3   

 STEP  249 TIME=    248.00  DAYS (    +1.0  DAYS MAXS  1 ITS) (7-JLY-2019)       
  PAV=   179.4  BARSA  WCT=0.000 GOR=   873.51  SM3/SM3 WGR=   0.0000  SM3/SM3   

 STEP  250 TIME=    249.00  DAYS (    +1.0  DAYS MAXS  1 ITS) (8-JLY-2019)       
  PAV=   179.0  BARSA  WCT=0.000 GOR=   879.21  SM3/SM3 WGR=   0.0000  SM3/SM3   

 STEP  251 TIME=    250.00  DAYS (    +1.0  DAYS MAXS  1 ITS) (9-JLY-2019)       
  PAV=   178.6  BARSA  WCT=0.000 GOR=   884.84  SM3/SM3 WGR=   0.0000  SM3/SM3   

 STEP  252 TIME=    251.00  DAYS (    +1.0  DAYS MAXS  1 ITS) (10-JLY-2019)      
  PAV=   178.1  BARSA  WCT=0.000 GOR=   890.18  SM3/SM3 WGR=   0.0000  SM3/SM3   

 STEP  253 TIME=    252.00  DAYS (    +1.0  DAYS MAXS  1 ITS) (11-JLY-2019)      
  PAV=   177.7  BARSA  WCT=0.000 GOR=   895.55  SM3/SM3 WGR=   0.0000  SM3/SM3   

 STEP  254 TIME=    253.00  DAYS (    +1.0  DAYS MAXS  1 ITS) (12-JLY-2019)      
  PAV=   177.3  BARSA  WCT=0.000 GOR=   900.94  SM3/SM3 WGR=   0.0000  SM3/SM3   

 STEP  255 TIME=    254.00  DAYS (    +1.0  DAYS MAXS  1 ITS) (13-JLY-2019)      
  PAV=   176.9  BARSA  WCT=0.000 GOR=   906.27  SM3/SM3 WGR=   0.0000  SM3/SM3   

 STEP  256 TIME=    255.00  DAYS (    +1.0  DAYS MAXS  1 ITS) (14-JLY-2019)      
  PAV=   176.5  BARSA  WCT=0.000 GOR=   911.63  SM3/SM3 WGR=   0.0000  SM3/SM3   

 STEP  257 TIME=    256.00  DAYS (    +1.0  DAYS MAXS  1 ITS) (15-JLY-2019)      
  PAV=   176.1  BARSA  WCT=0.000 GOR=   917.22  SM3/SM3 WGR=   0.0000  SM3/SM3   

 STEP  258 TIME=    257.00  DAYS (    +1.0  DAYS MAXS  1 ITS) (16-JLY-2019)      
  PAV=   175.7  BARSA  WCT=0.000 GOR=   922.76  SM3/SM3 WGR=   0.0000  SM3/SM3   

 STEP  259 TIME=    258.00  DAYS (    +1.0  DAYS MAXS  1 ITS) (17-JLY-2019)      
  PAV=   175.3  BARSA  WCT=0.000 GOR=   928.16  SM3/SM3 WGR=   0.0000  SM3/SM3   

 STEP  260 TIME=    259.00  DAYS (    +1.0  DAYS MAXS  1 ITS) (18-JLY-2019)      
  PAV=   174.9  BARSA  WCT=0.000 GOR=   933.41  SM3/SM3 WGR=   0.0000  SM3/SM3   

 STEP  261 TIME=    260.00  DAYS (    +1.0  DAYS MAXS  1 ITS) (19-JLY-2019)      
  PAV=   174.5  BARSA  WCT=0.000 GOR=   938.49  SM3/SM3 WGR=   0.0000  SM3/SM3   

 STEP  262 TIME=    261.00  DAYS (    +1.0  DAYS MAXS  1 ITS) (20-JLY-2019)      
  PAV=   174.1  BARSA  WCT=0.000 GOR=   943.47  SM3/SM3 WGR=   0.0000  SM3/SM3   

 STEP  263 TIME=    262.00  DAYS (    +1.0  DAYS MAXS  1 ITS) (21-JLY-2019)      
  PAV=   173.7  BARSA  WCT=0.000 GOR=   948.35  SM3/SM3 WGR=   0.0000  SM3/SM3   

 STEP  264 TIME=    263.00  DAYS (    +1.0  DAYS MAXS  1 ITS) (22-JLY-2019)      
  PAV=   173.4  BARSA  WCT=0.000 GOR=   953.13  SM3/SM3 WGR=   0.0000  SM3/SM3   

 STEP  265 TIME=    264.00  DAYS (    +1.0  DAYS MAXS  1 ITS) (23-JLY-2019)      
  PAV=   173.0  BARSA  WCT=0.000 GOR=   957.82  SM3/SM3 WGR=   0.0000  SM3/SM3   

 STEP  266 TIME=    265.00  DAYS (    +1.0  DAYS MAXS  1 ITS) (24-JLY-2019)      
  PAV=   172.6  BARSA  WCT=0.000 GOR=   962.40  SM3/SM3 WGR=   0.0000  SM3/SM3   

 STEP  267 TIME=    266.00  DAYS (    +1.0  DAYS MAXS  1 ITS) (25-JLY-2019)      
  PAV=   172.2  BARSA  WCT=0.000 GOR=   966.90  SM3/SM3 WGR=   0.0000  SM3/SM3   

 STEP  268 TIME=    267.00  DAYS (    +1.0  DAYS MAXS  1 ITS) (26-JLY-2019)      
  PAV=   171.8  BARSA  WCT=0.000 GOR=   971.30  SM3/SM3 WGR=   0.0000  SM3/SM3   

 STEP  269 TIME=    268.00  DAYS (    +1.0  DAYS MAXS  1 ITS) (27-JLY-2019)      
  PAV=   171.5  BARSA  WCT=0.000 GOR=   975.62  SM3/SM3 WGR=   0.0000  SM3/SM3   

 STEP  270 TIME=    269.00  DAYS (    +1.0  DAYS MAXS  1 ITS) (28-JLY-2019)      
  PAV=   171.1  BARSA  WCT=0.000 GOR=   979.86  SM3/SM3 WGR=   0.0000  SM3/SM3   

 STEP  271 TIME=    270.00  DAYS (    +1.0  DAYS MAXS  1 ITS) (29-JLY-2019)      
  PAV=   170.7  BARSA  WCT=0.000 GOR=   984.01  SM3/SM3 WGR=   0.0000  SM3/SM3   

 STEP  272 TIME=    271.00  DAYS (    +1.0  DAYS MAXS  1 ITS) (30-JLY-2019)      
  PAV=   170.4  BARSA  WCT=0.000 GOR=   988.08  SM3/SM3 WGR=   0.0000  SM3/SM3   

 STEP  273 TIME=    272.00  DAYS (    +1.0  DAYS MAXS  1 ITS) (31-JLY-2019)      
  PAV=   170.0  BARSA  WCT=0.000 GOR=   992.06  SM3/SM3 WGR=   0.0000  SM3/SM3   

 STEP  274 TIME=    273.00  DAYS (    +1.0  DAYS MAXS  1 ITS) (1-AUG-2019)       
  PAV=   169.7  BARSA  WCT=0.000 GOR=   995.93  SM3/SM3 WGR=   0.0000  SM3/SM3   

 STEP  275 TIME=    274.00  DAYS (    +1.0  DAYS MAXS  1 ITS) (2-AUG-2019)       
  PAV=   169.3  BARSA  WCT=0.000 GOR=   999.91  SM3/SM3 WGR=   0.0000  SM3/SM3   

 STEP  276 TIME=    275.00  DAYS (    +1.0  DAYS MAXS  1 ITS) (3-AUG-2019)       
  PAV=   169.0  BARSA  WCT=0.000 GOR=  1003.80  SM3/SM3 WGR=   0.0000  SM3/SM3   

 STEP  277 TIME=    276.00  DAYS (    +1.0  DAYS MAXS  1 ITS) (4-AUG-2019)       
  PAV=   168.6  BARSA  WCT=0.000 GOR=  1007.57  SM3/SM3 WGR=   0.0000  SM3/SM3   

 STEP  278 TIME=    277.00  DAYS (    +1.0  DAYS MAXS  1 ITS) (5-AUG-2019)       
  PAV=   168.3  BARSA  WCT=0.000 GOR=  1011.23  SM3/SM3 WGR=   0.0000  SM3/SM3   

 STEP  279 TIME=    278.00  DAYS (    +1.0  DAYS MAXS  1 ITS) (6-AUG-2019)       
  PAV=   167.9  BARSA  WCT=0.000 GOR=  1014.76  SM3/SM3 WGR=   0.0000  SM3/SM3   

 STEP  280 TIME=    279.00  DAYS (    +1.0  DAYS MAXS  1 ITS) (7-AUG-2019)       
  PAV=   167.6  BARSA  WCT=0.000 GOR=  1018.14  SM3/SM3 WGR=   0.0000  SM3/SM3   

 STEP  281 TIME=    280.00  DAYS (    +1.0  DAYS MAXS  1 ITS) (8-AUG-2019)       
  PAV=   167.3  BARSA  WCT=0.000 GOR=  1021.42  SM3/SM3 WGR=   0.0000  SM3/SM3   

 STEP  282 TIME=    281.00  DAYS (    +1.0  DAYS MAXS  1 ITS) (9-AUG-2019)       
  PAV=   166.9  BARSA  WCT=0.000 GOR=  1024.59  SM3/SM3 WGR=   0.0000  SM3/SM3   

 STEP  283 TIME=    282.00  DAYS (    +1.0  DAYS MAXS  1 ITS) (10-AUG-2019)      
  PAV=   166.6  BARSA  WCT=0.000 GOR=  1027.63  SM3/SM3 WGR=   0.0000  SM3/SM3   

 STEP  284 TIME=    283.00  DAYS (    +1.0  DAYS MAXS  1 ITS) (11-AUG-2019)      
  PAV=   166.3  BARSA  WCT=0.000 GOR=  1030.57  SM3/SM3 WGR=   0.0000  SM3/SM3   

 STEP  285 TIME=    284.00  DAYS (    +1.0  DAYS MAXS  1 ITS) (12-AUG-2019)      
  PAV=   166.0  BARSA  WCT=0.000 GOR=  1033.39  SM3/SM3 WGR=   0.0000  SM3/SM3   

 STEP  286 TIME=    285.00  DAYS (    +1.0  DAYS MAXS  1 ITS) (13-AUG-2019)      
  PAV=   165.7  BARSA  WCT=0.000 GOR=  1036.11  SM3/SM3 WGR=   0.0000  SM3/SM3   

 STEP  287 TIME=    286.00  DAYS (    +1.0  DAYS MAXS  1 ITS) (14-AUG-2019)      
  PAV=   165.4  BARSA  WCT=0.000 GOR=  1038.72  SM3/SM3 WGR=   0.0000  SM3/SM3   

 STEP  288 TIME=    287.00  DAYS (    +1.0  DAYS MAXS  1 ITS) (15-AUG-2019)      
  PAV=   165.1  BARSA  WCT=0.000 GOR=  1041.23  SM3/SM3 WGR=   0.0000  SM3/SM3   

 STEP  289 TIME=    288.00  DAYS (    +1.0  DAYS MAXS  1 ITS) (16-AUG-2019)      
  PAV=   164.8  BARSA  WCT=0.000 GOR=  1043.61  SM3/SM3 WGR=   0.0000  SM3/SM3   

 STEP  290 TIME=    289.00  DAYS (    +1.0  DAYS MAXS  1 ITS) (17-AUG-2019)      
  PAV=   164.5  BARSA  WCT=0.000 GOR=  1045.88  SM3/SM3 WGR=   0.0000  SM3/SM3   

 STEP  291 TIME=    290.00  DAYS (    +1.0  DAYS MAXS  1 ITS) (18-AUG-2019)      
  PAV=   164.2  BARSA  WCT=0.000 GOR=  1048.01  SM3/SM3 WGR=   0.0000  SM3/SM3   

 STEP  292 TIME=    291.00  DAYS (    +1.0  DAYS MAXS  1 ITS) (19-AUG-2019)      
  PAV=   163.9  BARSA  WCT=0.000 GOR=  1050.01  SM3/SM3 WGR=   0.0000  SM3/SM3   

 STEP  293 TIME=    292.00  DAYS (    +1.0  DAYS MAXS  1 ITS) (20-AUG-2019)      
  PAV=   163.6  BARSA  WCT=0.000 GOR=  1051.89  SM3/SM3 WGR=   0.0000  SM3/SM3   

 STEP  294 TIME=    293.00  DAYS (    +1.0  DAYS MAXS  1 ITS) (21-AUG-2019)      
  PAV=   163.3  BARSA  WCT=0.000 GOR=  1053.64  SM3/SM3 WGR=   0.0000  SM3/SM3   

 STEP  295 TIME=    294.00  DAYS (    +1.0  DAYS MAXS  1 ITS) (22-AUG-2019)      
  PAV=   163.0  BARSA  WCT=0.000 GOR=  1055.24  SM3/SM3 WGR=   0.0000  SM3/SM3   

 STEP  296 TIME=    295.00  DAYS (    +1.0  DAYS MAXS  1 ITS) (23-AUG-2019)      
  PAV=   162.7  BARSA  WCT=0.000 GOR=  1056.70  SM3/SM3 WGR=   0.0000  SM3/SM3   

 STEP  297 TIME=    296.00  DAYS (    +1.0  DAYS MAXS  1 ITS) (24-AUG-2019)      
  PAV=   162.5  BARSA  WCT=0.000 GOR=  1058.04  SM3/SM3 WGR=   0.0000  SM3/SM3   

 STEP  298 TIME=    297.00  DAYS (    +1.0  DAYS MAXS  1 ITS) (25-AUG-2019)      
  PAV=   162.2  BARSA  WCT=0.000 GOR=  1059.28  SM3/SM3 WGR=   0.0000  SM3/SM3   

 STEP  299 TIME=    298.00  DAYS (    +1.0  DAYS MAXS  1 ITS) (26-AUG-2019)      
  PAV=   161.9  BARSA  WCT=0.000 GOR=  1060.40  SM3/SM3 WGR=   0.0000  SM3/SM3   

 STEP  300 TIME=    299.00  DAYS (    +1.0  DAYS MAXS  1 ITS) (27-AUG-2019)      
  PAV=   161.7  BARSA  WCT=0.000 GOR=  1061.40  SM3/SM3 WGR=   0.0000  SM3/SM3   

 STEP  301 TIME=    300.00  DAYS (    +1.0  DAYS MAXS  1 ITS) (28-AUG-2019)      
  PAV=   161.4  BARSA  WCT=0.000 GOR=  1062.29  SM3/SM3 WGR=   0.0000  SM3/SM3   

 STEP  302 TIME=    301.00  DAYS (    +1.0  DAYS MAXS  1 ITS) (29-AUG-2019)      
  PAV=   161.2  BARSA  WCT=0.000 GOR=  1063.06  SM3/SM3 WGR=   0.0000  SM3/SM3   

 STEP  303 TIME=    302.00  DAYS (    +1.0  DAYS MAXS  1 ITS) (30-AUG-2019)      
  PAV=   160.9  BARSA  WCT=0.000 GOR=  1063.69  SM3/SM3 WGR=   0.0000  SM3/SM3   

 STEP  304 TIME=    303.00  DAYS (    +1.0  DAYS MAXS  1 ITS) (31-AUG-2019)      
  PAV=   160.6  BARSA  WCT=0.000 GOR=  1064.19  SM3/SM3 WGR=   0.0000  SM3/SM3   

 STEP  305 TIME=    304.00  DAYS (    +1.0  DAYS REPT  1 ITS) (1-SEP-2019)       
  PAV=   160.4  BARSA  WCT=0.000 GOR=  1064.65  SM3/SM3 WGR=   0.0000  SM3/SM3   

 @--MESSAGE  AT TIME      304.0   DAYS    ( 1-SEP-2019):
 @           RESTART FILE WRITTEN   REPORT     6                             
 @           RESTART INCLUDES FLUIDS IN PLACE                                
 @                            BUBBLE AND DEW POINT PRESSURES                 
    76 READING END     
            8 Mbytes of storage required                         
  26.1992     KB/active cell                                     
           23 Mbytes (image size)                                

 Error summary 
 Comments               0
 Warnings               0
 Problems               0
 Errors                 0
 Bugs                   0
 Final cpu       3.36 elapsed       3.36
 Total number of time steps forced to be accepted          0
